This is pdfTeX, Version 3.14159265-2.6-1.40.21 (MiKTeX 2.9.7440 64-bit) (preloaded format=pdflatex 2020.7.3)  3 JUL 2020 01:13
entering extended mode
**"./jurnal paper.tex"
("jurnal paper.tex"
LaTeX2e <2020-02-02> patch level 5
L3 programming layer <2020-06-03> (IEEEtran.cls
Document Class: IEEEtran 2015/08/26 V1.8b by Michael Shell
-- See the "IEEEtran_HOWTO" manual for usage information.
-- http://www.michaelshell.org/tex/ieeetran/
\@IEEEtrantmpdimenA=\dimen134
\@IEEEtrantmpdimenB=\dimen135
\@IEEEtrantmpdimenC=\dimen136
\@IEEEtrantmpcountA=\count167
\@IEEEtrantmpcountB=\count168
\@IEEEtrantmpcountC=\count169
\@IEEEtrantmptoksA=\toks15
LaTeX Font Info:    Trying to load font information for OT1+ptm on input line 5
03.
("C:\Users\fengh\AppData\Local\Programs\MiKTeX 2.9\tex/latex/psnfss\ot1ptm.fd"
File: ot1ptm.fd 2001/06/04 font definitions for OT1/ptm.
)
-- Using 8.5in x 11in (letter) paper.
-- Using PDF output.
\@IEEEnormalsizeunitybaselineskip=\dimen137
-- This is a 10 point document.
\CLASSINFOnormalsizebaselineskip=\dimen138
\CLASSINFOnormalsizeunitybaselineskip=\dimen139
\IEEEnormaljot=\dimen140
LaTeX Font Info:    Font shape `OT1/ptm/bx/n' in size <5> not available
(Font)              Font shape `OT1/ptm/b/n' tried instead on input line 1090.
LaTeX Font Info:    Font shape `OT1/ptm/bx/it' in size <5> not available
(Font)              Font shape `OT1/ptm/b/it' tried instead on input line 1090.

LaTeX Font Info:    Font shape `OT1/ptm/bx/n' in size <7> not available
(Font)              Font shape `OT1/ptm/b/n' tried instead on input line 1090.
LaTeX Font Info:    Font shape `OT1/ptm/bx/it' in size <7> not available
(Font)              Font shape `OT1/ptm/b/it' tried instead on input line 1090.

LaTeX Font Info:    Font shape `OT1/ptm/bx/n' in size <8> not available
(Font)              Font shape `OT1/ptm/b/n' tried instead on input line 1090.
LaTeX Font Info:    Font shape `OT1/ptm/bx/it' in size <8> not available
(Font)              Font shape `OT1/ptm/b/it' tried instead on input line 1090.

LaTeX Font Info:    Font shape `OT1/ptm/bx/n' in size <9> not available
(Font)              Font shape `OT1/ptm/b/n' tried instead on input line 1090.
LaTeX Font Info:    Font shape `OT1/ptm/bx/it' in size <9> not available
(Font)              Font shape `OT1/ptm/b/it' tried instead on input line 1090.

LaTeX Font Info:    Font shape `OT1/ptm/bx/n' in size <10> not available
(Font)              Font shape `OT1/ptm/b/n' tried instead on input line 1090.
LaTeX Font Info:    Font shape `OT1/ptm/bx/it' in size <10> not available
(Font)              Font shape `OT1/ptm/b/it' tried instead on input line 1090.

LaTeX Font Info:    Font shape `OT1/ptm/bx/n' in size <11> not available
(Font)              Font shape `OT1/ptm/b/n' tried instead on input line 1090.
LaTeX Font Info:    Font shape `OT1/ptm/bx/it' in size <11> not available
(Font)              Font shape `OT1/ptm/b/it' tried instead on input line 1090.

LaTeX Font Info:    Font shape `OT1/ptm/bx/n' in size <12> not available
(Font)              Font shape `OT1/ptm/b/n' tried instead on input line 1090.
LaTeX Font Info:    Font shape `OT1/ptm/bx/it' in size <12> not available
(Font)              Font shape `OT1/ptm/b/it' tried instead on input line 1090.

LaTeX Font Info:    Font shape `OT1/ptm/bx/n' in size <17> not available
(Font)              Font shape `OT1/ptm/b/n' tried instead on input line 1090.
LaTeX Font Info:    Font shape `OT1/ptm/bx/it' in size <17> not available
(Font)              Font shape `OT1/ptm/b/it' tried instead on input line 1090.

LaTeX Font Info:    Font shape `OT1/ptm/bx/n' in size <20> not available
(Font)              Font shape `OT1/ptm/b/n' tried instead on input line 1090.
LaTeX Font Info:    Font shape `OT1/ptm/bx/it' in size <20> not available
(Font)              Font shape `OT1/ptm/b/it' tried instead on input line 1090.

LaTeX Font Info:    Font shape `OT1/ptm/bx/n' in size <24> not available
(Font)              Font shape `OT1/ptm/b/n' tried instead on input line 1090.
LaTeX Font Info:    Font shape `OT1/ptm/bx/it' in size <24> not available
(Font)              Font shape `OT1/ptm/b/it' tried instead on input line 1090.

\IEEEquantizedlength=\dimen141
\IEEEquantizedlengthdiff=\dimen142
\IEEEquantizedtextheightdiff=\dimen143
\IEEEilabelindentA=\dimen144
\IEEEilabelindentB=\dimen145
\IEEEilabelindent=\dimen146
\IEEEelabelindent=\dimen147
\IEEEdlabelindent=\dimen148
\IEEElabelindent=\dimen149
\IEEEiednormlabelsep=\dimen150
\IEEEiedmathlabelsep=\dimen151
\IEEEiedtopsep=\skip47
\c@section=\count170
\c@subsection=\count171
\c@subsubsection=\count172
\c@paragraph=\count173
\c@IEEEsubequation=\count174
\abovecaptionskip=\skip48
\belowcaptionskip=\skip49
\c@figure=\count175
\c@table=\count176
\@IEEEeqnnumcols=\count177
\@IEEEeqncolcnt=\count178
\@IEEEsubeqnnumrollback=\count179
\@IEEEquantizeheightA=\dimen152
\@IEEEquantizeheightB=\dimen153
\@IEEEquantizeheightC=\dimen154
\@IEEEquantizeprevdepth=\dimen155
\@IEEEquantizemultiple=\count180
\@IEEEquantizeboxA=\box45
\@IEEEtmpitemindent=\dimen156
\IEEEPARstartletwidth=\dimen157
\c@IEEEbiography=\count181
\@IEEEtranrubishbin=\box46
)
("C:\Users\fengh\AppData\Local\Programs\MiKTeX 2.9\tex/latex/graphics\epsfig.st
y"
Package: epsfig 2017/06/25 v1.7b (e)psfig emulation (SPQR)

("C:\Users\fengh\AppData\Local\Programs\MiKTeX 2.9\tex/latex/graphics\graphicx.
sty"
Package: graphicx 2019/11/30 v1.2a Enhanced LaTeX Graphics (DPC,SPQR)

("C:\Users\fengh\AppData\Local\Programs\MiKTeX 2.9\tex/latex/graphics\keyval.st
y"
Package: keyval 2014/10/28 v1.15 key=value parser (DPC)
\KV@toks@=\toks16
)
("C:\Users\fengh\AppData\Local\Programs\MiKTeX 2.9\tex/latex/graphics\graphics.
sty"
Package: graphics 2019/11/30 v1.4a Standard LaTeX Graphics (DPC,SPQR)

("C:\Users\fengh\AppData\Local\Programs\MiKTeX 2.9\tex/latex/graphics\trig.sty"
Package: trig 2016/01/03 v1.10 sin cos tan (DPC)
)
("C:\Users\fengh\AppData\Local\Programs\MiKTeX 2.9\tex/latex/graphics-cfg\graph
ics.cfg"
File: graphics.cfg 2016/06/04 v1.11 sample graphics configuration
)
Package graphics Info: Driver file: pdftex.def on input line 105.

("C:\Users\fengh\AppData\Local\Programs\MiKTeX 2.9\tex/latex/graphics-def\pdfte
x.def"
File: pdftex.def 2018/01/08 v1.0l Graphics/color driver for pdftex
))
\Gin@req@height=\dimen158
\Gin@req@width=\dimen159
)
\epsfxsize=\dimen160
\epsfysize=\dimen161
)
** ATTENTION: Overriding command lockouts (line 4).
("C:\Users\fengh\AppData\Local\Programs\MiKTeX 2.9\tex/latex/cite\cite.sty"
LaTeX Info: Redefining \cite on input line 302.
LaTeX Info: Redefining \nocite on input line 332.
Package: cite 2015/02/27  v 5.5
)
("C:\Users\fengh\AppData\Local\Programs\MiKTeX 2.9\tex/latex/amsmath\amsmath.st
y"
Package: amsmath 2020/01/20 v2.17e AMS math features
\@mathmargin=\skip50

For additional information on amsmath, use the `?' option.

("C:\Users\fengh\AppData\Local\Programs\MiKTeX 2.9\tex/latex/amsmath\amstext.st
y"
Package: amstext 2000/06/29 v2.01 AMS text

("C:\Users\fengh\AppData\Local\Programs\MiKTeX 2.9\tex/latex/amsmath\amsgen.sty
"
File: amsgen.sty 1999/11/30 v2.0 generic functions
\@emptytoks=\toks17
\ex@=\dimen162
))
("C:\Users\fengh\AppData\Local\Programs\MiKTeX 2.9\tex/latex/amsmath\amsbsy.sty
"
Package: amsbsy 1999/11/29 v1.2d Bold Symbols
\pmbraise@=\dimen163
)
("C:\Users\fengh\AppData\Local\Programs\MiKTeX 2.9\tex/latex/amsmath\amsopn.sty
"
Package: amsopn 2016/03/08 v2.02 operator names
)
\inf@bad=\count182
LaTeX Info: Redefining \frac on input line 227.
\uproot@=\count183
\leftroot@=\count184
LaTeX Info: Redefining \overline on input line 389.
\classnum@=\count185
\DOTSCASE@=\count186
LaTeX Info: Redefining \ldots on input line 486.
LaTeX Info: Redefining \dots on input line 489.
LaTeX Info: Redefining \cdots on input line 610.
\Mathstrutbox@=\box47
\strutbox@=\box48
\big@size=\dimen164
LaTeX Font Info:    Redeclaring font encoding OML on input line 733.
LaTeX Font Info:    Redeclaring font encoding OMS on input line 734.
\macc@depth=\count187
\c@MaxMatrixCols=\count188
\dotsspace@=\muskip16
\c@parentequation=\count189
\dspbrk@lvl=\count190
\tag@help=\toks18
\row@=\count191
\column@=\count192
\maxfields@=\count193
\andhelp@=\toks19
\eqnshift@=\dimen165
\alignsep@=\dimen166
\tagshift@=\dimen167
\tagwidth@=\dimen168
\totwidth@=\dimen169
\lineht@=\dimen170
\@envbody=\toks20
\multlinegap=\skip51
\multlinetaggap=\skip52
\mathdisplay@stack=\toks21
LaTeX Info: Redefining \[ on input line 2859.
LaTeX Info: Redefining \] on input line 2860.
)
("C:\Users\fengh\AppData\Local\Programs\MiKTeX 2.9\tex/latex/amsfonts\amssymb.s
ty"
Package: amssymb 2013/01/14 v3.01 AMS font symbols

("C:\Users\fengh\AppData\Local\Programs\MiKTeX 2.9\tex/latex/amsfonts\amsfonts.
sty"
Package: amsfonts 2013/01/14 v3.01 Basic AMSFonts support
\symAMSa=\mathgroup4
\symAMSb=\mathgroup5
LaTeX Font Info:    Redeclaring math symbol \hbar on input line 98.
LaTeX Font Info:    Overwriting math alphabet `\mathfrak' in version `bold'
(Font)                  U/euf/m/n --> U/euf/b/n on input line 106.
))
("C:\Users\fengh\AppData\Local\Programs\MiKTeX 2.9\tex/latex/algorithms\algorit
hmic.sty"
Package: algorithmic 2009/08/24 v0.1 Document Style `algorithmic'

("C:\Users\fengh\AppData\Local\Programs\MiKTeX 2.9\tex/latex/base\ifthen.sty"
Package: ifthen 2014/09/29 v1.1c Standard LaTeX ifthen package (DPC)
)
\c@ALC@unique=\count194
\c@ALC@line=\count195
\c@ALC@rem=\count196
\c@ALC@depth=\count197
\ALC@tlm=\skip53
\algorithmicindent=\skip54
) ("C:\Users\fengh\AppData\Local\Programs\MiKTeX 2.9\tex/latex/base\textcomp.st
y"
Package: textcomp 2020/02/02 v2.0n Standard LaTeX package
)
("C:\Users\fengh\AppData\Local\Programs\MiKTeX 2.9\tex/latex/xcolor\xcolor.sty"
Package: xcolor 2016/05/11 v2.12 LaTeX color extensions (UK)

("C:\Users\fengh\AppData\Local\Programs\MiKTeX 2.9\tex/latex/graphics-cfg\color
.cfg"
File: color.cfg 2016/01/02 v1.6 sample color configuration
)
Package xcolor Info: Driver file: pdftex.def on input line 225.
Package xcolor Info: Model `cmy' substituted by `cmy0' on input line 1348.
Package xcolor Info: Model `hsb' substituted by `rgb' on input line 1352.
Package xcolor Info: Model `RGB' extended on input line 1364.
Package xcolor Info: Model `HTML' substituted by `rgb' on input line 1366.
Package xcolor Info: Model `Hsb' substituted by `hsb' on input line 1367.
Package xcolor Info: Model `tHsb' substituted by `hsb' on input line 1368.
Package xcolor Info: Model `HSB' substituted by `hsb' on input line 1369.
Package xcolor Info: Model `Gray' substituted by `gray' on input line 1370.
Package xcolor Info: Model `wave' substituted by `hsb' on input line 1371.
)
("C:\Users\fengh\AppData\Local\Programs\MiKTeX 2.9\tex/latex/multirow\multirow.
sty"
Package: multirow 2019/05/31 v2.5 Span multiple rows of a table
\multirow@colwidth=\skip55
\multirow@cntb=\count198
\multirow@dima=\skip56
\bigstrutjot=\dimen171
)
("C:\Users\fengh\AppData\Local\Programs\MiKTeX 2.9\tex/latex/l3backend\l3backen
d-pdfmode.def"
File: l3backend-pdfmode.def 2020-06-03 L3 backend support: PDF mode
\l__kernel_color_stack_int=\count199
\l__pdf_internal_box=\box49
) ("jurnal paper.aux"

LaTeX Warning: Label `room' multiply defined.


LaTeX Warning: Label `nao_body' multiply defined.


LaTeX Warning: Label `griper' multiply defined.


LaTeX Warning: Label `module' multiply defined.


LaTeX Warning: Label `stft' multiply defined.


LaTeX Warning: Label `warmup' multiply defined.


LaTeX Warning: Label `song' multiply defined.

)
\openout1 = `"jurnal paper.aux"'.

LaTeX Font Info:    Checking defaults for OML/cmm/m/it on input line 15.
LaTeX Font Info:    ... okay on input line 15.
LaTeX Font Info:    Checking defaults for OMS/cmsy/m/n on input line 15.
LaTeX Font Info:    ... okay on input line 15.
LaTeX Font Info:    Checking defaults for OT1/cmr/m/n on input line 15.
LaTeX Font Info:    ... okay on input line 15.
LaTeX Font Info:    Checking defaults for T1/cmr/m/n on input line 15.
LaTeX Font Info:    ... okay on input line 15.
LaTeX Font Info:    Checking defaults for TS1/cmr/m/n on input line 15.
LaTeX Font Info:    ... okay on input line 15.
LaTeX Font Info:    Checking defaults for OMX/cmex/m/n on input line 15.
LaTeX Font Info:    ... okay on input line 15.
LaTeX Font Info:    Checking defaults for U/cmr/m/n on input line 15.
LaTeX Font Info:    ... okay on input line 15.

-- Lines per column: 56 (exact).

("C:\Users\fengh\AppData\Local\Programs\MiKTeX 2.9\tex/context/base/mkii\supp-p
df.mkii"
[Loading MPS to PDF converter (version 2006.09.02).]
\scratchcounter=\count266
\scratchdimen=\dimen172
\scratchbox=\box50
\nofMPsegments=\count267
\nofMParguments=\count268
\everyMPshowfont=\toks22
\MPscratchCnt=\count269
\MPscratchDim=\dimen173
\MPnumerator=\count270
\makeMPintoPDFobject=\count271
\everyMPtoPDFconversion=\toks23
)
("C:\Users\fengh\AppData\Local\Programs\MiKTeX 2.9\tex/latex/epstopdf-pkg\epsto
pdf-base.sty"
Package: epstopdf-base 2020-01-24 v2.11 Base part for package epstopdf
Package epstopdf-base Info: Redefining graphics rule for `.eps' on input line 4
85.
)
LaTeX Font Info:    Trying to load font information for U+msa on input line 37.


("C:\Users\fengh\AppData\Local\Programs\MiKTeX 2.9\tex/latex/amsfonts\umsa.fd"
File: umsa.fd 2013/01/14 v3.01 AMS symbols A
)
LaTeX Font Info:    Trying to load font information for U+msb on input line 37.

("C:\Users\fengh\AppData\Local\Programs\MiKTeX 2.9\tex/latex/amsfonts\umsb.fd"
File: umsb.fd 2013/01/14 v3.01 AMS symbols B
)
LaTeX Font Info:    Calculating math sizes for size <11> on input line 37.

Underfull \hbox (badness 1629) in paragraph at lines 80--85
\OT1/ptm/m/n/10 II presents some re-lated works con-cern-ing human-robot
 []


Underfull \hbox (badness 1571) in paragraph at lines 80--85
\OT1/ptm/m/n/10 in-ter-ac-tion in mul-ti-ple in-ter-ven-tion meth-ods. Sec-tion
 III
 []


Underfull \hbox (badness 10000) in paragraph at lines 80--85

 []

[1{C:/Users/fengh/AppData/Local/MiKTeX/2.9/pdftex/config/pdftex.map}


]
Underfull \hbox (badness 10000) in paragraph at lines 114--120

 []


Underfull \hbox (badness 10000) in paragraph at lines 122--127

 []

Package epstopdf Info: Source file: <./fig/room_pana.eps>
(epstopdf)                    date: 2019-08-31 23:33:37
(epstopdf)                    size: 6265013 bytes
(epstopdf)             Output file: <./fig/room_pana-eps-converted-to.pdf>
(epstopdf)                    date: 2019-08-31 23:33:37
(epstopdf)                    size: 54123 bytes
(epstopdf)             Command: <epstopdf --outfile=./fig/room_pana-eps-convert
ed-to.pdf ./fig/room_pana.eps>
(epstopdf)             \includegraphics on input line 138.
Package epstopdf Info: Output file is already uptodate.


pdfTeX warning: pdflatex.exe (file ./fig/room_pana-eps-converted-to.pdf): PDF i
nclusion: found PDF version <1.7>, but at most version <1.5> allowed
<./fig/room_pana-eps-converted-to.pdf, id=9, 1926.19624pt x 531.9875pt>
File: ./fig/room_pana-eps-converted-to.pdf Graphic file (type pdf)
<use ./fig/room_pana-eps-converted-to.pdf>
Package pdftex.def Info: ./fig/room_pana-eps-converted-to.pdf  used on input li
ne 138.
(pdftex.def)             Requested size: 481.54788pt x 132.99655pt.

Underfull \hbox (badness 1371) in paragraph at lines 144--149
\OT1/ptm/m/n/10 par-tic-i-pants in or-der to avoid dis-trac-tion while ses-sion
s
 []


Underfull \hbox (badness 10000) in paragraph at lines 144--149

 []


Underfull \hbox (badness 10000) in paragraph at lines 151--163

 []

Package epstopdf Info: Source file: <./fig/naobody.eps>
(epstopdf)                    date: 2019-08-31 23:33:37
(epstopdf)                    size: 1573504 bytes
(epstopdf)             Output file: <./fig/naobody-eps-converted-to.pdf>
(epstopdf)                    date: 2019-08-31 23:33:37
(epstopdf)                    size: 37386 bytes
(epstopdf)             Command: <epstopdf --outfile=./fig/naobody-eps-converted
-to.pdf ./fig/naobody.eps>
(epstopdf)             \includegraphics on input line 167.
Package epstopdf Info: Output file is already uptodate.


pdfTeX warning: pdflatex.exe (file ./fig/naobody-eps-converted-to.pdf): PDF inc
lusion: found PDF version <1.7>, but at most version <1.5> allowed
<./fig/naobody-eps-converted-to.pdf, id=10, 524.96124pt x 488.82625pt>
File: ./fig/naobody-eps-converted-to.pdf Graphic file (type pdf)
<use ./fig/naobody-eps-converted-to.pdf>
Package pdftex.def Info: ./fig/naobody-eps-converted-to.pdf  used on input line
 167.
(pdftex.def)             Requested size: 209.98077pt x 195.52702pt.

Underfull \hbox (badness 10000) in paragraph at lines 180--185

 []


Underfull \hbox (badness 10000) in paragraph at lines 187--190

 []


Underfull \hbox (badness 10000) in paragraph at lines 192--202

 []

[2]
Underfull \hbox (badness 10000) in paragraph at lines 204--206

 []

Package epstopdf Info: Source file: <./fig/grip.eps>
(epstopdf)                    date: 2019-08-31 23:33:37
(epstopdf)                    size: 1069495 bytes
(epstopdf)             Output file: <./fig/grip-eps-converted-to.pdf>
(epstopdf)                    date: 2019-08-31 23:33:37
(epstopdf)                    size: 12905 bytes
(epstopdf)             Command: <epstopdf --outfile=./fig/grip-eps-converted-to
.pdf ./fig/grip.eps>
(epstopdf)             \includegraphics on input line 210.
Package epstopdf Info: Output file is already uptodate.


pdfTeX warning: pdflatex.exe (file ./fig/grip-eps-converted-to.pdf): PDF inclus
ion: found PDF version <1.7>, but at most version <1.5> allowed
<./fig/grip-eps-converted-to.pdf, id=14, 481.8pt x 361.35pt>
File: ./fig/grip-eps-converted-to.pdf Graphic file (type pdf)
<use ./fig/grip-eps-converted-to.pdf>
Package pdftex.def Info: ./fig/grip-eps-converted-to.pdf  used on input line 21
0.
(pdftex.def)             Requested size: 192.71658pt x 144.53743pt.

Underfull \hbox (badness 10000) in paragraph at lines 217--219

 []

Package epstopdf Info: Source file: <./fig/front_view.eps>
(epstopdf)                    date: 2019-08-31 23:33:37
(epstopdf)                    size: 1069501 bytes
(epstopdf)             Output file: <./fig/front_view-eps-converted-to.pdf>
(epstopdf)                    date: 2019-08-31 23:33:37
(epstopdf)                    size: 16843 bytes
(epstopdf)             Command: <epstopdf --outfile=./fig/front_view-eps-conver
ted-to.pdf ./fig/front_view.eps>
(epstopdf)             \includegraphics on input line 223.
Package epstopdf Info: Output file is already uptodate.


pdfTeX warning: pdflatex.exe (file ./fig/front_view-eps-converted-to.pdf): PDF 
inclusion: found PDF version <1.7>, but at most version <1.5> allowed
<./fig/front_view-eps-converted-to.pdf, id=15, 481.8pt x 361.35pt>
File: ./fig/front_view-eps-converted-to.pdf Graphic file (type pdf)
<use ./fig/front_view-eps-converted-to.pdf>
Package pdftex.def Info: ./fig/front_view-eps-converted-to.pdf  used on input l
ine 223.
(pdftex.def)             Requested size: 192.71658pt x 144.53743pt.
[3 <./fig/room_pana-eps-converted-to.pdf> <./fig/naobody-eps-converted-to.pdf> 
<./fig/grip-eps-converted-to.pdf> <./fig/front_view-eps-converted-to.pdf>]
Underfull \hbox (badness 10000) in paragraph at lines 246--257

 []


Underfull \hbox (badness 10000) in paragraph at lines 262--266

 []

Package epstopdf Info: Source file: <./fig/module_blocks.eps>
(epstopdf)                    date: 2019-08-31 23:33:37
(epstopdf)                    size: 2061658 bytes
(epstopdf)             Output file: <./fig/module_blocks-eps-converted-to.pdf>
(epstopdf)                    date: 2019-08-31 23:33:37
(epstopdf)                    size: 33151 bytes
(epstopdf)             Command: <epstopdf --outfile=./fig/module_blocks-eps-con
verted-to.pdf ./fig/module_blocks.eps>
(epstopdf)             \includegraphics on input line 270.
Package epstopdf Info: Output file is already uptodate.


pdfTeX warning: pdflatex.exe (file ./fig/module_blocks-eps-converted-to.pdf): P
DF inclusion: found PDF version <1.7>, but at most version <1.5> allowed
<./fig/module_blocks-eps-converted-to.pdf, id=31, 777.90625pt x 432.61626pt>
File: ./fig/module_blocks-eps-converted-to.pdf Graphic file (type pdf)
<use ./fig/module_blocks-eps-converted-to.pdf>
Package pdftex.def Info: ./fig/module_blocks-eps-converted-to.pdf  used on inpu
t line 270.
(pdftex.def)             Requested size: 233.37367pt x 129.78587pt.

Underfull \hbox (badness 10000) in paragraph at lines 277--283

 []


Underfull \hbox (badness 10000) in paragraph at lines 286--294

 []

Package epstopdf Info: Source file: <./fig/color_detection.eps>
(epstopdf)                    date: 2019-08-31 23:33:37
(epstopdf)                    size: 753666 bytes
(epstopdf)             Output file: <./fig/color_detection-eps-converted-to.pdf
>
(epstopdf)                    date: 2019-08-31 23:33:37
(epstopdf)                    size: 17317 bytes
(epstopdf)             Command: <epstopdf --outfile=./fig/color_detection-eps-c
onverted-to.pdf ./fig/color_detection.eps>
(epstopdf)             \includegraphics on input line 298.
Package epstopdf Info: Output file is already uptodate.


pdfTeX warning: pdflatex.exe (file ./fig/color_detection-eps-converted-to.pdf):
 PDF inclusion: found PDF version <1.7>, but at most version <1.5> allowed
<./fig/color_detection-eps-converted-to.pdf, id=32, 638.385pt x 191.71625pt>
File: ./fig/color_detection-eps-converted-to.pdf Graphic file (type pdf)
<use ./fig/color_detection-eps-converted-to.pdf>
Package pdftex.def Info: ./fig/color_detection-eps-converted-to.pdf  used on in
put line 298.
(pdftex.def)             Requested size: 223.43808pt x 67.10168pt.

Underfull \hbox (badness 10000) in paragraph at lines 307--314

 []


Underfull \hbox (badness 10000) in paragraph at lines 316--321

 []

[4 <./fig/module_blocks-eps-converted-to.pdf> <./fig/color_detection-eps-conver
ted-to.pdf>]
Underfull \hbox (badness 10000) in paragraph at lines 330--339

 []


Underfull \hbox (badness 10000) in paragraph at lines 340--342

 []


Underfull \hbox (badness 10000) in paragraph at lines 343--349

 []


Underfull \hbox (badness 10000) in paragraph at lines 350--351

 []


Underfull \hbox (badness 10000) in paragraph at lines 352--356

 []

Package epstopdf Info: Source file: <./fig/stft.eps>
(epstopdf)                    date: 2019-08-31 23:33:37
(epstopdf)                    size: 1888707 bytes
(epstopdf)             Output file: <./fig/stft-eps-converted-to.pdf>
(epstopdf)                    date: 2019-08-31 23:33:37
(epstopdf)                    size: 29334 bytes
(epstopdf)             Command: <epstopdf --outfile=./fig/stft-eps-converted-to
.pdf ./fig/stft.eps>
(epstopdf)             \includegraphics on input line 360.
Package epstopdf Info: Output file is already uptodate.


pdfTeX warning: pdflatex.exe (file ./fig/stft-eps-converted-to.pdf): PDF inclus
ion: found PDF version <1.7>, but at most version <1.5> allowed
<./fig/stft-eps-converted-to.pdf, id=42, 252.945pt x 188.705pt>
File: ./fig/stft-eps-converted-to.pdf Graphic file (type pdf)
<use ./fig/stft-eps-converted-to.pdf>
Package pdftex.def Info: ./fig/stft-eps-converted-to.pdf  used on input line 36
0.
(pdftex.def)             Requested size: 252.94438pt x 188.70453pt.

Overfull \hbox (12.9444pt too wide) in paragraph at lines 359--362
 [] 
 []


Underfull \hbox (badness 10000) in paragraph at lines 367--370

 []


Underfull \hbox (badness 10000) in paragraph at lines 371--375

 []


Underfull \hbox (badness 10000) in paragraph at lines 376--378

 []


Underfull \hbox (badness 10000) in paragraph at lines 376--378

 []


Underfull \vbox (badness 5147) has occurred while \output is active []


Underfull \hbox (badness 10000) in paragraph at lines 388--390

 []


Underfull \hbox (badness 10000) in paragraph at lines 391--392

 []


Underfull \hbox (badness 10000) in paragraph at lines 393--397

 []


Underfull \hbox (badness 10000) in paragraph at lines 406--414

 []

[5 <./fig/stft-eps-converted-to.pdf>]
Package epstopdf Info: Source file: <./fig/warm.eps>
(epstopdf)                    date: 2020-05-15 19:05:12
(epstopdf)                    size: 3917375 bytes
(epstopdf)             Output file: <./fig/warm-eps-converted-to.pdf>
(epstopdf)                    date: 2020-05-15 19:05:33
(epstopdf)                    size: 45766 bytes
(epstopdf)             Command: <epstopdf --outfile=./fig/warm-eps-converted-to
.pdf ./fig/warm.eps>
(epstopdf)             \includegraphics on input line 418.
Package epstopdf Info: Output file is already uptodate.


pdfTeX warning: pdflatex.exe (file ./fig/warm-eps-converted-to.pdf): PDF inclus
ion: found PDF version <1.7>, but at most version <1.5> allowed
<./fig/warm-eps-converted-to.pdf, id=57, 491.8375pt x 204.765pt>
File: ./fig/warm-eps-converted-to.pdf Graphic file (type pdf)
<use ./fig/warm-eps-converted-to.pdf>
Package pdftex.def Info: ./fig/warm-eps-converted-to.pdf  used on input line 41
8.
(pdftex.def)             Requested size: 491.83629pt x 204.76448pt.
Package epstopdf Info: Source file: <./fig/song.eps>
(epstopdf)                    date: 2020-05-15 19:03:29
(epstopdf)                    size: 3706875 bytes
(epstopdf)             Output file: <./fig/song-eps-converted-to.pdf>
(epstopdf)                    date: 2020-05-15 19:03:51
(epstopdf)                    size: 46755 bytes
(epstopdf)             Command: <epstopdf --outfile=./fig/song-eps-converted-to
.pdf ./fig/song.eps>
(epstopdf)             \includegraphics on input line 445.
Package epstopdf Info: Output file is already uptodate.


pdfTeX warning: pdflatex.exe (file ./fig/song-eps-converted-to.pdf): PDF inclus
ion: found PDF version <1.7>, but at most version <1.5> allowed
<./fig/song-eps-converted-to.pdf, id=58, 465.74pt x 204.765pt>
File: ./fig/song-eps-converted-to.pdf Graphic file (type pdf)
<use ./fig/song-eps-converted-to.pdf>
Package pdftex.def Info: ./fig/song-eps-converted-to.pdf  used on input line 44
5.
(pdftex.def)             Requested size: 489.02722pt x 215.00333pt.

Underfull \hbox (badness 1466) in paragraph at lines 563--573
\OT1/ptm/m/n/10 ac-tiv-i-ties dif-fer-ent bio-reaction were com-pletely op-po-s
ite
 []


Underfull \hbox (badness 10000) in paragraph at lines 563--573

 []

[6] [7 <./fig/warm-eps-converted-to.pdf> <./fig/song-eps-converted-to.pdf>]
Underfull \hbox (badness 10000) in paragraph at lines 631--649

 []

[8]
! Undefined control sequence.
l.655 		\toprule
                
The control sequence at the end of the top line
of your error message was never \def'ed. If you have
misspelled it (e.g., `\hobx'), type `I' and the correct
spelling (e.g., `I\hbox'). Otherwise just continue,
and I'll forget about whatever was undefined.

! Undefined control sequence.
<recently read> \midrule 
                         
l.657 		\midrule
                
The control sequence at the end of the top line
of your error message was never \def'ed. If you have
misspelled it (e.g., `\hobx'), type `I' and the correct
spelling (e.g., `I\hbox'). Otherwise just continue,
and I'll forget about whatever was undefined.

! Undefined control sequence.
<recently read> \midrule 
                         
l.667 		\midrule
                
The control sequence at the end of the top line
of your error message was never \def'ed. If you have
misspelled it (e.g., `\hobx'), type `I' and the correct
spelling (e.g., `I\hbox'). Otherwise just continue,
and I'll forget about whatever was undefined.

! Undefined control sequence.
<recently read> \cmidrule 
                          
l.674 		\cmidrule
                 {1-1}\cmidrule{3-5}    \multirow{6}[2]{*}{3} &       & \mul...
The control sequence at the end of the top line
of your error message was never \def'ed. If you have
misspelled it (e.g., `\hobx'), type `I' and the correct
spelling (e.g., `I\hbox'). Otherwise just continue,
and I'll forget about whatever was undefined.

! Undefined control sequence.
l.674 		\cmidrule{1-1}\cmidrule
                               {3-5}    \multirow{6}[2]{*}{3} &       & \mul...
The control sequence at the end of the top line
of your error message was never \def'ed. If you have
misspelled it (e.g., `\hobx'), type `I' and the correct
spelling (e.g., `I\hbox'). Otherwise just continue,
and I'll forget about whatever was undefined.

! Undefined control sequence.
<recently read> \cmidrule 
                          
l.680 		\cmidrule
                 {1-1}\cmidrule{3-5}    \multirow{6}[2]{*}{4} &       & \mul...
The control sequence at the end of the top line
of your error message was never \def'ed. If you have
misspelled it (e.g., `\hobx'), type `I' and the correct
spelling (e.g., `I\hbox'). Otherwise just continue,
and I'll forget about whatever was undefined.

! Undefined control sequence.
l.680 		\cmidrule{1-1}\cmidrule
                               {3-5}    \multirow{6}[2]{*}{4} &       & \mul...
The control sequence at the end of the top line
of your error message was never \def'ed. If you have
misspelled it (e.g., `\hobx'), type `I' and the correct
spelling (e.g., `I\hbox'). Otherwise just continue,
and I'll forget about whatever was undefined.

! Undefined control sequence.
<recently read> \cmidrule 
                          
l.686 		\cmidrule
                 {1-1}\cmidrule{3-5}    \multirow{6}[2]{*}{5} &       & \mul...
The control sequence at the end of the top line
of your error message was never \def'ed. If you have
misspelled it (e.g., `\hobx'), type `I' and the correct
spelling (e.g., `I\hbox'). Otherwise just continue,
and I'll forget about whatever was undefined.

! Undefined control sequence.
l.686 		\cmidrule{1-1}\cmidrule
                               {3-5}    \multirow{6}[2]{*}{5} &       & \mul...
The control sequence at the end of the top line
of your error message was never \def'ed. If you have
misspelled it (e.g., `\hobx'), type `I' and the correct
spelling (e.g., `I\hbox'). Otherwise just continue,
and I'll forget about whatever was undefined.

! Undefined control sequence.
<recently read> \midrule 
                         
l.692 		\midrule
                
The control sequence at the end of the top line
of your error message was never \def'ed. If you have
misspelled it (e.g., `\hobx'), type `I' and the correct
spelling (e.g., `I\hbox'). Otherwise just continue,
and I'll forget about whatever was undefined.

! Undefined control sequence.
<recently read> \bottomrule 
                            
l.700 		\bottomrule
                   
The control sequence at the end of the top line
of your error message was never \def'ed. If you have
misspelled it (e.g., `\hobx'), type `I' and the correct
spelling (e.g., `I\hbox'). Otherwise just continue,
and I'll forget about whatever was undefined.


Overfull \hbox (795.04184pt too wide) in paragraph at lines 654--703
 [][][] 
 []

("jurnal paper.bbl" [9])

** Conference Paper **
Before submitting the final camera ready copy, remember to:

 1. Manually equalize the lengths of two columns on the last page
 of your paper;

 2. Ensure that any PostScript and/or PDF output post-processing
 uses only Type 1 fonts and that every step in the generation
 process uses the appropriate paper size.

[10

] ("jurnal paper.aux")

LaTeX Warning: There were multiply-defined labels.

 ) 
Here is how much of TeX's memory you used:
 4055 strings out of 480797
 60539 string characters out of 2895576
 326671 words of memory out of 3000000
 20005 multiletter control sequences out of 15000+200000
 578024 words of font info for 117 fonts, out of 3000000 for 9000
 1141 hyphenation exceptions out of 8191
 38i,18n,37p,450b,327s stack positions out of 5000i,500n,10000p,200000b,50000s
{C:/Users/fengh/AppData/Local/Programs/MiKTeX 2.9/fonts/enc/dvips/base/8r.enc
}<C:/Users/fengh/AppData/Local/Programs/MiKTeX 2.9/fonts/type1/public/amsfonts/
cm/cmex10.pfb><C:/Users/fengh/AppData/Local/Programs/MiKTeX 2.9/fonts/type1/pub
lic/amsfonts/cm/cmmi10.pfb><C:/Users/fengh/AppData/Local/Programs/MiKTeX 2.9/fo
nts/type1/public/amsfonts/cm/cmmi5.pfb><C:/Users/fengh/AppData/Local/Programs/M
iKTeX 2.9/fonts/type1/public/amsfonts/cm/cmmi7.pfb><C:/Users/fengh/AppData/Loca
l/Programs/MiKTeX 2.9/fonts/type1/public/amsfonts/cm/cmr10.pfb><C:/Users/fengh/
AppData/Local/Programs/MiKTeX 2.9/fonts/type1/public/amsfonts/cm/cmr7.pfb><C:/U
sers/fengh/AppData/Local/Programs/MiKTeX 2.9/fonts/type1/public/amsfonts/cm/cms
y10.pfb><C:/Users/fengh/AppData/Local/Programs/MiKTeX 2.9/fonts/type1/public/am
sfonts/cm/cmsy7.pfb><C:/Users/fengh/AppData/Local/Programs/MiKTeX 2.9/fonts/typ
e1/urw/times/utmb8a.pfb><C:/Users/fengh/AppData/Local/Programs/MiKTeX 2.9/fonts
/type1/urw/times/utmbi8a.pfb><C:/Users/fengh/AppData/Local/Programs/MiKTeX 2.9/
fonts/type1/urw/times/utmr8a.pfb><C:/Users/fengh/AppData/Local/Programs/MiKTeX 
2.9/fonts/type1/urw/times/utmri8a.pfb>
Output written on "jurnal paper.pdf" (10 pages, 456945 bytes).
PDF statistics:
 120 PDF objects out of 1000 (max. 8388607)
 0 named destinations out of 1000 (max. 500000)
 46 words of extra memory for PDF output out of 10000 (max. 10000000)

