This is pdfTeX, Version 3.14159265-2.6-1.40.20 (MiKTeX 2.9.7140 64-bit) (preloaded format=pdflatex 2020.3.10)  20 MAR 2020 21:46
entering extended mode
**./Transactions_on_Affective_Computing.tex
(Transactions_on_Affective_Computing.tex
LaTeX2e <2018-12-01>
(IEEEtran.cls
Document Class: IEEEtran 2015/08/26 V1.8b by Michael Shell
-- See the "IEEEtran_HOWTO" manual for usage information.
-- http://www.michaelshell.org/tex/ieeetran/
\@IEEEtrantmpdimenA=\dimen102
\@IEEEtrantmpdimenB=\dimen103
\@IEEEtrantmpdimenC=\dimen104
\@IEEEtrantmpcountA=\count80
\@IEEEtrantmpcountB=\count81
\@IEEEtrantmpcountC=\count82
\@IEEEtrantmptoksA=\toks14
LaTeX Font Info:    Try loading font information for OT1+ppl on input line 503.

("C:\Users\fengh\AppData\Local\Programs\MiKTeX 2.9\tex/latex/psnfss\ot1ppl.fd"
File: ot1ppl.fd 2001/06/04 font definitions for OT1/ppl.
)
-- Using IEEE Computer Society mode.
-- Using 8.5in x 11in (letter) paper.
-- Using PDF output.
\@IEEEnormalsizeunitybaselineskip=\dimen105
-- This is a 10 point document.
\CLASSINFOnormalsizebaselineskip=\dimen106
\CLASSINFOnormalsizeunitybaselineskip=\dimen107
\IEEEnormaljot=\dimen108
LaTeX Font Info:    Font shape `OT1/ppl/bx/n' in size <5.01874> not available
(Font)              Font shape `OT1/ppl/b/n' tried instead on input line 1090.
LaTeX Font Info:    Font shape `OT1/ppl/bx/it' in size <5.01874> not available
(Font)              Font shape `OT1/ppl/b/it' tried instead on input line 1090.

LaTeX Font Info:    Font shape `OT1/ppl/bx/n' in size <7.02625> not available
(Font)              Font shape `OT1/ppl/b/n' tried instead on input line 1090.
LaTeX Font Info:    Font shape `OT1/ppl/bx/it' in size <7.02625> not available
(Font)              Font shape `OT1/ppl/b/it' tried instead on input line 1090.

LaTeX Font Info:    Font shape `OT1/ppl/bx/n' in size <8.03> not available
(Font)              Font shape `OT1/ppl/b/n' tried instead on input line 1090.
LaTeX Font Info:    Font shape `OT1/ppl/bx/it' in size <8.03> not available
(Font)              Font shape `OT1/ppl/b/it' tried instead on input line 1090.

LaTeX Font Info:    Font shape `OT1/ppl/bx/n' in size <9.03374> not available
(Font)              Font shape `OT1/ppl/b/n' tried instead on input line 1090.
LaTeX Font Info:    Font shape `OT1/ppl/bx/it' in size <9.03374> not available
(Font)              Font shape `OT1/ppl/b/it' tried instead on input line 1090.

LaTeX Font Info:    Font shape `OT1/ppl/bx/n' in size <9.53561> not available
(Font)              Font shape `OT1/ppl/b/n' tried instead on input line 1090.
LaTeX Font Info:    Font shape `OT1/ppl/bx/it' in size <9.53561> not available
(Font)              Font shape `OT1/ppl/b/it' tried instead on input line 1090.

LaTeX Font Info:    Font shape `OT1/ppl/bx/n' in size <11.04124> not available
(Font)              Font shape `OT1/ppl/b/n' tried instead on input line 1090.
LaTeX Font Info:    Font shape `OT1/ppl/bx/it' in size <11.04124> not available

(Font)              Font shape `OT1/ppl/b/it' tried instead on input line 1090.

LaTeX Font Info:    Font shape `OT1/ppl/bx/n' in size <12.045> not available
(Font)              Font shape `OT1/ppl/b/n' tried instead on input line 1090.
LaTeX Font Info:    Font shape `OT1/ppl/bx/it' in size <12.045> not available
(Font)              Font shape `OT1/ppl/b/it' tried instead on input line 1090.

LaTeX Font Info:    Font shape `OT1/ppl/bx/n' in size <17.06374> not available
(Font)              Font shape `OT1/ppl/b/n' tried instead on input line 1090.
LaTeX Font Info:    Font shape `OT1/ppl/bx/it' in size <17.06374> not available

(Font)              Font shape `OT1/ppl/b/it' tried instead on input line 1090.

LaTeX Font Info:    Font shape `OT1/ppl/bx/n' in size <20.075> not available
(Font)              Font shape `OT1/ppl/b/n' tried instead on input line 1090.
LaTeX Font Info:    Font shape `OT1/ppl/bx/it' in size <20.075> not available
(Font)              Font shape `OT1/ppl/b/it' tried instead on input line 1090.

LaTeX Font Info:    Font shape `OT1/ppl/bx/n' in size <24.09> not available
(Font)              Font shape `OT1/ppl/b/n' tried instead on input line 1090.
LaTeX Font Info:    Font shape `OT1/ppl/bx/it' in size <24.09> not available
(Font)              Font shape `OT1/ppl/b/it' tried instead on input line 1090.

\IEEEquantizedlength=\dimen109
\IEEEquantizedlengthdiff=\dimen110
\IEEEquantizedtextheightdiff=\dimen111
\IEEEilabelindentA=\dimen112
\IEEEilabelindentB=\dimen113
\IEEEilabelindent=\dimen114
\IEEEelabelindent=\dimen115
\IEEEdlabelindent=\dimen116
\IEEElabelindent=\dimen117
\IEEEiednormlabelsep=\dimen118
\IEEEiedmathlabelsep=\dimen119
\IEEEiedtopsep=\skip41
\c@section=\count83
\c@subsection=\count84
\c@subsubsection=\count85
\c@paragraph=\count86
\c@IEEEsubequation=\count87
\abovecaptionskip=\skip42
\belowcaptionskip=\skip43
\c@figure=\count88
\c@table=\count89
\@IEEEeqnnumcols=\count90
\@IEEEeqncolcnt=\count91
\@IEEEsubeqnnumrollback=\count92
\@IEEEquantizeheightA=\dimen120
\@IEEEquantizeheightB=\dimen121
\@IEEEquantizeheightC=\dimen122
\@IEEEquantizeprevdepth=\dimen123
\@IEEEquantizemultiple=\count93
\@IEEEquantizeboxA=\box27
\@IEEEtmpitemindent=\dimen124
\IEEEPARstartletwidth=\dimen125
\c@IEEEbiography=\count94
\@IEEEtranrubishbin=\box28
)
("C:\Users\fengh\AppData\Local\Programs\MiKTeX 2.9\tex/latex/graphics\epsfig.st
y"
Package: epsfig 2017/06/25 v1.7b (e)psfig emulation (SPQR)

("C:\Users\fengh\AppData\Local\Programs\MiKTeX 2.9\tex/latex/graphics\graphicx.
sty"
Package: graphicx 2017/06/01 v1.1a Enhanced LaTeX Graphics (DPC,SPQR)

("C:\Users\fengh\AppData\Local\Programs\MiKTeX 2.9\tex/latex/graphics\keyval.st
y"
Package: keyval 2014/10/28 v1.15 key=value parser (DPC)
\KV@toks@=\toks15
)
("C:\Users\fengh\AppData\Local\Programs\MiKTeX 2.9\tex/latex/graphics\graphics.
sty"
Package: graphics 2017/06/25 v1.2c Standard LaTeX Graphics (DPC,SPQR)

("C:\Users\fengh\AppData\Local\Programs\MiKTeX 2.9\tex/latex/graphics\trig.sty"
Package: trig 2016/01/03 v1.10 sin cos tan (DPC)
)
("C:\Users\fengh\AppData\Local\Programs\MiKTeX 2.9\tex/latex/graphics-cfg\graph
ics.cfg"
File: graphics.cfg 2016/06/04 v1.11 sample graphics configuration
)
Package graphics Info: Driver file: pdftex.def on input line 99.

("C:\Users\fengh\AppData\Local\Programs\MiKTeX 2.9\tex/latex/graphics-def\pdfte
x.def"
File: pdftex.def 2018/01/08 v1.0l Graphics/color driver for pdftex
))
\Gin@req@height=\dimen126
\Gin@req@width=\dimen127
)
\epsfxsize=\dimen128
\epsfysize=\dimen129
)
("C:\Users\fengh\AppData\Local\Programs\MiKTeX 2.9\tex/latex/cite\cite.sty"
LaTeX Info: Redefining \cite on input line 302.
LaTeX Info: Redefining \nocite on input line 332.
Package: cite 2015/02/27  v 5.5
)
(Transactions_on_Affective_Computing.aux

LaTeX Warning: Label `cwt_eda' multiply defined.


LaTeX Warning: Label `feature' multiply defined.


LaTeX Warning: Label `svm' multiply defined.

)
\openout1 = `Transactions_on_Affective_Computing.aux'.

LaTeX Font Info:    Checking defaults for OML/cmm/m/it on input line 373.
LaTeX Font Info:    ... okay on input line 373.
LaTeX Font Info:    Checking defaults for T1/cmr/m/n on input line 373.
LaTeX Font Info:    ... okay on input line 373.
LaTeX Font Info:    Checking defaults for OT1/cmr/m/n on input line 373.
LaTeX Font Info:    ... okay on input line 373.
LaTeX Font Info:    Checking defaults for OMS/cmsy/m/n on input line 373.
LaTeX Font Info:    ... okay on input line 373.
LaTeX Font Info:    Checking defaults for OMX/cmex/m/n on input line 373.
LaTeX Font Info:    ... okay on input line 373.
LaTeX Font Info:    Checking defaults for U/cmr/m/n on input line 373.
LaTeX Font Info:    ... okay on input line 373.

-- Lines per column: 61 (exact).

("C:\Users\fengh\AppData\Local\Programs\MiKTeX 2.9\tex/context/base/mkii\supp-p
df.mkii"
[Loading MPS to PDF converter (version 2006.09.02).]
\scratchcounter=\count95
\scratchdimen=\dimen130
\scratchbox=\box29
\nofMPsegments=\count96
\nofMParguments=\count97
\everyMPshowfont=\toks16
\MPscratchCnt=\count98
\MPscratchDim=\dimen131
\MPnumerator=\count99
\makeMPintoPDFobject=\count100
\everyMPtoPDFconversion=\toks17
)
("C:\Users\fengh\AppData\Local\Programs\MiKTeX 2.9\tex/latex/oberdiek\epstopdf-
base.sty"
Package: epstopdf-base 2016/05/15 v2.6 Base part for package epstopdf

("C:\Users\fengh\AppData\Local\Programs\MiKTeX 2.9\tex/generic/oberdiek\infware
rr.sty"
Package: infwarerr 2016/05/16 v1.4 Providing info/warning/error messages (HO)
)
("C:\Users\fengh\AppData\Local\Programs\MiKTeX 2.9\tex/latex/oberdiek\grfext.st
y"
Package: grfext 2016/05/16 v1.2 Manage graphics extensions (HO)

("C:\Users\fengh\AppData\Local\Programs\MiKTeX 2.9\tex/generic/oberdiek\kvdefin
ekeys.sty"
Package: kvdefinekeys 2016/05/16 v1.4 Define keys (HO)

("C:\Users\fengh\AppData\Local\Programs\MiKTeX 2.9\tex/generic/oberdiek\ltxcmds
.sty"
Package: ltxcmds 2016/05/16 v1.23 LaTeX kernel commands for general use (HO)
)))
("C:\Users\fengh\AppData\Local\Programs\MiKTeX 2.9\tex/latex/oberdiek\kvoptions
.sty"
Package: kvoptions 2016/05/16 v3.12 Key value format for package options (HO)

("C:\Users\fengh\AppData\Local\Programs\MiKTeX 2.9\tex/generic/oberdiek\kvsetke
ys.sty"
Package: kvsetkeys 2016/05/16 v1.17 Key value parser (HO)

("C:\Users\fengh\AppData\Local\Programs\MiKTeX 2.9\tex/generic/oberdiek\etexcmd
s.sty"
Package: etexcmds 2016/05/16 v1.6 Avoid name clashes with e-TeX commands (HO)

("C:\Users\fengh\AppData\Local\Programs\MiKTeX 2.9\tex/generic/oberdiek\ifluate
x.sty"
Package: ifluatex 2016/05/16 v1.4 Provides the ifluatex switch (HO)
Package ifluatex Info: LuaTeX not detected.
))))
("C:\Users\fengh\AppData\Local\Programs\MiKTeX 2.9\tex/generic/oberdiek\pdftexc
mds.sty"
Package: pdftexcmds 2019/07/25 v0.30 Utility functions of pdfTeX for LuaTeX (HO
)

("C:\Users\fengh\AppData\Local\Programs\MiKTeX 2.9\tex/generic/oberdiek\ifpdf.s
ty"
Package: ifpdf 2018/09/07 v3.3 Provides the ifpdf switch
)
Package pdftexcmds Info: LuaTeX not detected.
Package pdftexcmds Info: \pdf@primitive is available.
Package pdftexcmds Info: \pdf@ifprimitive is available.
Package pdftexcmds Info: \pdfdraftmode found.
)
Package epstopdf-base Info: Redefining graphics rule for `.eps' on input line 4
38.
Package grfext Info: Graphics extension search list:
(grfext)             [.pdf,.png,.jpg,.mps,.jpeg,.jbig2,.jb2,.PDF,.PNG,.JPG,.JPE
G,.JBIG2,.JB2,.eps]
(grfext)             \AppendGraphicsExtensions on input line 456.
)
LaTeX Font Info:    Try loading font information for OT1+phv on input line 487.


("C:\Users\fengh\AppData\Local\Programs\MiKTeX 2.9\tex/latex/psnfss\ot1phv.fd"
File: ot1phv.fd 2001/06/04 scalable font definitions for OT1/phv.
)
LaTeX Font Info:    Font shape `OT1/phv/m/it' in size <11.04124> not available
(Font)              Font shape `OT1/phv/m/sl' tried instead on input line 487.
LaTeX Font Info:    Font shape `OT1/phv/bx/n' in size <8.03> not available
(Font)              Font shape `OT1/phv/b/n' tried instead on input line 487.
LaTeX Font Info:    Calculating math sizes for size <11.04124> on input line 48
7.
LaTeX Font Info:    External font `cmex10' loaded for size
(Font)              <11.04124> on input line 487.
LaTeX Font Info:    External font `cmex10' loaded for size
(Font)              <7.72884> on input line 487.
LaTeX Font Info:    External font `cmex10' loaded for size
(Font)              <5.52061> on input line 487.
LaTeX Font Info:    Try loading font information for U+pzd on input line 487.
("C:\Users\fengh\AppData\Local\Programs\MiKTeX 2.9\tex/latex/psnfss\upzd.fd"
File: upzd.fd 2001/06/04 font definitions for U/pzd.
)
LaTeX Font Info:    Calculating math sizes for size <8.03> on input line 487.
LaTeX Font Info:    External font `cmex10' loaded for size
(Font)              <8.03> on input line 487.
LaTeX Font Info:    External font `cmex10' loaded for size
(Font)              <5.62097> on input line 487.
LaTeX Font Info:    External font `cmex10' loaded for size
(Font)              <4.015> on input line 487.
LaTeX Font Info:    Font shape `OT1/phv/bx/n' in size <11.04124> not available
(Font)              Font shape `OT1/phv/b/n' tried instead on input line 515.
LaTeX Font Info:    Font shape `OT1/phv/bx/sc' in size <11.04124> not available

(Font)              Font shape `OT1/phv/b/sc' tried instead on input line 515.
LaTeX Font Info:    Font shape `OT1/phv/bx/n' in size <9.53561> not available
(Font)              Font shape `OT1/phv/b/n' tried instead on input line 643.


LaTeX Warning: Citation `Epidemiology1966' on page 1 undefined on input line 65
0.


LaTeX Warning: Citation `BrokenMirror2006' on page 1 undefined on input line 65
4.


LaTeX Warning: Citation `BrokenMirror2006' on page 1 undefined on input line 65
5.


LaTeX Warning: Citation `BrokenMirror2006' on page 1 undefined on input line 65
8.


LaTeX Warning: Citation `BrokenMirror2006' on page 1 undefined on input line 66
1.


Underfull \hbox (badness 1478) in paragraph at lines 644--665
\OT1/ppl/m/n/9.53561 Individuals with autism spec-trum dis-or-der ex-pe-ri-ence

 []


Underfull \hbox (badness 10000) in paragraph at lines 644--665
\OT1/ppl/m/n/9.53561 ver-bal and non-ver-bal com-mu-ni-ca-tion im-pair-ments,
 []


Underfull \hbox (badness 10000) in paragraph at lines 644--665

 []


LaTeX Warning: Citation `LogicScien1959' on page 1 undefined on input line 671.



LaTeX Warning: Citation `InfantileAutism1975' on page 1 undefined on input line
 676.


Underfull \hbox (badness 1997) in paragraph at lines 666--677
\OT1/ppl/m/n/9.53561 joint at-ten-tion), and re-spond less when call-ing their
 []


Underfull \hbox (badness 10000) in paragraph at lines 666--677

 []


LaTeX Warning: Citation `AutismDiagno1989' on page 1 undefined on input line 68
0.


Underfull \hbox (badness 1521) in paragraph at lines 678--684
\OT1/ppl/m/n/9.53561 struc-tured tasks that are used to mea-sure the so-cial
 []


Underfull \hbox (badness 10000) in paragraph at lines 678--684

 []

[1{C:/Users/fengh/AppData/Local/MiKTeX/2.9/pdftex/config/pdftex.map}


]
Underfull \hbox (badness 10000) in paragraph at lines 693--695

 []

LaTeX Font Info:    Font shape `OT1/phv/m/it' in size <9.53561> not available
(Font)              Font shape `OT1/phv/m/sl' tried instead on input line 697.

LaTeX Warning: Citation `AmbulatorySys2003' on page 2 undefined on input line 6
98.


LaTeX Warning: Citation `EmotionalState2013' on page 2 undefined on input line 
698.


LaTeX Warning: Citation `AmbulatorySys2003' on page 2 undefined on input line 7
00.


LaTeX Warning: Citation `WaveletFilter1992' on page 2 undefined on input line 7
03.


LaTeX Warning: Citation `SignalDecomp1989' on page 2 undefined on input line 70
3.


Underfull \hbox (badness 2644) in paragraph at lines 698--717
\OT1/ppl/m/n/9.53561 qual-i-ta-tive com-po-nents of these kinds of bio-signals
 []


Underfull \hbox (badness 2229) in paragraph at lines 698--717
\OT1/ppl/m/n/9.53561 tools for mul-tires-o-lu-tion anal-y-sis. CWT has re-ceive
d
 []


Underfull \hbox (badness 2617) in paragraph at lines 698--717
\OT1/ppl/m/n/9.53561 to per-form the time-frequency anal-y-sis of the EDA
 []


Underfull \hbox (badness 1810) in paragraph at lines 698--717
\OT1/ppl/m/n/9.53561 the wavelet co-ef-fi-cients of the raw sig-nal to ex-tract

 []


Underfull \hbox (badness 1701) in paragraph at lines 698--717
\OT1/ppl/m/n/9.53561 scales cor-re-spond-ing to the afore-men-tioned fre-quency

 []


Underfull \hbox (badness 10000) in paragraph at lines 698--717

 []


LaTeX Warning: Citation `SignalDecomp1989' on page 2 undefined on input line 71
9.


LaTeX Warning: Citation `ContinuWavelet2009' on page 2 undefined on input line 
719.


Underfull \hbox (badness 1365) in paragraph at lines 718--726
\OT1/ppl/m/n/9.53561 scales, which are in-versely re-lated to their fre-quency
 []


Underfull \hbox (badness 10000) in paragraph at lines 718--726

 []

LaTeX Font Info:    Calculating math sizes for size <9.53561> on input line 727
.
LaTeX Font Info:    External font `cmex10' loaded for size
(Font)              <9.53561> on input line 727.
LaTeX Font Info:    External font `cmex10' loaded for size
(Font)              <6.6749> on input line 727.
LaTeX Font Info:    External font `cmex10' loaded for size
(Font)              <4.7678> on input line 727.

LaTeX Warning: Citation `WaveletFilter1992' on page 2 undefined on input line 7
28.


Underfull \hbox (badness 10000) in paragraph at lines 727--729

 []


Underfull \hbox (badness 10000) in paragraph at lines 730--731

 []


Underfull \hbox (badness 10000) in paragraph at lines 732--736

 []


Underfull \hbox (badness 10000) in paragraph at lines 737--742

 []


Underfull \hbox (badness 10000) in paragraph at lines 743--744

 []


LaTeX Warning: Citation `mypaper2018' on page 2 undefined on input line 748.


Underfull \hbox (badness 1577) in paragraph at lines 746--750
\OT1/ppl/m/n/9.53561 can im-prove the recog-ni-tion per-for-mance of dif-fer-en
t
 []


Underfull \hbox (badness 10000) in paragraph at lines 746--750

 []


Underfull \hbox (badness 10000) in paragraph at lines 751--760

 []


LaTeX Warning: Citation `MultKernel2016' on page 2 undefined on input line 763.



Underfull \hbox (badness 1810) in paragraph at lines 761--767
\OT1/ppl/m/n/9.53561 bio-signals and clas-si-fi-ca-tion [\OT1/ppl/b/n/9.53561 ?
\OT1/ppl/m/n/9.53561 ]. Fig-ure 2[] shows the
 []


Underfull \hbox (badness 3009) in paragraph at lines 761--767
\OT1/ppl/m/n/9.53561 wavelet-based fea-ture ex-trac-tion, Us-ing the C-Morlet
 []


Underfull \hbox (badness 10000) in paragraph at lines 761--767

 []


Underfull \hbox (badness 3503) in paragraph at lines 768--774
\OT1/ppl/m/n/9.53561 (e.g., Sym-lets, Daubechies, Coiflets) on the emo-tion
 []


Underfull \hbox (badness 10000) in paragraph at lines 768--774

 []

[2]
Underfull \hbox (badness 10000) in paragraph at lines 775--776

 []

Package epstopdf Info: Source file: <./fig/cwt_eda.eps>
(epstopdf)                    date: 2019-08-31 23:33:37
(epstopdf)                    size: 6878249 bytes
(epstopdf)             Output file: <./fig/cwt_eda-eps-converted-to.pdf>
(epstopdf)                    date: 2019-08-31 23:33:37
(epstopdf)                    size: 135975 bytes
(epstopdf)             Command: <epstopdf --outfile=./fig/cwt_eda-eps-converted
-to.pdf ./fig/cwt_eda.eps>
(epstopdf)             \includegraphics on input line 780.
Package epstopdf Info: Output file is already uptodate.


pdfTeX warning: pdflatex.exe (file ./fig/cwt_eda-eps-converted-to.pdf): PDF inc
lusion: found PDF version <1.7>, but at most version <1.5> allowed
<./fig/cwt_eda-eps-converted-to.pdf, id=22, 587.19376pt x 297.11pt>
File: ./fig/cwt_eda-eps-converted-to.pdf Graphic file (type pdf)
<use ./fig/cwt_eda-eps-converted-to.pdf>
Package pdftex.def Info: ./fig/cwt_eda-eps-converted-to.pdf  used on input line
 780.
(pdftex.def)             Requested size: 352.31897pt x 178.26736pt.

Overfull \hbox (111.37398pt too wide) in paragraph at lines 779--782
[][] 
 []

Package epstopdf Info: Source file: <./fig/wavelet_feature.eps>
(epstopdf)                    date: 2019-08-31 23:33:37
(epstopdf)                    size: 4538121 bytes
(epstopdf)             Output file: <./fig/wavelet_feature-eps-converted-to.pdf
>
(epstopdf)                    date: 2019-08-31 23:33:37
(epstopdf)                    size: 58255 bytes
(epstopdf)             Command: <epstopdf --outfile=./fig/wavelet_feature-eps-c
onverted-to.pdf ./fig/wavelet_feature.eps>
(epstopdf)             \includegraphics on input line 789.
Package epstopdf Info: Output file is already uptodate.


pdfTeX warning: pdflatex.exe (file ./fig/wavelet_feature-eps-converted-to.pdf):
 PDF inclusion: found PDF version <1.7>, but at most version <1.5> allowed
<./fig/wavelet_feature-eps-converted-to.pdf, id=23, 467.7475pt x 245.91875pt>
File: ./fig/wavelet_feature-eps-converted-to.pdf Graphic file (type pdf)
<use ./fig/wavelet_feature-eps-converted-to.pdf>
Package pdftex.def Info: ./fig/wavelet_feature-eps-converted-to.pdf  used on in
put line 789.
(pdftex.def)             Requested size: 374.19849pt x 196.73524pt.

Overfull \hbox (133.2535pt too wide) in paragraph at lines 788--791
[][] 
 []


LaTeX Warning: Citation `SupportVector1995' on page 3 undefined on input line 7
98.


Underfull \hbox (badness 10000) in paragraph at lines 795--807
[]$ \OT1/ppl/m/n/9.53561 by draw-ing an
 []


Underfull \hbox (badness 10000) in paragraph at lines 795--807

 []


Underfull \hbox (badness 10000) in paragraph at lines 808--809

 []

Package epstopdf Info: Source file: <./fig/svm.eps>
(epstopdf)                    date: 2019-08-31 23:33:37
(epstopdf)                    size: 3256828 bytes
(epstopdf)             Output file: <./fig/svm-eps-converted-to.pdf>
(epstopdf)                    date: 2019-08-31 23:33:37
(epstopdf)                    size: 36962 bytes
(epstopdf)             Command: <epstopdf --outfile=./fig/svm-eps-converted-to.
pdf ./fig/svm.eps>
(epstopdf)             \includegraphics on input line 813.
Package epstopdf Info: Output file is already uptodate.


pdfTeX warning: pdflatex.exe (file ./fig/svm-eps-converted-to.pdf): PDF inclusi
on: found PDF version <1.7>, but at most version <1.5> allowed
<./fig/svm-eps-converted-to.pdf, id=24, 336.25626pt x 244.915pt>
File: ./fig/svm-eps-converted-to.pdf Graphic file (type pdf)
<use ./fig/svm-eps-converted-to.pdf>
Package pdftex.def Info: ./fig/svm-eps-converted-to.pdf  used on input line 813
.
(pdftex.def)             Requested size: 201.75531pt x 146.95012pt.

Underfull \hbox (badness 10000) in paragraph at lines 819--821

 []


Underfull \hbox (badness 10000) in paragraph at lines 822--826

 []


Underfull \hbox (badness 10000) in paragraph at lines 827--828

 []


LaTeX Warning: Citation `SupportVector1995' on page 3 undefined on input line 8
39.


Underfull \hbox (badness 2285) in paragraph at lines 829--840
\OT1/ppl/m/n/9.53561 is ac-tu-ally an inner-product ker-nel. Let $[]$ be
 []


Underfull \hbox (badness 1436) in paragraph at lines 829--840
\OT1/ppl/m/n/9.53561 a con-tin-u-ous sym-met-ric ker-nel de-fined in the closed

 []


Underfull \hbox (badness 10000) in paragraph at lines 829--840

 []


Underfull \hbox (badness 10000) in paragraph at lines 841--844

 []


Underfull \hbox (badness 10000) in paragraph at lines 845--847

 []


Underfull \hbox (badness 10000) in paragraph at lines 848--852

 []

[3 <./fig/cwt_eda-eps-converted-to.pdf> <./fig/wavelet_feature-eps-converted-to
.pdf> <./fig/svm-eps-converted-to.pdf>]
Underfull \hbox (badness 10000) in paragraph at lines 853--854

 []

[4

] (Transactions_on_Affective_Computing.aux)

LaTeX Warning: There were undefined references.


LaTeX Warning: There were multiply-defined labels.

 ) 
Here is how much of TeX's memory you used:
 2534 strings out of 492895
 43671 string characters out of 3123735
 111649 words of memory out of 3000000
 6420 multiletter control sequences out of 15000+200000
 48452 words of font info for 98 fonts, out of 3000000 for 9000
 1144 hyphenation exceptions out of 8191
 41i,12n,31p,304b,313s stack positions out of 5000i,500n,10000p,200000b,50000s
{C:/Users/fengh/AppData/Local/Programs/MiKTeX 2.9/fonts/enc/dvips/base/8r.enc
}<C:/Users/fengh/AppData/Local/Programs/MiKTeX 2.9/fonts/type1/public/amsfonts/
cm/cmex10.pfb><C:/Users/fengh/AppData/Local/Programs/MiKTeX 2.9/fonts/type1/pub
lic/amsfonts/cm/cmmi10.pfb><C:/Users/fengh/AppData/Local/Programs/MiKTeX 2.9/fo
nts/type1/public/amsfonts/cm/cmmi5.pfb><C:/Users/fengh/AppData/Local/Programs/M
iKTeX 2.9/fonts/type1/public/amsfonts/cm/cmmi7.pfb><C:/Users/fengh/AppData/Loca
l/Programs/MiKTeX 2.9/fonts/type1/public/amsfonts/cm/cmr10.pfb><C:/Users/fengh/
AppData/Local/Programs/MiKTeX 2.9/fonts/type1/public/amsfonts/cm/cmr5.pfb><C:/U
sers/fengh/AppData/Local/Programs/MiKTeX 2.9/fonts/type1/public/amsfonts/cm/cmr
7.pfb><C:/Users/fengh/AppData/Local/Programs/MiKTeX 2.9/fonts/type1/public/amsf
onts/cm/cmsy10.pfb><C:/Users/fengh/AppData/Local/Programs/MiKTeX 2.9/fonts/type
1/public/amsfonts/cm/cmsy7.pfb><C:/Users/fengh/AppData/Local/Programs/MiKTeX 2.
9/fonts/type1/public/amsfonts/cm/cmsy8.pfb><C:/Users/fengh/AppData/Local/Progra
ms/MiKTeX 2.9/fonts/type1/urw/helvetic/uhvb8a.pfb><C:/Users/fengh/AppData/Local
/Programs/MiKTeX 2.9/fonts/type1/urw/helvetic/uhvr8a.pfb><C:/Users/fengh/AppDat
a/Local/Programs/MiKTeX 2.9/fonts/type1/urw/helvetic/uhvro8a.pfb><C:/Users/feng
h/AppData/Local/Programs/MiKTeX 2.9/fonts/type1/urw/palatino/uplb8a.pfb><C:/Use
rs/fengh/AppData/Local/Programs/MiKTeX 2.9/fonts/type1/urw/palatino/uplr8a.pfb>
<C:/Users/fengh/AppData/Local/Programs/MiKTeX 2.9/fonts/type1/urw/palatino/uplr
i8a.pfb><C:/Users/fengh/AppData/Local/Programs/MiKTeX 2.9/fonts/type1/urw/zapfd
ing/uzdr.pfb>
Output written on Transactions_on_Affective_Computing.pdf (4 pages, 421217 byte
s).
PDF statistics:
 96 PDF objects out of 1000 (max. 8388607)
 0 named destinations out of 1000 (max. 500000)
 16 words of extra memory for PDF output out of 10000 (max. 10000000)

