This is pdfTeX, Version 3.14159265-2.6-1.40.21 (MiKTeX 2.9.7440 64-bit) (preloaded format=pdflatex 2020.6.6)  12 JUN 2020 17:46
entering extended mode
**./main.tex
(main.tex
LaTeX2e <2020-02-02> patch level 5
L3 programming layer <2020-06-03> (preamble.tex
("C:\Users\fengh\AppData\Local\Programs\MiKTeX 2.9\tex/latex/base\report.cls"
Document Class: report 2019/12/20 v1.4l Standard LaTeX document class
("C:\Users\fengh\AppData\Local\Programs\MiKTeX 2.9\tex/latex/base\size12.clo"
File: size12.clo 2019/12/20 v1.4l Standard LaTeX file (size option)
)
\c@part=\count167
\c@chapter=\count168
\c@section=\count169
\c@subsection=\count170
\c@subsubsection=\count171
\c@paragraph=\count172
\c@subparagraph=\count173
\c@figure=\count174
\c@table=\count175
\abovecaptionskip=\skip47
\belowcaptionskip=\skip48
\bibindent=\dimen134
)
("C:\Users\fengh\AppData\Local\Programs\MiKTeX 2.9\tex/latex/graphics\epsfig.st
y"
Package: epsfig 2017/06/25 v1.7b (e)psfig emulation (SPQR)

("C:\Users\fengh\AppData\Local\Programs\MiKTeX 2.9\tex/latex/graphics\graphicx.
sty"
Package: graphicx 2019/11/30 v1.2a Enhanced LaTeX Graphics (DPC,SPQR)

("C:\Users\fengh\AppData\Local\Programs\MiKTeX 2.9\tex/latex/graphics\keyval.st
y"
Package: keyval 2014/10/28 v1.15 key=value parser (DPC)
\KV@toks@=\toks15
)
("C:\Users\fengh\AppData\Local\Programs\MiKTeX 2.9\tex/latex/graphics\graphics.
sty"
Package: graphics 2019/11/30 v1.4a Standard LaTeX Graphics (DPC,SPQR)

("C:\Users\fengh\AppData\Local\Programs\MiKTeX 2.9\tex/latex/graphics\trig.sty"
Package: trig 2016/01/03 v1.10 sin cos tan (DPC)
)
("C:\Users\fengh\AppData\Local\Programs\MiKTeX 2.9\tex/latex/graphics-cfg\graph
ics.cfg"
File: graphics.cfg 2016/06/04 v1.11 sample graphics configuration
)
Package graphics Info: Driver file: dvips.def on input line 105.

("C:\Users\fengh\AppData\Local\Programs\MiKTeX 2.9\tex/latex/graphics-def\dvips
.def"
File: dvips.def 2017/06/20 v3.1d Graphics/color driver for dvips
))
\Gin@req@height=\dimen135
\Gin@req@width=\dimen136
)
\epsfxsize=\dimen137
\epsfysize=\dimen138
)
("C:\Users\fengh\AppData\Local\Programs\MiKTeX 2.9\tex/latex/graphics\color.sty
"
Package: color 2019/11/23 v1.2a Standard LaTeX Color (DPC)

("C:\Users\fengh\AppData\Local\Programs\MiKTeX 2.9\tex/latex/graphics-cfg\color
.cfg"
File: color.cfg 2016/01/02 v1.6 sample color configuration
)
Package color Info: Driver file: dvips.def on input line 147.

("C:\Users\fengh\AppData\Local\Programs\MiKTeX 2.9\tex/latex/graphics\dvipsnam.
def"
File: dvipsnam.def 2016/06/17 v3.0m Driver-dependent file (DPC,SPQR)
))
("C:\Users\fengh\AppData\Local\Programs\MiKTeX 2.9\tex/latex/epic\epic.sty"
Enhancements to Picture Environment. Version 1.2 - Released June 1, 1986
\@@multicnt=\count176
\d@lta=\count177
\@delta=\dimen139
\@@delta=\dimen140
\@gridcnt=\count178
\@joinkind=\count179
\@dotgap=\dimen141
\@ddotgap=\dimen142
\@x@diff=\count180
\@y@diff=\count181
\x@diff=\dimen143
\y@diff=\dimen144
\@dotbox=\box45
\num@segments=\count182
\num@segmentsi=\count183
\@datafile=\read2
)
("C:\Users\fengh\AppData\Local\Programs\MiKTeX 2.9\tex/latex/subfigure\subfigur
e.sty"
Package: subfigure 2002/07/30 v2.1.4 subfigure package
\subfigtopskip=\skip49
\subfigcapskip=\skip50
\subfigcaptopadj=\dimen145
\subfigbottomskip=\skip51
\subfigcapmargin=\dimen146
\subfiglabelskip=\skip52
\c@subfigure=\count184
\c@lofdepth=\count185
\c@subtable=\count186
\c@lotdepth=\count187

****************************************
* Local config file subfigure.cfg used *
****************************************

("C:\Users\fengh\AppData\Local\Programs\MiKTeX 2.9\tex/latex/subfigure\subfigur
e.cfg")
\subfig@top=\skip53
\subfig@bottom=\skip54
)
("C:\Users\fengh\AppData\Local\Programs\MiKTeX 2.9\tex/latex/pstricks\pst-all.s
ty"
Package: pst-all 2008/01/01 the main pstricks tools

("C:\Users\fengh\AppData\Local\Programs\MiKTeX 2.9\tex/latex/pstricks\pstricks.
sty"
Package: pstricks 2018/12/21 v0.69 LaTeX wrapper for `PSTricks' (RN,HV)

("C:\Users\fengh\AppData\Local\Programs\MiKTeX 2.9\tex/generic/iftex\iftex.sty"
Package: iftex 2020/03/06 v1.0d TeX engine tests
)
("C:\Users\fengh\AppData\Local\Programs\MiKTeX 2.9\tex/latex/tools\shellesc.sty
"
Package: shellesc 2019/11/08 v1.0c unified shell escape interface for LaTeX
Package shellesc Info: Restricted shell escape enabled on input line 77.
)
("C:\Users\fengh\AppData\Local\Programs\MiKTeX 2.9\tex/latex/xcolor\xcolor.sty"
Package: xcolor 2016/05/11 v2.12 LaTeX color extensions (UK)

("C:\Users\fengh\AppData\Local\Programs\MiKTeX 2.9\tex/latex/graphics-cfg\color
.cfg"
File: color.cfg 2016/01/02 v1.6 sample color configuration
)
Package xcolor Info: Driver file: pdftex.def on input line 225.

("C:\Users\fengh\AppData\Local\Programs\MiKTeX 2.9\tex/latex/graphics-def\pdfte
x.def"
File: pdftex.def 2018/01/08 v1.0l Graphics/color driver for pdftex
)
LaTeX Info: Redefining \color on input line 709.
Package xcolor Info: Model `cmy' substituted by `cmy0' on input line 1348.
Package xcolor Info: Model `RGB' extended on input line 1364.
Package xcolor Info: Model `HTML' substituted by `rgb' on input line 1366.
Package xcolor Info: Model `Hsb' substituted by `hsb' on input line 1367.
Package xcolor Info: Model `tHsb' substituted by `hsb' on input line 1368.
Package xcolor Info: Model `HSB' substituted by `hsb' on input line 1369.
Package xcolor Info: Model `Gray' substituted by `gray' on input line 1370.
Package xcolor Info: Model `wave' substituted by `hsb' on input line 1371.
)
("C:\Users\fengh\AppData\Local\Programs\MiKTeX 2.9\tex/generic/xkeyval\pst-xkey
.tex"
File: pst-xkey.tex 2005/11/25 v1.6 PSTricks specialization of xkeyval (HA)

("C:\Users\fengh\AppData\Local\Programs\MiKTeX 2.9\tex/latex/xkeyval\xkeyval.st
y"
Package: xkeyval 2014/12/03 v2.7a package option processing (HA)

("C:\Users\fengh\AppData\Local\Programs\MiKTeX 2.9\tex/generic/xkeyval\xkeyval.
tex"
("C:\Users\fengh\AppData\Local\Programs\MiKTeX 2.9\tex/generic/xkeyval\xkvutils
.tex"
\XKV@toks=\toks16
\XKV@tempa@toks=\toks17
)
\XKV@depth=\count188
File: xkeyval.tex 2014/12/03 v2.7a key=value parser (HA)
)))
("C:\Users\fengh\AppData\Local\Programs\MiKTeX 2.9\tex/generic/pstricks\pstrick
s.tex"
("C:\Users\fengh\AppData\Local\Programs\MiKTeX 2.9\tex/generic/pstricks\pst-fp.
tex" `pst-fp' v0.05, 2010/01/17 (hv)
\pstFP@xs=\count189
\pstFP@xia=\count190
\pstFP@xib=\count191
\pstFP@xfa=\count192
\pstFP@xfb=\count193
\pstFP@rega=\count194
\pstFP@regb=\count195
\pstFP@regs=\count196
\pstFP@times=\count197
)
("C:\Users\fengh\AppData\Local\Programs\MiKTeX 2.9\tex/generic/pgf/utilities\pg
futil-common.tex"
\pgfutil@everybye=\toks18
\pgfutil@tempdima=\dimen147
\pgfutil@tempdimb=\dimen148

("C:\Users\fengh\AppData\Local\Programs\MiKTeX 2.9\tex/generic/pgf/utilities\pg
futil-common-lists.tex"))
("C:\Users\fengh\AppData\Local\Programs\MiKTeX 2.9\tex/generic/pgf/utilities\pg
fkeys.code.tex"
\pgfkeys@pathtoks=\toks19
\pgfkeys@temptoks=\toks20

("C:\Users\fengh\AppData\Local\Programs\MiKTeX 2.9\tex/generic/pgf/utilities\pg
fkeysfiltered.code.tex"
\pgfkeys@tmptoks=\toks21
))
("C:\Users\fengh\AppData\Local\Programs\MiKTeX 2.9\tex/generic/pgf/utilities\pg
ffor.code.tex"
Loading pgffor.code.tex

("C:\Users\fengh\AppData\Local\Programs\MiKTeX 2.9\tex/generic/pgf/math\pgfmath
.code.tex"
("C:\Users\fengh\AppData\Local\Programs\MiKTeX 2.9\tex/generic/pgf/math\pgfmath
calc.code.tex"
("C:\Users\fengh\AppData\Local\Programs\MiKTeX 2.9\tex/generic/pgf/math\pgfmath
util.code.tex"
\pgf@x=\dimen149
\pgf@xa=\dimen150
\pgf@xb=\dimen151
\pgf@xc=\dimen152
\pgf@y=\dimen153
\pgf@ya=\dimen154
\pgf@yb=\dimen155
\pgf@yc=\dimen156
\c@pgf@counta=\count198
\c@pgf@countb=\count199
\c@pgf@countc=\count266
\c@pgf@countd=\count267
\pgfutil@tempcnta=\count268
\pgfutil@tempcntb=\count269
)
("C:\Users\fengh\AppData\Local\Programs\MiKTeX 2.9\tex/generic/pgf/math\pgfmath
parser.code.tex"
\pgfmath@dimen=\dimen157
\pgfmath@count=\count270
\pgfmath@box=\box46
\pgfmath@toks=\toks22
\pgfmath@stack@operand=\toks23
\pgfmath@stack@operation=\toks24
)
("C:\Users\fengh\AppData\Local\Programs\MiKTeX 2.9\tex/generic/pgf/math\pgfmath
functions.code.tex"
("C:\Users\fengh\AppData\Local\Programs\MiKTeX 2.9\tex/generic/pgf/math\pgfmath
functions.basic.code.tex")
("C:\Users\fengh\AppData\Local\Programs\MiKTeX 2.9\tex/generic/pgf/math\pgfmath
functions.trigonometric.code.tex")
("C:\Users\fengh\AppData\Local\Programs\MiKTeX 2.9\tex/generic/pgf/math\pgfmath
functions.random.code.tex")
("C:\Users\fengh\AppData\Local\Programs\MiKTeX 2.9\tex/generic/pgf/math\pgfmath
functions.comparison.code.tex")
("C:\Users\fengh\AppData\Local\Programs\MiKTeX 2.9\tex/generic/pgf/math\pgfmath
functions.base.code.tex")
("C:\Users\fengh\AppData\Local\Programs\MiKTeX 2.9\tex/generic/pgf/math\pgfmath
functions.round.code.tex")
("C:\Users\fengh\AppData\Local\Programs\MiKTeX 2.9\tex/generic/pgf/math\pgfmath
functions.misc.code.tex")
("C:\Users\fengh\AppData\Local\Programs\MiKTeX 2.9\tex/generic/pgf/math\pgfmath
functions.integerarithmetics.code.tex")))
("C:\Users\fengh\AppData\Local\Programs\MiKTeX 2.9\tex/generic/pgf/math\pgfmath
float.code.tex"
\c@pgfmathroundto@lastzeros=\count271
))
\pgffor@iter=\dimen158
\pgffor@skip=\dimen159
\pgffor@stack=\toks25
\pgffor@toks=\toks26
)
\psLoopIndex=\count272

`PSTricks' v2.97  <2019/05/11> (tvz,hv)
\pst@dima=\dimen160
\pst@dimb=\dimen161
\pst@dimc=\dimen162
\pst@dimd=\dimen163
\pst@dimg=\dimen164
\pst@dimh=\dimen165
\pst@dimm=\dimen166
\pst@dimn=\dimen167
\pst@dimo=\dimen168
\pst@dimp=\dimen169
\pst@hbox=\box47
\pst@ibox=\box48
\pst@boxg=\box49
\pst@cnta=\count273
\pst@cntb=\count274
\pst@cntc=\count275
\pst@cntd=\count276
\pst@cntg=\count277
\pst@cnth=\count278
\pst@cntm=\count279
\pst@cntn=\count280
\pst@cnto=\count281
\pst@cntp=\count282
\@zero=\count283
\pst@toks=\toks27

("C:\Users\fengh\AppData\Local\Programs\MiKTeX 2.9\tex/generic/pstricks\pstrick
s.con")
\psunit=\dimen170
\psxunit=\dimen171
\psyunit=\dimen172
\pst@C@@rType=\count284
\pslinewidth=\dimen173
\psk@startLW=\dimen174
\psk@endLW=\dimen175
\pst@customdefs=\toks28
\pslinearc=\dimen176
\pst@symbolStep=\dimen177
\pst@symbolWidth=\dimen178
\pst@symbolLinewidth=\dimen179
\everypsbox=\toks29
\psframesep=\dimen180
\pslabelsep=\dimen181
\sh@wgridXunit=\dimen182
\sh@wgridYunit=\dimen183
\pst@shift=\dimen184
)
File: pstricks.tex 2019/05/11 v2.97 `PSTricks' (tvz,hv)

("C:\Users\fengh\AppData\Local\Programs\MiKTeX 2.9\tex/generic/pstricks\pst-fp.
tex")
File: pst-fp.tex 2019/05/11 v2.97 `PST-fp' (hv)
)
("C:\Users\fengh\AppData\Local\Programs\MiKTeX 2.9\tex/latex/pst-plot\pst-plot.
sty"
Package: pst-plot 2011/06/05 v1.00 LaTeX wrapper for `pst-plot' (HV)

("C:\Users\fengh\AppData\Local\Programs\MiKTeX 2.9\tex/latex/xkeyval\pst-xkey.s
ty"
Package: pst-xkey 2005/11/25 v1.6 package wrapper for pst-xkey.tex (HA)
)
("C:\Users\fengh\AppData\Local\Programs\MiKTeX 2.9\tex/latex/multido\multido.st
y"
Package: multido 2004/05/17 package wrapper for PSTricks `multido.tex', (HV/RN)


("C:\Users\fengh\AppData\Local\Programs\MiKTeX 2.9\tex/generic/multido\multido.
tex"  v1.42, 2010/05/14 <tvz>
\multido@count=\count285
\multidocount=\count286
\multido@stuff=\toks30
)
File: multido.tex 2010/05/14 v1.42 `multido' (tvz,hv)
)
Package: pst-plot 2011/04/13 package wrapper for pst-plot.tex (hv)

("C:\Users\fengh\AppData\Local\Programs\MiKTeX 2.9\tex/generic/pst-plot\pst-plo
t.tex"
("C:\Users\fengh\AppData\Local\Programs\MiKTeX 2.9\tex/generic/pst-tools\pst-to
ols.tex" `PST-tools' v0.10, 2020/03/24 (hv)
\randomi=\count287
\ranval=\count288
)
("C:\Users\fengh\AppData\Local\Programs\MiKTeX 2.9\tex/generic/pstricks-add\pst
ricks-add.tex"
("C:\Users\fengh\AppData\Local\Programs\MiKTeX 2.9\tex/generic/pst-node\pst-nod
e.tex"  v1.42a, 2020/04/01
\psrow=\count289
\pscol=\count290
\psmatrixcnt=\count291
\psrowsep=\skip55
\pscolsep=\skip56
\pst@args=\count292
\num@pts=\count293
\pst@argcnt=\count294
)
("C:\Users\fengh\AppData\Local\Programs\MiKTeX 2.9\tex/generic/pst-arrow\pst-ar
row.tex" `pst-arrow' v0.01, 2016/09/01 (dr,hv)
\pshooklength=\dimen185
\pshookwidth=\dimen186
)
("C:\Users\fengh\AppData\Local\Programs\MiKTeX 2.9\tex/generic/pst-3d\pst-3d.te
x" `PST-3d' v1.11, 2010/02/14 (tvz))
("C:\Users\fengh\AppData\Local\Programs\MiKTeX 2.9\tex/generic/pst-math\pst-mat
h.tex" `pst-math' v0.64 , (CJ,hv)) `pstricks-add' v3.89a, 2020/02/12 (dr,hv)
\psparallelogramsep=\dimen187
\pst@cntC=\count295
\pst@stepcount=\count296
\chart@ColorIndex=\dimen188
\chart@ColorStep=\dimen189
\pst@chartHeight=\dimen190
\pst@chartStackDepth=\dimen191
\pst@chartStackWidth=\dimen192
\chart@Toggle=\count297
\psVectorCtr=\count298
)
 v1.92, 2019/05/16 (tvz,hv)
\pstRadUnit=\dimen193
\pstRadUnitInv=\dimen194
\pst@linecnt=\count299
\RCD@file=\read3
\psxlabelsep=\dimen195
\psylabelsep=\dimen196
\psk@subticksize=\dimen197
\pst@xticksizeA=\dimen198
\pst@xticksizeB=\dimen199
\pst@xticksizeC=\dimen256
\pst@yticksizeA=\dimen257
\pst@yticksizeB=\dimen258
\pst@yticksizeC=\dimen259
\@digitcounter=\count300
\psk@llx=\dimen260
\psk@lly=\dimen261
\psk@urx=\dimen262
\psk@ury=\dimen263
\pst@xunit=\dimen264
\pst@yunit=\dimen265
)
File: pst-plot.tex 2019/05/16 1.92 `pst-plot' (tvz,hv)
)
("C:\Users\fengh\AppData\Local\Programs\MiKTeX 2.9\tex/latex/pst-node\pst-node.
sty"
Package: pst-node 2012/09/18 v1.01 LaTeX wrapper for `pst-node' (HV)
Package: pst-node 2010/04/22 package wrapper for pst-node.tex

("C:\Users\fengh\AppData\Local\Programs\MiKTeX 2.9\tex/generic/pst-node\pst-nod
e.tex")
File: pst-node.tex 2019/05/16 1.92 `pst-node' (tvz,hv)
)
("C:\Users\fengh\AppData\Local\Programs\MiKTeX 2.9\tex/latex/pst-tree\pst-tree.
sty"
Package: pst-tree 2009/01/25 package wrapper for pst-tree.tex

("C:\Users\fengh\AppData\Local\Programs\MiKTeX 2.9\tex/generic/pst-tree\pst-tre
e.tex"  v1.13, 2017/02/18(tvz,dg,hv)
\pstree@rootbox=\box50
\pstree@box=\box51
\psnodecnt=\count301
\pstreelevel=\count302
\pstreecnt=\count303
\pstree@cnt=\count304
\pstree@stop=\count305
)
File: pst-tree.tex 2017/02/18 1.13 `pst-tree' (tvz,hv)
)
("C:\Users\fengh\AppData\Local\Programs\MiKTeX 2.9\tex/latex/pst-grad\pst-grad.
sty"
Package: pst-grad 2004/07/15 package wrapper for pst-grad.tex (hv)

("C:\Users\fengh\AppData\Local\Programs\MiKTeX 2.9\tex/generic/pst-grad\pst-gra
d.tex" `pst-grad' v1.06, 2006/11/27 (tvz,dg,hv))
File: pst-grad.tex 2006/11/27 1.06 `pst-grad' (tvz)
)
("C:\Users\fengh\AppData\Local\Programs\MiKTeX 2.9\tex/latex/pst-coil\pst-coil.
sty"
Package: pst-coil 2010/02/01 package wrapper for pst-coil.tex (hv)

("C:\Users\fengh\AppData\Local\Programs\MiKTeX 2.9\tex/generic/pst-coil\pst-coi
l.tex"  v1.06, 2006/11/27
("C:\Users\fengh\AppData\Local\Programs\MiKTeX 2.9\tex/generic/pst-node\pst-nod
e.tex"))
File: pst-coil.tex 2015/05/13 v1.07 `PST-coil' (tvz,hv)
)
("C:\Users\fengh\AppData\Local\Programs\MiKTeX 2.9\tex/latex/pst-text\pst-text.
sty"
Package: pst-text 2018/12/28 package wrapper for pst-text.tex (hv)

("C:\Users\fengh\AppData\Local\Programs\MiKTeX 2.9\tex/generic/pst-text\pst-tex
t.tex"  v1.01, 2018/12/22(tvz,hv))
File: pst-text.tex 2018/12/22 1.01 `pst-text' (tvz)
)
("C:\Users\fengh\AppData\Local\Programs\MiKTeX 2.9\tex/latex/pst-3d\pst-3d.sty"
Package: pst-3d 2009/07/28 package wrapper for pst-3d.tex (hv)

("C:\Users\fengh\AppData\Local\Programs\MiKTeX 2.9\tex/generic/pst-3d\pst-3d.te
x")
File: pst-3d.tex 2018/12/22 v1.01 `PST-3d' (hv)
)
("C:\Users\fengh\AppData\Local\Programs\MiKTeX 2.9\tex/latex/pst-eps\pst-eps.st
y"
Package: pst-eps 2005/05/20 package wrapper for pst-eps.tex (hv)

("C:\Users\fengh\AppData\Local\Programs\MiKTeX 2.9\tex/generic/pst-eps\pst-eps.
tex"  v1.00, 2006/11/04
\pst@epsout=\write3
\pst@tempout=\write4
)
File: pst-eps.tex 2006/11/04 1.00 `pst-eps' (tvz)
)
("C:\Users\fengh\AppData\Local\Programs\MiKTeX 2.9\tex/latex/pst-fill\pst-fill.
sty"
Package: pst-fill 2005/09/13 package wrapper for pst-fill.tex (hv)

("C:\Users\fengh\AppData\Local\Programs\MiKTeX 2.9\tex/generic/pst-fill\pst-fil
l.tex" `PST-Fill' v1.01, 2007/03/10 (tvz,dg,hv)
\pst@fillbox=\box52
)
File: pst-fill.tex 2007/03/10 v1.01 `PST-fill' (tvz,dg)
)
("C:\Users\fengh\AppData\Local\Programs\MiKTeX 2.9\tex/latex/pstricks-add\pstri
cks-add.sty"
("C:\Users\fengh\AppData\Local\Programs\MiKTeX 2.9\tex/latex/pst-math\pst-math.
sty"
Package: pst-math 2018/12/16 v 0.65 package wrapper for PSTricks pst-math.tex

("C:\Users\fengh\AppData\Local\Programs\MiKTeX 2.9\tex/latex/pst-calculate\pst-
calculate.sty"
Package: pst-calculate 2019/01/24 v. 0.02(Herbert Voss) Support for caculations
 with floating point numbers.

("C:\Users\fengh\AppData\Local\Programs\MiKTeX 2.9\tex/latex/l3packages/xparse\
xparse.sty"
("C:\Users\fengh\AppData\Local\Programs\MiKTeX 2.9\tex/latex/l3kernel\expl3.sty
"
Package: expl3 2020-06-03 L3 programming layer (loader) 

("C:\Users\fengh\AppData\Local\Programs\MiKTeX 2.9\tex/latex/l3backend\l3backen
d-pdfmode.def"
File: l3backend-pdfmode.def 2020-06-03 L3 backend support: PDF mode
\l__kernel_color_stack_int=\count306
\l__pdf_internal_box=\box53
))
Package: xparse 2020-05-15 L3 Experimental document command parser

("C:\Users\fengh\AppData\Local\Programs\MiKTeX 2.9\tex/latex/l3packages/xparse\
xparse-generic.tex"
\l__xparse_current_arg_int=\count307
\g__xparse_grabber_int=\count308
\l__xparse_m_args_int=\count309
\l__xparse_v_nesting_int=\count310
))
("C:\Users\fengh\AppData\Local\Programs\MiKTeX 2.9\tex/latex/siunitx\siunitx.st
y"
Package: siunitx 2020/02/25 v2.8b A comprehensive (SI) units package

("C:\Users\fengh\AppData\Local\Programs\MiKTeX 2.9\tex/latex/amsmath\amstext.st
y"
Package: amstext 2000/06/29 v2.01 AMS text

("C:\Users\fengh\AppData\Local\Programs\MiKTeX 2.9\tex/latex/amsmath\amsgen.sty
"
File: amsgen.sty 1999/11/30 v2.0 generic functions
\@emptytoks=\toks31
\ex@=\dimen266
)) ("C:\Users\fengh\AppData\Local\Programs\MiKTeX 2.9\tex/latex/tools\array.sty
"
Package: array 2019/08/31 v2.4l Tabular extension package (FMi)
\col@sep=\dimen267
\ar@mcellbox=\box54
\extrarowheight=\dimen268
\NC@list=\toks32
\extratabsurround=\skip57
\backup@length=\skip58
\ar@cellbox=\box55
)
("C:\Users\fengh\AppData\Local\Programs\MiKTeX 2.9\tex/latex/l3packages/l3keys2
e\l3keys2e.sty"
Package: l3keys2e 2020-05-15 LaTeX2e option processing using LaTeX3 keys
)
\l__siunitx_tmp_box=\box56
\l__siunitx_tmp_dim=\dimen269
\l__siunitx_tmp_int=\count311
\l__siunitx_number_mantissa_length_int=\count312
\l__siunitx_number_uncert_length_int=\count313
\l__siunitx_round_int=\count314
\l__siunitx_process_decimal_int=\count315
\l__siunitx_process_uncertainty_int=\count316
\l__siunitx_process_fixed_int=\count317
\l__siunitx_process_integer_min_int=\count318
\l__siunitx_process_precision_int=\count319
\l__siunitx_group_min_int=\count320
\l__siunitx_angle_marker_box=\box57
\l__siunitx_angle_unit_box=\box58
\l__siunitx_angle_marker_dim=\dimen270
\l__siunitx_angle_unit_dim=\dimen271
\l__siunitx_unit_int=\count321
\l__siunitx_unit_denominator_int=\count322
\l__siunitx_unit_numerator_int=\count323
\l__siunitx_unit_prefix_int=\count324
\l__siunitx_unit_prefix_base_int=\count325
\l__siunitx_unit_prefix_gram_int=\count326
\l__siunitx_number_product_int=\count327
\c__siunitx_one_fill_skip=\skip59
\l__siunitx_table_unit_align_skip=\skip60
\l__siunitx_table_exponent_dim=\dimen272
\l__siunitx_table_integer_dim=\dimen273
\l__siunitx_table_mantissa_dim=\dimen274
\l__siunitx_table_marker_dim=\dimen275
\l__siunitx_table_result_dim=\dimen276
\l__siunitx_table_uncert_dim=\dimen277
\l__siunitx_table_fill_pre_dim=\dimen278
\l__siunitx_table_fill_post_dim=\dimen279
\l__siunitx_table_fill_mid_dim=\dimen280
\l__siunitx_table_pre_box=\box59
\l__siunitx_table_post_box=\box60
\l__siunitx_table_mantissa_box=\box61
\l__siunitx_table_result_box=\box62
\l__siunitx_table_number_align_skip=\skip61
\l__siunitx_table_text_align_skip=\skip62

("C:\Users\fengh\AppData\Local\Programs\MiKTeX 2.9\tex/latex/translator\transla
tor.sty"
Package: translator 2019-05-31 v1.12a Easy translation of strings in LaTeX
)))
("C:\Users\fengh\AppData\Local\Programs\MiKTeX 2.9\tex/generic/iftex\ifluatex.s
ty"
Package: ifluatex 2019/10/25 v1.5 ifluatex legacy package. Use iftex instead.
)
("C:\Users\fengh\AppData\Local\Programs\MiKTeX 2.9\tex/latex/xstring\xstring.st
y"
("C:\Users\fengh\AppData\Local\Programs\MiKTeX 2.9\tex/generic/xstring\xstring.
tex"
\integerpart=\count328
\decimalpart=\count329
)
Package: xstring 2019/02/06 v1.83 String manipulations (CT)
)
("C:\Users\fengh\AppData\Local\Programs\MiKTeX 2.9\tex/generic/pst-math\pst-mat
h.tex")
File: pst-math.tex 2007/03/10 v1.01 `PST-math' (hv)
\c@Rand@No=\count330
\c@Random@Left=\count331
\c@Random@Right=\count332
\c@Random@No@max=\count333
)
Package: pstricks-add 2018/02/04 v. 0.16 package wrapper for pstricks-add.tex (
hv)

("C:\Users\fengh\AppData\Local\Programs\MiKTeX 2.9\tex/generic/pstricks-add\pst
ricks-add.tex")
File: pstricks-add.tex 2007/03/10 v1.01 `PSTricks-add' (hv)
))
("C:\Users\fengh\AppData\Local\Programs\MiKTeX 2.9\tex/latex/amsfonts\amssymb.s
ty"
Package: amssymb 2013/01/14 v3.01 AMS font symbols

("C:\Users\fengh\AppData\Local\Programs\MiKTeX 2.9\tex/latex/amsfonts\amsfonts.
sty"
Package: amsfonts 2013/01/14 v3.01 Basic AMSFonts support
\symAMSa=\mathgroup4
\symAMSb=\mathgroup5
LaTeX Font Info:    Redeclaring math symbol \hbar on input line 98.
LaTeX Font Info:    Overwriting math alphabet `\mathfrak' in version `bold'
(Font)                  U/euf/m/n --> U/euf/b/n on input line 106.
))
("C:\Users\fengh\AppData\Local\Programs\MiKTeX 2.9\tex/latex/amsmath\amsmath.st
y"
Package: amsmath 2020/01/20 v2.17e AMS math features
\@mathmargin=\skip63

For additional information on amsmath, use the `?' option.
("C:\Users\fengh\AppData\Local\Programs\MiKTeX 2.9\tex/latex/amsmath\amsbsy.sty
"
Package: amsbsy 1999/11/29 v1.2d Bold Symbols
\pmbraise@=\dimen281
)
("C:\Users\fengh\AppData\Local\Programs\MiKTeX 2.9\tex/latex/amsmath\amsopn.sty
"
Package: amsopn 2016/03/08 v2.02 operator names
)
\inf@bad=\count334
LaTeX Info: Redefining \frac on input line 227.
\uproot@=\count335
\leftroot@=\count336
LaTeX Info: Redefining \overline on input line 389.
\classnum@=\count337
\DOTSCASE@=\count338
LaTeX Info: Redefining \ldots on input line 486.
LaTeX Info: Redefining \dots on input line 489.
LaTeX Info: Redefining \cdots on input line 610.
\Mathstrutbox@=\box63
\strutbox@=\box64
\big@size=\dimen282
LaTeX Font Info:    Redeclaring font encoding OML on input line 733.
LaTeX Font Info:    Redeclaring font encoding OMS on input line 734.
\macc@depth=\count339
\c@MaxMatrixCols=\count340
\dotsspace@=\muskip16
\c@parentequation=\count341
\dspbrk@lvl=\count342
\tag@help=\toks33
\row@=\count343
\column@=\count344
\maxfields@=\count345
\andhelp@=\toks34
\eqnshift@=\dimen283
\alignsep@=\dimen284
\tagshift@=\dimen285
\tagwidth@=\dimen286
\totwidth@=\dimen287
\lineht@=\dimen288
\@envbody=\toks35
\multlinegap=\skip64
\multlinetaggap=\skip65
\mathdisplay@stack=\toks36
LaTeX Info: Redefining \[ on input line 2859.
LaTeX Info: Redefining \] on input line 2860.
)
("C:\Users\fengh\AppData\Local\Programs\MiKTeX 2.9\tex/latex/jknappen\mathrsfs.
sty"
Package: mathrsfs 1996/01/01 Math RSFS package v1.0 (jk)
\symrsfs=\mathgroup6
)
("C:\Users\fengh\AppData\Local\Programs\MiKTeX 2.9\tex/latex/base\fontenc.sty"
Package: fontenc 2020/02/11 v2.0o Standard LaTeX package
)
("C:\Users\fengh\AppData\Local\Programs\MiKTeX 2.9\tex/latex/setspace\setspace.
sty"
Package: setspace 2011/12/19 v6.7a set line spacing
)
("C:\Users\fengh\AppData\Local\Programs\MiKTeX 2.9\tex/latex/multirow\multirow.
sty"
Package: multirow 2019/05/31 v2.5 Span multiple rows of a table
\multirow@colwidth=\skip66
\multirow@cntb=\count346
\multirow@dima=\skip67
\bigstrutjot=\dimen289
)
("C:\Users\fengh\AppData\Local\Programs\MiKTeX 2.9\tex/latex/colortbl\colortbl.
sty"
Package: colortbl 2020/01/04 v1.0e Color table columns (DPC)
\everycr=\toks37
\minrowclearance=\skip68
)
("C:\Users\fengh\AppData\Local\Programs\MiKTeX 2.9\tex/latex/graphics\rotating.
sty"
Package: rotating 2016/08/11 v2.16d rotated objects in LaTeX

("C:\Users\fengh\AppData\Local\Programs\MiKTeX 2.9\tex/latex/base\ifthen.sty"
Package: ifthen 2014/09/29 v1.1c Standard LaTeX ifthen package (DPC)
)
\c@r@tfl@t=\count347
\rotFPtop=\skip69
\rotFPbot=\skip70
\rot@float@box=\box65
\rot@mess@toks=\toks38
) ("C:\Users\fengh\AppData\Local\Programs\MiKTeX 2.9\tex/latex/natbib\natbib.st
y"
Package: natbib 2010/09/13 8.31b (PWD, AO)
\bibhang=\skip71
\bibsep=\skip72
LaTeX Info: Redefining \cite on input line 694.
\c@NAT@ctr=\count348
)
("C:\Users\fengh\AppData\Local\Programs\MiKTeX 2.9\tex/latex/fancyhdr\fancyhdr.
sty"
Package: fancyhdr 2019/01/31 v3.10 Extensive control of page headers and footer
s
\f@nch@headwidth=\skip73
\f@nch@O@elh=\skip74
\f@nch@O@erh=\skip75
\f@nch@O@olh=\skip76
\f@nch@O@orh=\skip77
\f@nch@O@elf=\skip78
\f@nch@O@erf=\skip79
\f@nch@O@olf=\skip80
\f@nch@O@orf=\skip81
)
("C:\Users\fengh\AppData\Local\Programs\MiKTeX 2.9\tex/latex/geometry\geometry.
sty"
Package: geometry 2020/01/02 v5.9 Page Geometry

("C:\Users\fengh\AppData\Local\Programs\MiKTeX 2.9\tex/generic/iftex\ifvtex.sty
"
Package: ifvtex 2019/10/25 v1.7 ifvtex legacy package. Use iftex instead.
)
\Gm@cnth=\count349
\Gm@cntv=\count350
\c@Gm@tempcnt=\count351
\Gm@bindingoffset=\dimen290
\Gm@wd@mp=\dimen291
\Gm@odd@mp=\dimen292
\Gm@even@mp=\dimen293
\Gm@layoutwidth=\dimen294
\Gm@layoutheight=\dimen295
\Gm@layouthoffset=\dimen296
\Gm@layoutvoffset=\dimen297
\Gm@dimlist=\toks39

("C:\Users\fengh\AppData\Local\Programs\MiKTeX 2.9\tex/latex/geometry\geometry.
cfg"))) (macro.tex) (main.aux (sh/frontpage.aux) (sh/copyright.aux)
(sh/signaturepage.aux) (sh/abstract.aux) (sh/to.aux) (sh/ack.aux)
(sh/notation.aux) (chapters/ch1.aux) (chapters/ch2.aux) (chapters/ch3.aux

LaTeX Warning: Label `nao_body' multiply defined.


LaTeX Warning: Label `mic_loc' multiply defined.


LaTeX Warning: Label `xylo640' multiply defined.


LaTeX Warning: Label `griper' multiply defined.


LaTeX Warning: Label `room' multiply defined.


LaTeX Warning: Label `room_pana' multiply defined.


LaTeX Warning: Label `module' multiply defined.


LaTeX Warning: Label `stft' multiply defined.


LaTeX Warning: Label `LD' multiply defined.

) (chapters/ch4.aux

LaTeX Warning: Label `cwt_eda' multiply defined.


LaTeX Warning: Label `feature' multiply defined.


LaTeX Warning: Label `svm' multiply defined.


LaTeX Warning: Label `mother_wave' multiply defined.


LaTeX Warning: Label `edaresult' multiply defined.


LaTeX Warning: Label `svmknn' multiply defined.

) (chapters/ch5.aux

LaTeX Warning: Label `warmup' multiply defined.


LaTeX Warning: Label `song' multiply defined.


LaTeX Warning: Label `tab1' multiply defined.


LaTeX Warning: Label `tab2' multiply defined.


LaTeX Warning: Label `tab3' multiply defined.


LaTeX Warning: Label `tab4' multiply defined.

) (chapters/ch6.aux) (chapters/ch7.aux

LaTeX Warning: Label `sensor_s' multiply defined.


LaTeX Warning: Label `sensor' multiply defined.


LaTeX Warning: Label `opAmp' multiply defined.


LaTeX Warning: Label `sensor_op' multiply defined.


LaTeX Warning: Label `mux' multiply defined.


LaTeX Warning: Label `arduino' multiply defined.


LaTeX Warning: Label `circuit' multiply defined.


LaTeX Warning: Label `chuckflow' multiply defined.

) (sh/vita.aux))
\openout1 = `main.aux'.

LaTeX Font Info:    Checking defaults for OML/cmm/m/it on input line 10.
LaTeX Font Info:    ... okay on input line 10.
LaTeX Font Info:    Checking defaults for OMS/cmsy/m/n on input line 10.
LaTeX Font Info:    ... okay on input line 10.
LaTeX Font Info:    Checking defaults for OT1/cmr/m/n on input line 10.
LaTeX Font Info:    ... okay on input line 10.
LaTeX Font Info:    Checking defaults for T1/cmr/m/n on input line 10.
LaTeX Font Info:    ... okay on input line 10.
LaTeX Font Info:    Checking defaults for TS1/cmr/m/n on input line 10.
LaTeX Font Info:    ... okay on input line 10.
LaTeX Font Info:    Checking defaults for OMX/cmex/m/n on input line 10.
LaTeX Font Info:    ... okay on input line 10.
LaTeX Font Info:    Checking defaults for U/cmr/m/n on input line 10.
LaTeX Font Info:    ... okay on input line 10.

("C:\Users\fengh\AppData\Local\Programs\MiKTeX 2.9\tex/context/base/mkii\supp-p
df.mkii"
[Loading MPS to PDF converter (version 2006.09.02).]
\scratchcounter=\count352
\scratchdimen=\dimen298
\scratchbox=\box66
\nofMPsegments=\count353
\nofMParguments=\count354
\everyMPshowfont=\toks40
\MPscratchCnt=\count355
\MPscratchDim=\dimen299
\MPnumerator=\count356
\makeMPintoPDFobject=\count357
\everyMPtoPDFconversion=\toks41
)
("C:\Users\fengh\AppData\Local\Programs\MiKTeX 2.9\tex/latex/epstopdf-pkg\epsto
pdf-base.sty"
Package: epstopdf-base 2020-01-24 v2.11 Base part for package epstopdf
Package epstopdf-base Info: Redefining graphics rule for `.eps' on input line 4
85.
)
("C:\Users\fengh\AppData\Local\Programs\MiKTeX 2.9\tex/latex/translator\transla
tor-basic-dictionary-English.dict"
Dictionary: translator-basic-dictionary, Language: English 
)
("C:\Users\fengh\AppData\Local\Programs\MiKTeX 2.9\tex/latex/siunitx\siunitx-ab
breviations.cfg"
File: siunitx-abbreviations.cfg 2017/11/26 v2.7k siunitx: Abbreviated units
)
*geometry* driver: auto-detecting
*geometry* detected driver: pdftex
*geometry* verbose mode - [ preamble ] result:
* driver: pdftex
* paper: <default>
* layout: <same size as paper>
* layoutoffset:(h,v)=(0.0pt,0.0pt)
* modes: 
* h-part:(L,W,R)=(108.405pt, 433.62pt, 72.27pt)
* v-part:(T,H,B)=(72.26999pt, 650.43pt, 72.27pt)
* \paperwidth=614.295pt
* \paperheight=794.96999pt
* \textwidth=433.62pt
* \textheight=650.43pt
* \oddsidemargin=36.13501pt
* \evensidemargin=36.13501pt
* \topmargin=-37.0pt
* \headheight=12.0pt
* \headsep=25.0pt
* \topskip=12.0pt
* \footskip=30.0pt
* \marginparwidth=44.0pt
* \marginparsep=10.0pt
* \columnsep=10.0pt
* \skip\footins=10.8pt plus 4.0pt minus 2.0pt
* \hoffset=0.0pt
* \voffset=0.0pt
* \mag=1000
* \@twocolumnfalse
* \@twosidefalse
* \@mparswitchfalse
* \@reversemarginfalse
* (1in=72.27pt=25.4mm, 1cm=28.453pt)

LaTeX Font Info:    Trying to load font information for U+msa on input line 10.

("C:\Users\fengh\AppData\Local\Programs\MiKTeX 2.9\tex/latex/amsfonts\umsa.fd"
File: umsa.fd 2013/01/14 v3.01 AMS symbols A
)
LaTeX Font Info:    Trying to load font information for U+msb on input line 10.

("C:\Users\fengh\AppData\Local\Programs\MiKTeX 2.9\tex/latex/amsfonts\umsb.fd"
File: umsb.fd 2013/01/14 v3.01 AMS symbols B
)
LaTeX Font Info:    Trying to load font information for U+rsfs on input line 10
.
("C:\Users\fengh\AppData\Local\Programs\MiKTeX 2.9\tex/latex/jknappen\ursfs.fd"
File: ursfs.fd 1998/03/24 rsfs font definition file (jk)
)
\openout2 = `./sh/frontpage.aux'.

 (sh/frontpage.tex) [1
Non-PDF special ignored!
<special> header=pstricks.pro
Non-PDF special ignored!
<special> header=pst-algparser.pro
Non-PDF special ignored!
<special> header=pst-tools.pro
Non-PDF special ignored!
<special> header=pst-dots.pro
Non-PDF special ignored!
<special> header=pst-node.pro
Non-PDF special ignored!
<special> header=pst-3d.pro
Non-PDF special ignored!
<special> header=pst-math.pro
Non-PDF special ignored!
<special> header=pstricks-add.pro
Non-PDF special ignored!
<special> header=pst-grad.pro
Non-PDF special ignored!
<special> header=pst-coil.pro
Non-PDF special ignored!
<special> header=pst-text.pro
Non-PDF special ignored!
<special> papersize=614.295pt,794.96999pt

Non-PDF special ignored!
<special> ps: /pssetRGBcolor /setrgbcolor load def /pssetCMYKcolor /setcmyk...
Non-PDF special ignored!
<special> ps:tx@Dict begin  gsave STV CP T /ps@rot 0 def grestore  end
Non-PDF special ignored!
<special> ps:tx@Dict begin  gsave STV CP T /ps@refangle 0.  def grestore  e...
Non-PDF special ignored!
<special> ps:tx@Dict begin  gsave STV CP T /ps@rot 0 def grestore  end
Non-PDF special ignored!
<special> !userdict begin /bop-hook{gsave 510 770 translate -45 rotate 0.70...

{C:/Users/fengh/AppData/Local/MiKTeX/2.9/pdftex/config/pdftex.map}]
\openout2 = `./sh/copyright.aux'.


(sh/copyright.tex) [2


]
\openout2 = `./sh/signaturepage.aux'.

 (sh/signaturepage.tex) [3


]
\openout2 = `./sh/abstract.aux'.

 (sh/abstract.tex) [4


]
[5]
\openout2 = `./sh/to.aux'.

 (sh/to.tex) [3


]
\openout2 = `./sh/ack.aux'.

 (sh/ack.tex) [4


] (main.toc [5


] [6] [7])
\tf@toc=\write5
\openout5 = `main.toc'.

 [8] (main.lof
[9

]
Overfull \hbox (9.82869pt too wide) in paragraph at lines 19--19
 [][] []\T1/cmr/m/it/12 The wavelet-based fea-ture ex-trac-tion. Uisng the C-Mo
rlet mother wavelet, 
 []

[10])
\tf@lof=\write6
\openout6 = `main.lof'.

 [11] (main.lot [12

])
\tf@lot=\write7
\openout7 = `main.lot'.

 [13]
\openout2 = `./sh/notation.aux'.

 (sh/notation.tex) [14

]
\openout2 = `./chapters/ch1.aux'.

 (chapters/ch1.tex
Chapter 1.

Underfull \hbox (badness 10000) in paragraph at lines 4--18

 []

[1



]
Underfull \hbox (badness 10000) in paragraph at lines 19--32

 []


Underfull \hbox (badness 10000) in paragraph at lines 33--40

 []

[2]
Underfull \hbox (badness 10000) in paragraph at lines 43--63

 []

[3]
Underfull \hbox (badness 10000) in paragraph at lines 64--71

 []


Underfull \hbox (badness 10000) in paragraph at lines 72--82

 []

[4]
Underfull \hbox (badness 10000) in paragraph at lines 83--92

 []


Underfull \hbox (badness 10000) in paragraph at lines 95--108

 []

[5]
Underfull \hbox (badness 10000) in paragraph at lines 109--117

 []


Underfull \hbox (badness 10000) in paragraph at lines 118--128

 []

[6]
Underfull \hbox (badness 10000) in paragraph at lines 129--154

 []

[7]
Underfull \hbox (badness 10000) in paragraph at lines 155--161

 []

[8]
Underfull \hbox (badness 10000) in paragraph at lines 176--194

 []

[9]
Underfull \hbox (badness 10000) in paragraph at lines 200--213

 []


Underfull \hbox (badness 10000) in paragraph at lines 215--223

 []

[10]
Underfull \hbox (badness 10000) in paragraph at lines 225--228

 []


Underfull \hbox (badness 10000) in paragraph at lines 231--238

 []

) [11] [12]
\openout2 = `./chapters/ch2.aux'.

 (chapters/ch2.tex
Chapter 2.

Underfull \hbox (badness 10000) in paragraph at lines 4--25

 []

[13



]
Underfull \hbox (badness 10000) in paragraph at lines 26--37

 []


Underfull \hbox (badness 10000) in paragraph at lines 38--44

 []

[14]
Underfull \hbox (badness 10000) in paragraph at lines 47--51

 []


Underfull \hbox (badness 10000) in paragraph at lines 53--57

 []


Underfull \hbox (badness 10000) in paragraph at lines 59--65

 []

[15]
Underfull \hbox (badness 10000) in paragraph at lines 70--74

 []


Underfull \hbox (badness 10000) in paragraph at lines 76--87

 []

[16]
Underfull \hbox (badness 10000) in paragraph at lines 89--98

 []

[17] [18] [19] [20] [21] [22] [23] [24] [25] [26] [27] [28] [29]
Underfull \hbox (badness 10000) in paragraph at lines 143--160

 []

[30]
Underfull \hbox (badness 10000) in paragraph at lines 161--170

 []

[31]
Underfull \hbox (badness 10000) in paragraph at lines 183--187

 []


Underfull \hbox (badness 10000) in paragraph at lines 188--195

 []


Underfull \hbox (badness 10000) in paragraph at lines 196--206

 []

[32]
Underfull \hbox (badness 10000) in paragraph at lines 207--214

 []


Underfull \hbox (badness 10000) in paragraph at lines 215--229

 []

[33] [34]
Underfull \hbox (badness 10000) in paragraph at lines 265--271

 []

[35]) [36]
\openout2 = `./chapters/ch3.aux'.

 (chapters/ch3.tex
Chapter 3.

Underfull \hbox (badness 10000) in paragraph at lines 2--18

 []

[37



]
Underfull \hbox (badness 10000) in paragraph at lines 22--34

 []

Package epstopdf Info: Source file: <./chapters/fig/naobody.eps>
(epstopdf)                    date: 2019-08-31 23:33:37
(epstopdf)                    size: 1573504 bytes
(epstopdf)             Output file: <./chapters/fig/naobody-eps-converted-to.pd
f>
(epstopdf)                    date: 2019-08-31 23:33:37
(epstopdf)                    size: 37386 bytes
(epstopdf)             Command: <epstopdf --outfile=./chapters/fig/naobody-eps-
converted-to.pdf ./chapters/fig/naobody.eps>
(epstopdf)             \includegraphics on input line 38.
Package epstopdf Info: Output file is already uptodate.


pdfTeX warning: pdflatex.exe (file ./chapters/fig/naobody-eps-converted-to.pdf)
: PDF inclusion: found PDF version <1.7>, but at most version <1.5> allowed
<./chapters/fig/naobody-eps-converted-to.pdf, id=182, 524.96124pt x 488.82625pt
>
File: ./chapters/fig/naobody-eps-converted-to.pdf Graphic file (type pdf)
<use ./chapters/fig/naobody-eps-converted-to.pdf>
Package pdftex.def Info: ./chapters/fig/naobody-eps-converted-to.pdf  used on i
nput line 38.
(pdftex.def)             Requested size: 419.96956pt x 391.06152pt.

Underfull \hbox (badness 10000) in paragraph at lines 44--53

 []

[38] [39 <./chapters/fig/naobody-eps-converted-to.pdf>]
Underfull \hbox (badness 10000) in paragraph at lines 54--60

 []

Package epstopdf Info: Source file: <./chapters/fig/mic.eps>
(epstopdf)                    date: 2019-08-31 23:33:37
(epstopdf)                    size: 1091679 bytes
(epstopdf)             Output file: <./chapters/fig/mic-eps-converted-to.pdf>
(epstopdf)                    date: 2019-08-31 23:33:37
(epstopdf)                    size: 22446 bytes
(epstopdf)             Command: <epstopdf --outfile=./chapters/fig/mic-eps-conv
erted-to.pdf ./chapters/fig/mic.eps>
(epstopdf)             \includegraphics on input line 64.
Package epstopdf Info: Output file is already uptodate.


pdfTeX warning: pdflatex.exe (file ./chapters/fig/mic-eps-converted-to.pdf): PD
F inclusion: found PDF version <1.7>, but at most version <1.5> allowed
<./chapters/fig/mic-eps-converted-to.pdf, id=193, 220.825pt x 124.465pt>
File: ./chapters/fig/mic-eps-converted-to.pdf Graphic file (type pdf)
<use ./chapters/fig/mic-eps-converted-to.pdf>
Package pdftex.def Info: ./chapters/fig/mic-eps-converted-to.pdf  used on input
 line 64.
(pdftex.def)             Requested size: 264.98866pt x 149.35724pt.

Underfull \hbox (badness 10000) in paragraph at lines 71--75

 []

[40]
Underfull \hbox (badness 10000) in paragraph at lines 77--92

 []

[41 <./chapters/fig/mic-eps-converted-to.pdf>]
Package epstopdf Info: Source file: <./chapters/fig/xylo640.eps>
(epstopdf)                    date: 2019-08-31 23:33:37
(epstopdf)                    size: 1896584 bytes
(epstopdf)             Output file: <./chapters/fig/xylo640-eps-converted-to.pd
f>
(epstopdf)                    date: 2019-08-31 23:33:37
(epstopdf)                    size: 27119 bytes
(epstopdf)             Command: <epstopdf --outfile=./chapters/fig/xylo640-eps-
converted-to.pdf ./chapters/fig/xylo640.eps>
(epstopdf)             \includegraphics on input line 96.
Package epstopdf Info: Output file is already uptodate.


pdfTeX warning: pdflatex.exe (file ./chapters/fig/xylo640-eps-converted-to.pdf)
: PDF inclusion: found PDF version <1.7>, but at most version <1.5> allowed
<./chapters/fig/xylo640-eps-converted-to.pdf, id=203, 642.4pt x 481.8pt>
File: ./chapters/fig/xylo640-eps-converted-to.pdf Graphic file (type pdf)
<use ./chapters/fig/xylo640-eps-converted-to.pdf>
Package pdftex.def Info: ./chapters/fig/xylo640-eps-converted-to.pdf  used on i
nput line 96.
(pdftex.def)             Requested size: 385.44298pt x 289.08221pt.

Underfull \hbox (badness 10000) in paragraph at lines 103--109

 []

Package epstopdf Info: Source file: <./chapters/fig/grip.eps>
(epstopdf)                    date: 2019-08-31 23:33:37
(epstopdf)                    size: 1069495 bytes
(epstopdf)             Output file: <./chapters/fig/grip-eps-converted-to.pdf>
(epstopdf)                    date: 2019-08-31 23:33:37
(epstopdf)                    size: 12905 bytes
(epstopdf)             Command: <epstopdf --outfile=./chapters/fig/grip-eps-con
verted-to.pdf ./chapters/fig/grip.eps>
(epstopdf)             \includegraphics on input line 113.
Package epstopdf Info: Output file is already uptodate.


pdfTeX warning: pdflatex.exe (file ./chapters/fig/grip-eps-converted-to.pdf): P
DF inclusion: found PDF version <1.7>, but at most version <1.5> allowed
<./chapters/fig/grip-eps-converted-to.pdf, id=204, 481.8pt x 361.35pt>
File: ./chapters/fig/grip-eps-converted-to.pdf Graphic file (type pdf)
<use ./chapters/fig/grip-eps-converted-to.pdf>
Package pdftex.def Info: ./chapters/fig/grip-eps-converted-to.pdf  used on inpu
t line 113.
(pdftex.def)             Requested size: 240.8994pt x 180.67456pt.

Underfull \hbox (badness 10000) in paragraph at lines 120--126

 []

[42 <./chapters/fig/xylo640-eps-converted-to.pdf>]
Package epstopdf Info: Source file: <./chapters/fig/left_view.eps>
(epstopdf)                    date: 2019-08-31 23:33:37
(epstopdf)                    size: 1896576 bytes
(epstopdf)             Output file: <./chapters/fig/left_view-eps-converted-to.
pdf>
(epstopdf)                    date: 2019-08-31 23:33:37
(epstopdf)                    size: 22231 bytes
(epstopdf)             Command: <epstopdf --outfile=./chapters/fig/left_view-ep
s-converted-to.pdf ./chapters/fig/left_view.eps>
(epstopdf)             \includegraphics on input line 130.
Package epstopdf Info: Output file is already uptodate.


pdfTeX warning: pdflatex.exe (file ./chapters/fig/left_view-eps-converted-to.pd
f): PDF inclusion: found PDF version <1.7>, but at most version <1.5> allowed
<./chapters/fig/left_view-eps-converted-to.pdf, id=211, 481.8pt x 642.4pt>
File: ./chapters/fig/left_view-eps-converted-to.pdf Graphic file (type pdf)
<use ./chapters/fig/left_view-eps-converted-to.pdf>
Package pdftex.def Info: ./chapters/fig/left_view-eps-converted-to.pdf  used on
 input line 130.
(pdftex.def)             Requested size: 144.5411pt x 192.72148pt.
Package epstopdf Info: Source file: <./chapters/fig/top_view.eps>
(epstopdf)                    date: 2019-08-31 23:33:37
(epstopdf)                    size: 1069499 bytes
(epstopdf)             Output file: <./chapters/fig/top_view-eps-converted-to.p
df>
(epstopdf)                    date: 2019-08-31 23:33:37
(epstopdf)                    size: 18082 bytes
(epstopdf)             Command: <epstopdf --outfile=./chapters/fig/top_view-eps
-converted-to.pdf ./chapters/fig/top_view.eps>
(epstopdf)             \includegraphics on input line 133.
Package epstopdf Info: Output file is already uptodate.


pdfTeX warning: pdflatex.exe (file ./chapters/fig/top_view-eps-converted-to.pdf
): PDF inclusion: found PDF version <1.7>, but at most version <1.5> allowed
<./chapters/fig/top_view-eps-converted-to.pdf, id=212, 481.8pt x 361.35pt>
File: ./chapters/fig/top_view-eps-converted-to.pdf Graphic file (type pdf)
<use ./chapters/fig/top_view-eps-converted-to.pdf>
Package pdftex.def Info: ./chapters/fig/top_view-eps-converted-to.pdf  used on 
input line 133.
(pdftex.def)             Requested size: 144.5411pt x 108.40584pt.
Package epstopdf Info: Source file: <./chapters/fig/front_view.eps>
(epstopdf)                    date: 2019-08-31 23:33:37
(epstopdf)                    size: 1069501 bytes
(epstopdf)             Output file: <./chapters/fig/front_view-eps-converted-to
.pdf>
(epstopdf)                    date: 2019-08-31 23:33:37
(epstopdf)                    size: 16843 bytes
(epstopdf)             Command: <epstopdf --outfile=./chapters/fig/front_view-e
ps-converted-to.pdf ./chapters/fig/front_view.eps>
(epstopdf)             \includegraphics on input line 135.
Package epstopdf Info: Output file is already uptodate.


pdfTeX warning: pdflatex.exe (file ./chapters/fig/front_view-eps-converted-to.p
df): PDF inclusion: found PDF version <1.7>, but at most version <1.5> allowed
<./chapters/fig/front_view-eps-converted-to.pdf, id=213, 481.8pt x 361.35pt>
File: ./chapters/fig/front_view-eps-converted-to.pdf Graphic file (type pdf)
<use ./chapters/fig/front_view-eps-converted-to.pdf>
Package pdftex.def Info: ./chapters/fig/front_view-eps-converted-to.pdf  used o
n input line 135.
(pdftex.def)             Requested size: 289.08221pt x 216.81168pt.
[43 <./chapters/fig/grip-eps-converted-to.pdf>] [44 <./chapters/fig/left_view-e
ps-converted-to.pdf> <./chapters/fig/top_view-eps-converted-to.pdf> <./chapters
/fig/front_view-eps-converted-to.pdf>]
Package epstopdf Info: Source file: <./chapters/fig/room.eps>
(epstopdf)                    date: 2019-08-31 23:33:37
(epstopdf)                    size: 1004571 bytes
(epstopdf)             Output file: <./chapters/fig/room-eps-converted-to.pdf>
(epstopdf)                    date: 2019-08-31 23:33:37
(epstopdf)                    size: 22300 bytes
(epstopdf)             Command: <epstopdf --outfile=./chapters/fig/room-eps-con
verted-to.pdf ./chapters/fig/room.eps>
(epstopdf)             \includegraphics on input line 154.
Package epstopdf Info: Output file is already uptodate.


pdfTeX warning: pdflatex.exe (file ./chapters/fig/room-eps-converted-to.pdf): P
DF inclusion: found PDF version <1.7>, but at most version <1.5> allowed
<./chapters/fig/room-eps-converted-to.pdf, id=233, 552.0625pt x 296.10625pt>
File: ./chapters/fig/room-eps-converted-to.pdf Graphic file (type pdf)
<use ./chapters/fig/room-eps-converted-to.pdf>
Package pdftex.def Info: ./chapters/fig/room-eps-converted-to.pdf  used on inpu
t line 154.
(pdftex.def)             Requested size: 331.24005pt x 177.66512pt.
Package epstopdf Info: Source file: <./chapters/fig/room_pana.eps>
(epstopdf)                    date: 2019-08-31 23:33:37
(epstopdf)                    size: 6265013 bytes
(epstopdf)             Output file: <./chapters/fig/room_pana-eps-converted-to.
pdf>
(epstopdf)                    date: 2020-05-25 15:36:03
(epstopdf)                    size: 54123 bytes
(epstopdf)             Command: <epstopdf --outfile=./chapters/fig/room_pana-ep
s-converted-to.pdf ./chapters/fig/room_pana.eps>
(epstopdf)             \includegraphics on input line 163.
Package epstopdf Info: Output file is already uptodate.


pdfTeX warning: pdflatex.exe (file ./chapters/fig/room_pana-eps-converted-to.pd
f): PDF inclusion: found PDF version <1.7>, but at most version <1.5> allowed
<./chapters/fig/room_pana-eps-converted-to.pdf, id=234, 1926.19624pt x 531.9875
pt>
File: ./chapters/fig/room_pana-eps-converted-to.pdf Graphic file (type pdf)
<use ./chapters/fig/room_pana-eps-converted-to.pdf>
Package pdftex.def Info: ./chapters/fig/room_pana-eps-converted-to.pdf  used on
 input line 163.
(pdftex.def)             Requested size: 674.17879pt x 186.19841pt.

Overfull \hbox (35.7488pt too wide) in paragraph at lines 162--165
 [] 
 []


Underfull \hbox (badness 10000) in paragraph at lines 169--174

 []


Underfull \hbox (badness 10000) in paragraph at lines 176--184

 []

[45 <./chapters/fig/room-eps-converted-to.pdf>] [46 <./chapters/fig/room_pana-e
ps-converted-to.pdf>]
Underfull \hbox (badness 10000) in paragraph at lines 186--210

 []

[47]
Underfull \hbox (badness 10000) in paragraph at lines 211--222

 []

[48]
Underfull \hbox (badness 10000) in paragraph at lines 259--268

 []

[49] [50]
Package epstopdf Info: Source file: <./chapters/fig/module_blocks.eps>
(epstopdf)                    date: 2019-08-31 23:33:37
(epstopdf)                    size: 2061658 bytes
(epstopdf)             Output file: <./chapters/fig/module_blocks-eps-converted
-to.pdf>
(epstopdf)                    date: 2019-08-31 23:33:37
(epstopdf)                    size: 33151 bytes
(epstopdf)             Command: <epstopdf --outfile=./chapters/fig/module_block
s-eps-converted-to.pdf ./chapters/fig/module_blocks.eps>
(epstopdf)             \includegraphics on input line 272.
Package epstopdf Info: Output file is already uptodate.


pdfTeX warning: pdflatex.exe (file ./chapters/fig/module_blocks-eps-converted-t
o.pdf): PDF inclusion: found PDF version <1.7>, but at most version <1.5> allow
ed
<./chapters/fig/module_blocks-eps-converted-to.pdf, id=260, 777.90625pt x 432.6
1626pt>
File: ./chapters/fig/module_blocks-eps-converted-to.pdf Graphic file (type pdf)

<use ./chapters/fig/module_blocks-eps-converted-to.pdf>
Package pdftex.def Info: ./chapters/fig/module_blocks-eps-converted-to.pdf  use
d on input line 272.
(pdftex.def)             Requested size: 388.95216pt x 216.3076pt.

Underfull \hbox (badness 10000) in paragraph at lines 279--285

 []

Package epstopdf Info: Source file: <./chapters/fig/blue.eps>
(epstopdf)                    date: 2019-08-31 23:33:36
(epstopdf)                    size: 1896568 bytes
(epstopdf)             Output file: <./chapters/fig/blue-eps-converted-to.pdf>
(epstopdf)                    date: 2019-08-31 23:33:36
(epstopdf)                    size: 9306 bytes
(epstopdf)             Command: <epstopdf --outfile=./chapters/fig/blue-eps-con
verted-to.pdf ./chapters/fig/blue.eps>
(epstopdf)             \includegraphics on input line 300.
Package epstopdf Info: Output file is already uptodate.


pdfTeX warning: pdflatex.exe (file ./chapters/fig/blue-eps-converted-to.pdf): P
DF inclusion: found PDF version <1.7>, but at most version <1.5> allowed
<./chapters/fig/blue-eps-converted-to.pdf, id=261, 642.4pt x 481.8pt>
File: ./chapters/fig/blue-eps-converted-to.pdf Graphic file (type pdf)
<use ./chapters/fig/blue-eps-converted-to.pdf>
Package pdftex.def Info: ./chapters/fig/blue-eps-converted-to.pdf  used on inpu
t line 300.
(pdftex.def)             Requested size: 192.72148pt x 144.5411pt.
Package epstopdf Info: Source file: <./chapters/fig/all_color.eps>
(epstopdf)                    date: 2019-08-31 23:33:36
(epstopdf)                    size: 1896574 bytes
(epstopdf)             Output file: <./chapters/fig/all_color-eps-converted-to.
pdf>
(epstopdf)                    date: 2019-08-31 23:33:36
(epstopdf)                    size: 21646 bytes
(epstopdf)             Command: <epstopdf --outfile=./chapters/fig/all_color-ep
s-converted-to.pdf ./chapters/fig/all_color.eps>
(epstopdf)             \includegraphics on input line 303.
Package epstopdf Info: Output file is already uptodate.


pdfTeX warning: pdflatex.exe (file ./chapters/fig/all_color-eps-converted-to.pd
f): PDF inclusion: found PDF version <1.7>, but at most version <1.5> allowed
<./chapters/fig/all_color-eps-converted-to.pdf, id=262, 642.4pt x 481.8pt>
File: ./chapters/fig/all_color-eps-converted-to.pdf Graphic file (type pdf)
<use ./chapters/fig/all_color-eps-converted-to.pdf>
Package pdftex.def Info: ./chapters/fig/all_color-eps-converted-to.pdf  used on
 input line 303.
(pdftex.def)             Requested size: 192.72148pt x 144.5411pt.
Package epstopdf Info: Source file: <./chapters/fig/color_detection.eps>
(epstopdf)                    date: 2019-08-31 23:33:37
(epstopdf)                    size: 753666 bytes
(epstopdf)             Output file: <./chapters/fig/color_detection-eps-convert
ed-to.pdf>
(epstopdf)                    date: 2019-08-31 23:33:37
(epstopdf)                    size: 17317 bytes
(epstopdf)             Command: <epstopdf --outfile=./chapters/fig/color_detect
ion-eps-converted-to.pdf ./chapters/fig/color_detection.eps>
(epstopdf)             \includegraphics on input line 305.
Package epstopdf Info: Output file is already uptodate.


pdfTeX warning: pdflatex.exe (file ./chapters/fig/color_detection-eps-converted
-to.pdf): PDF inclusion: found PDF version <1.7>, but at most version <1.5> all
owed
<./chapters/fig/color_detection-eps-converted-to.pdf, id=263, 638.385pt x 191.7
1625pt>
File: ./chapters/fig/color_detection-eps-converted-to.pdf Graphic file (type pd
f)
<use ./chapters/fig/color_detection-eps-converted-to.pdf>
Package pdftex.def Info: ./chapters/fig/color_detection-eps-converted-to.pdf  u
sed on input line 305.
(pdftex.def)             Requested size: 383.03394pt x 115.03062pt.
[51 <./chapters/fig/module_blocks-eps-converted-to.pdf>]
Underfull \hbox (badness 10000) in paragraph at lines 313--320

 []


Underfull \hbox (badness 10000) in paragraph at lines 322--326

 []

[52] [53 <./chapters/fig/blue-eps-converted-to.pdf> <./chapters/fig/all_color-e
ps-converted-to.pdf> <./chapters/fig/color_detection-eps-converted-to.pdf>]
Underfull \hbox (badness 10000) in paragraph at lines 329--334

 []


Underfull \hbox (badness 10000) in paragraph at lines 335--347

 []

[54]
Underfull \hbox (badness 10000) in paragraph at lines 348--350

 []


Underfull \hbox (badness 10000) in paragraph at lines 351--357

 []


Underfull \hbox (badness 10000) in paragraph at lines 358--359

 []


Underfull \hbox (badness 10000) in paragraph at lines 360--364

 []

Package epstopdf Info: Source file: <./chapters/fig/stft.eps>
(epstopdf)                    date: 2019-08-31 23:33:37
(epstopdf)                    size: 1888707 bytes
(epstopdf)             Output file: <./chapters/fig/stft-eps-converted-to.pdf>
(epstopdf)                    date: 2019-08-31 23:33:37
(epstopdf)                    size: 29334 bytes
(epstopdf)             Command: <epstopdf --outfile=./chapters/fig/stft-eps-con
verted-to.pdf ./chapters/fig/stft.eps>
(epstopdf)             \includegraphics on input line 368.
Package epstopdf Info: Output file is already uptodate.


pdfTeX warning: pdflatex.exe (file ./chapters/fig/stft-eps-converted-to.pdf): P
DF inclusion: found PDF version <1.7>, but at most version <1.5> allowed
<./chapters/fig/stft-eps-converted-to.pdf, id=288, 252.945pt x 188.705pt>
File: ./chapters/fig/stft-eps-converted-to.pdf Graphic file (type pdf)
<use ./chapters/fig/stft-eps-converted-to.pdf>
Package pdftex.def Info: ./chapters/fig/stft-eps-converted-to.pdf  used on inpu
t line 368.
(pdftex.def)             Requested size: 379.41656pt x 283.0568pt.

Underfull \hbox (badness 10000) in paragraph at lines 375--378

 []

[55]
Underfull \hbox (badness 10000) in paragraph at lines 379--383

 []


Underfull \hbox (badness 10000) in paragraph at lines 384--386

 []


Underfull \hbox (badness 10000) in paragraph at lines 384--386

 []

[56 <./chapters/fig/stft-eps-converted-to.pdf>]
Underfull \hbox (badness 10000) in paragraph at lines 392--396

 []

Package epstopdf Info: Source file: <./chapters/fig/example_LD.eps>
(epstopdf)                    date: 2019-08-31 23:33:37
(epstopdf)                    size: 2278885 bytes
(epstopdf)             Output file: <./chapters/fig/example_LD-eps-converted-to
.pdf>
(epstopdf)                    date: 2019-08-31 23:33:37
(epstopdf)                    size: 37241 bytes
(epstopdf)             Command: <epstopdf --outfile=./chapters/fig/example_LD-e
ps-converted-to.pdf ./chapters/fig/example_LD.eps>
(epstopdf)             \includegraphics on input line 400.
Package epstopdf Info: Output file is already uptodate.


pdfTeX warning: pdflatex.exe (file ./chapters/fig/example_LD-eps-converted-to.p
df): PDF inclusion: found PDF version <1.7>, but at most version <1.5> allowed
<./chapters/fig/example_LD-eps-converted-to.pdf, id=307, 872.25874pt x 426.5937
5pt>
File: ./chapters/fig/example_LD-eps-converted-to.pdf Graphic file (type pdf)
<use ./chapters/fig/example_LD-eps-converted-to.pdf>
Package pdftex.def Info: ./chapters/fig/example_LD-eps-converted-to.pdf  used o
n input line 400.
(pdftex.def)             Requested size: 523.35928pt x 255.95822pt.

Overfull \hbox (101.73929pt too wide) in paragraph at lines 399--402
 [] 
 []


Underfull \hbox (badness 10000) in paragraph at lines 406--408

 []

[57 <./chapters/fig/example_LD-eps-converted-to.pdf>]
Underfull \hbox (badness 10000) in paragraph at lines 409--410

 []


Underfull \hbox (badness 10000) in paragraph at lines 411--415

 []


Underfull \hbox (badness 10000) in paragraph at lines 417--419

 []


Underfull \hbox (badness 10000) in paragraph at lines 420--432

 []

[58]
Underfull \hbox (badness 10000) in paragraph at lines 433--440

 []


Underfull \hbox (badness 10000) in paragraph at lines 441--454

 []

[59]) [60]
\openout2 = `./chapters/ch4.aux'.

 (chapters/ch4.tex
Chapter 4.

Underfull \hbox (badness 10000) in paragraph at lines 2--8

 []

[61



] [62]
Package epstopdf Info: Source file: <./chapters/fig/fig1.eps>
(epstopdf)                    date: 2020-06-10 23:04:24
(epstopdf)                    size: 4150516 bytes
(epstopdf)             Output file: <./chapters/fig/fig1-eps-converted-to.pdf>
(epstopdf)                    date: 2020-06-10 23:11:55
(epstopdf)                    size: 145536 bytes
(epstopdf)             Command: <epstopdf --outfile=./chapters/fig/fig1-eps-con
verted-to.pdf ./chapters/fig/fig1.eps>
(epstopdf)             \includegraphics on input line 43.
Package epstopdf Info: Output file is already uptodate.


pdfTeX warning: pdflatex.exe (file ./chapters/fig/fig1-eps-converted-to.pdf): P
DF inclusion: found PDF version <1.7>, but at most version <1.5> allowed
<./chapters/fig/fig1-eps-converted-to.pdf, id=330, 559.08875pt x 190.7125pt>
File: ./chapters/fig/fig1-eps-converted-to.pdf Graphic file (type pdf)
<use ./chapters/fig/fig1-eps-converted-to.pdf>
Package pdftex.def Info: ./chapters/fig/fig1-eps-converted-to.pdf  used on inpu
t line 43.
(pdftex.def)             Requested size: 391.35945pt x 133.49782pt.
Package epstopdf Info: Source file: <./chapters/fig/fig2.eps>
(epstopdf)                    date: 2020-06-10 23:04:22
(epstopdf)                    size: 2118137 bytes
(epstopdf)             Output file: <./chapters/fig/fig2-eps-converted-to.pdf>
(epstopdf)                    date: 2020-06-10 23:12:00
(epstopdf)                    size: 14299 bytes
(epstopdf)             Command: <epstopdf --outfile=./chapters/fig/fig2-eps-con
verted-to.pdf ./chapters/fig/fig2.eps>
(epstopdf)             \includegraphics on input line 55.
Package epstopdf Info: Output file is already uptodate.


pdfTeX warning: pdflatex.exe (file ./chapters/fig/fig2-eps-converted-to.pdf): P
DF inclusion: found PDF version <1.7>, but at most version <1.5> allowed
<./chapters/fig/fig2-eps-converted-to.pdf, id=331, 304.13625pt x 178.6675pt>
File: ./chapters/fig/fig2-eps-converted-to.pdf Graphic file (type pdf)
<use ./chapters/fig/fig2-eps-converted-to.pdf>
Package pdftex.def Info: ./chapters/fig/fig2-eps-converted-to.pdf  used on inpu
t line 55.
(pdftex.def)             Requested size: 304.1355pt x 178.66705pt.
[63 <./chapters/fig/fig1-eps-converted-to.pdf>]
Underfull \hbox (badness 10000) in paragraph at lines 71--90

 []

[64 <./chapters/fig/fig2-eps-converted-to.pdf>]
Underfull \hbox (badness 10000) in paragraph at lines 91--100

 []

[65]
Underfull \hbox (badness 10000) in paragraph at lines 101--103

 []


Underfull \hbox (badness 10000) in paragraph at lines 104--105

 []


Underfull \hbox (badness 10000) in paragraph at lines 106--110

 []


Underfull \hbox (badness 10000) in paragraph at lines 111--116

 []


Underfull \hbox (badness 10000) in paragraph at lines 117--118

 []


Underfull \hbox (badness 10000) in paragraph at lines 120--149

 []

[66] [67]
Underfull \hbox (badness 10000) in paragraph at lines 150--156

 []


Underfull \hbox (badness 10000) in paragraph at lines 157--158

 []

Package epstopdf Info: Source file: <./chapters/fig/cwt_eda.eps>
(epstopdf)                    date: 2019-08-31 23:33:37
(epstopdf)                    size: 6878249 bytes
(epstopdf)             Output file: <./chapters/fig/cwt_eda-eps-converted-to.pd
f>
(epstopdf)                    date: 2019-08-31 23:33:37
(epstopdf)                    size: 135975 bytes
(epstopdf)             Command: <epstopdf --outfile=./chapters/fig/cwt_eda-eps-
converted-to.pdf ./chapters/fig/cwt_eda.eps>
(epstopdf)             \includegraphics on input line 162.
Package epstopdf Info: Output file is already uptodate.


pdfTeX warning: pdflatex.exe (file ./chapters/fig/cwt_eda-eps-converted-to.pdf)
: PDF inclusion: found PDF version <1.7>, but at most version <1.5> allowed
<./chapters/fig/cwt_eda-eps-converted-to.pdf, id=353, 587.19376pt x 297.11pt>
File: ./chapters/fig/cwt_eda-eps-converted-to.pdf Graphic file (type pdf)
<use ./chapters/fig/cwt_eda-eps-converted-to.pdf>
Package pdftex.def Info: ./chapters/fig/cwt_eda-eps-converted-to.pdf  used on i
nput line 162.
(pdftex.def)             Requested size: 587.19232pt x 297.10927pt.
Package epstopdf Info: Source file: <./chapters/fig/wavelet_feature.eps>
(epstopdf)                    date: 2019-08-31 23:33:37
(epstopdf)                    size: 4538121 bytes
(epstopdf)             Output file: <./chapters/fig/wavelet_feature-eps-convert
ed-to.pdf>
(epstopdf)                    date: 2019-08-31 23:33:37
(epstopdf)                    size: 58255 bytes
(epstopdf)             Command: <epstopdf --outfile=./chapters/fig/wavelet_feat
ure-eps-converted-to.pdf ./chapters/fig/wavelet_feature.eps>
(epstopdf)             \includegraphics on input line 175.
Package epstopdf Info: Output file is already uptodate.


pdfTeX warning: pdflatex.exe (file ./chapters/fig/wavelet_feature-eps-converted
-to.pdf): PDF inclusion: found PDF version <1.7>, but at most version <1.5> all
owed
<./chapters/fig/wavelet_feature-eps-converted-to.pdf, id=354, 467.7475pt x 245.
91875pt>
File: ./chapters/fig/wavelet_feature-eps-converted-to.pdf Graphic file (type pd
f)
<use ./chapters/fig/wavelet_feature-eps-converted-to.pdf>
Package pdftex.def Info: ./chapters/fig/wavelet_feature-eps-converted-to.pdf  u
sed on input line 175.
(pdftex.def)             Requested size: 608.07166pt x 319.69432pt.

Underfull \hbox (badness 10000) in paragraph at lines 184--185

 []


Underfull \hbox (badness 10000) in paragraph at lines 186--187

 []


Underfull \hbox (badness 10000) in paragraph at lines 188--198

 []

[68] [69 <./chapters/fig/cwt_eda-eps-converted-to.pdf>] [70 <./chapters/fig/wav
elet_feature-eps-converted-to.pdf>]
Underfull \hbox (badness 10000) in paragraph at lines 199--200

 []

Package epstopdf Info: Source file: <./chapters/fig/svm.eps>
(epstopdf)                    date: 2019-08-31 23:33:37
(epstopdf)                    size: 3256828 bytes
(epstopdf)             Output file: <./chapters/fig/svm-eps-converted-to.pdf>
(epstopdf)                    date: 2019-08-31 23:33:37
(epstopdf)                    size: 36962 bytes
(epstopdf)             Command: <epstopdf --outfile=./chapters/fig/svm-eps-conv
erted-to.pdf ./chapters/fig/svm.eps>
(epstopdf)             \includegraphics on input line 204.
Package epstopdf Info: Output file is already uptodate.


pdfTeX warning: pdflatex.exe (file ./chapters/fig/svm-eps-converted-to.pdf): PD
F inclusion: found PDF version <1.7>, but at most version <1.5> allowed
<./chapters/fig/svm-eps-converted-to.pdf, id=372, 336.25626pt x 244.915pt>
File: ./chapters/fig/svm-eps-converted-to.pdf Graphic file (type pdf)
<use ./chapters/fig/svm-eps-converted-to.pdf>
Package pdftex.def Info: ./chapters/fig/svm-eps-converted-to.pdf  used on input
 line 204.
(pdftex.def)             Requested size: 336.25543pt x 244.91438pt.

Underfull \hbox (badness 10000) in paragraph at lines 211--213

 []


Underfull \hbox (badness 10000) in paragraph at lines 214--218

 []


Underfull \hbox (badness 10000) in paragraph at lines 219--220

 []


Underfull \hbox (badness 10000) in paragraph at lines 221--232

 []

[71] [72 <./chapters/fig/svm-eps-converted-to.pdf>]
Underfull \hbox (badness 10000) in paragraph at lines 233--236

 []


Underfull \hbox (badness 10000) in paragraph at lines 237--239

 []


Underfull \hbox (badness 10000) in paragraph at lines 240--244

 []


Underfull \hbox (badness 10000) in paragraph at lines 245--246

 []

[73]
Underfull \hbox (badness 10000) in paragraph at lines 249--256

 []


Underfull \hbox (badness 10000) in paragraph at lines 257--260

 []


Underfull \hbox (badness 10000) in paragraph at lines 262--272

 []

[74]
Package epstopdf Info: Source file: <./chapters/fig/mother.eps>
(epstopdf)                    date: 2020-06-10 23:44:39
(epstopdf)                    size: 2654108 bytes
(epstopdf)             Output file: <./chapters/fig/mother-eps-converted-to.pdf
>
(epstopdf)                    date: 2020-06-10 23:46:48
(epstopdf)                    size: 79027 bytes
(epstopdf)             Command: <epstopdf --outfile=./chapters/fig/mother-eps-c
onverted-to.pdf ./chapters/fig/mother.eps>
(epstopdf)             \includegraphics on input line 276.
Package epstopdf Info: Output file is already uptodate.


pdfTeX warning: pdflatex.exe (file ./chapters/fig/mother-eps-converted-to.pdf):
 PDF inclusion: found PDF version <1.7>, but at most version <1.5> allowed
<./chapters/fig/mother-eps-converted-to.pdf, id=389, 570.13pt x 119.44624pt>
File: ./chapters/fig/mother-eps-converted-to.pdf Graphic file (type pdf)
<use ./chapters/fig/mother-eps-converted-to.pdf>
Package pdftex.def Info: ./chapters/fig/mother-eps-converted-to.pdf  used on in
put line 276.
(pdftex.def)             Requested size: 427.59645pt x 89.58444pt.

Overfull \hbox (5.97646pt too wide) in paragraph at lines 275--280
 [] 
 []


Underfull \hbox (badness 10000) in paragraph at lines 310--320

 []

[75 <./chapters/fig/mother-eps-converted-to.pdf>]
Underfull \hbox (badness 10000) in paragraph at lines 321--326

 []

[76]
Underfull \hbox (badness 10000) in paragraph at lines 327--338

 []


Underfull \hbox (badness 10000) in paragraph at lines 339--344

 []

[77]
Underfull \hbox (badness 10000) in paragraph at lines 345--373

 []

[78]

LaTeX Warning: No positions in optional float specifier.
               Default added (so using `tbp') on input line 374.


Underfull \hbox (badness 10000) in paragraph at lines 424--440

 []

[79] [80]) [81]
\openout2 = `./chapters/ch5.aux'.

 (chapters/ch5.tex
Chapter 5.

Underfull \hbox (badness 10000) in paragraph at lines 2--10

 []

[82



]
Underfull \hbox (badness 10000) in paragraph at lines 18--26

 []

Package epstopdf Info: Source file: <./chapters/fig/warm.eps>
(epstopdf)                    date: 2020-05-15 19:05:12
(epstopdf)                    size: 3917375 bytes
(epstopdf)             Output file: <./chapters/fig/warm-eps-converted-to.pdf>
(epstopdf)                    date: 2020-05-15 19:05:33
(epstopdf)                    size: 45766 bytes
(epstopdf)             Command: <epstopdf --outfile=./chapters/fig/warm-eps-con
verted-to.pdf ./chapters/fig/warm.eps>
(epstopdf)             \includegraphics on input line 30.
Package epstopdf Info: Output file is already uptodate.


pdfTeX warning: pdflatex.exe (file ./chapters/fig/warm-eps-converted-to.pdf): P
DF inclusion: found PDF version <1.7>, but at most version <1.5> allowed
<./chapters/fig/warm-eps-converted-to.pdf, id=418, 491.8375pt x 204.765pt>
File: ./chapters/fig/warm-eps-converted-to.pdf Graphic file (type pdf)
<use ./chapters/fig/warm-eps-converted-to.pdf>
Package pdftex.def Info: ./chapters/fig/warm-eps-converted-to.pdf  used on inpu
t line 30.
(pdftex.def)             Requested size: 442.64964pt x 184.28677pt.

Overfull \hbox (21.02965pt too wide) in paragraph at lines 29--32
 [] 
 []

[83 <./chapters/fig/warm-eps-converted-to.pdf>]
Package epstopdf Info: Source file: <./chapters/fig/song.eps>
(epstopdf)                    date: 2020-05-15 19:03:29
(epstopdf)                    size: 3706875 bytes
(epstopdf)             Output file: <./chapters/fig/song-eps-converted-to.pdf>
(epstopdf)                    date: 2020-05-15 19:03:51
(epstopdf)                    size: 46755 bytes
(epstopdf)             Command: <epstopdf --outfile=./chapters/fig/song-eps-con
verted-to.pdf ./chapters/fig/song.eps>
(epstopdf)             \includegraphics on input line 57.
Package epstopdf Info: Output file is already uptodate.


pdfTeX warning: pdflatex.exe (file ./chapters/fig/song-eps-converted-to.pdf): P
DF inclusion: found PDF version <1.7>, but at most version <1.5> allowed
<./chapters/fig/song-eps-converted-to.pdf, id=425, 465.74pt x 204.765pt>
File: ./chapters/fig/song-eps-converted-to.pdf Graphic file (type pdf)
<use ./chapters/fig/song-eps-converted-to.pdf>
Package pdftex.def Info: ./chapters/fig/song-eps-converted-to.pdf  used on inpu
t line 57.
(pdftex.def)             Requested size: 419.16212pt x 184.28677pt.

Underfull \hbox (badness 10000) in paragraph at lines 64--69

 []

[84] [85 <./chapters/fig/song-eps-converted-to.pdf>]
Underfull \hbox (badness 10000) in paragraph at lines 77--89

 []

[86]
Underfull \hbox (badness 10000) in paragraph at lines 190--200

 []

[87] [88] [89]) [90] [91]
\openout2 = `./chapters/ch6.aux'.

 (chapters/ch6.tex
Chapter 6.

Underfull \hbox (badness 10000) in paragraph at lines 2--11

 []


Underfull \hbox (badness 10000) in paragraph at lines 12--21

 []

[92



]
Underfull \hbox (badness 10000) in paragraph at lines 22--39

 []

[93])
Underfull \hbox (badness 10000) in paragraph at lines 40--43

 []

[94] [95]
\openout2 = `./chapters/ch7.aux'.

 (chapters/ch7.tex
Chapter 7.

Underfull \hbox (badness 10000) in paragraph at lines 2--6

 []


Underfull \hbox (badness 10000) in paragraph at lines 12--27

 []

[96



]
Package epstopdf Info: Source file: <./chapters/fig/peizoSensorPic.eps>
(epstopdf)                    date: 2019-08-31 23:33:37
(epstopdf)                    size: 2136950 bytes
(epstopdf)             Output file: <./chapters/fig/peizoSensorPic-eps-converte
d-to.pdf>
(epstopdf)                    date: 2019-08-31 23:33:37
(epstopdf)                    size: 60959 bytes
(epstopdf)             Command: <epstopdf --outfile=./chapters/fig/peizoSensorP
ic-eps-converted-to.pdf ./chapters/fig/peizoSensorPic.eps>
(epstopdf)             \includegraphics on input line 31.
Package epstopdf Info: Output file is already uptodate.


pdfTeX warning: pdflatex.exe (file ./chapters/fig/peizoSensorPic-eps-converted-
to.pdf): PDF inclusion: found PDF version <1.7>, but at most version <1.5> allo
wed
<./chapters/fig/peizoSensorPic-eps-converted-to.pdf, id=470, 1215.54124pt x 859
.21pt>
File: ./chapters/fig/peizoSensorPic-eps-converted-to.pdf Graphic file (type pdf
)
<use ./chapters/fig/peizoSensorPic-eps-converted-to.pdf>
Package pdftex.def Info: ./chapters/fig/peizoSensorPic-eps-converted-to.pdf  us
ed on input line 31.
(pdftex.def)             Requested size: 364.66519pt x 257.76498pt.
Package epstopdf Info: Source file: <./chapters/fig/sensor.eps>
(epstopdf)                    date: 2019-08-31 23:33:37
(epstopdf)                    size: 1330259 bytes
(epstopdf)             Output file: <./chapters/fig/sensor-eps-converted-to.pdf
>
(epstopdf)                    date: 2019-08-31 23:33:37
(epstopdf)                    size: 26824 bytes
(epstopdf)             Command: <epstopdf --outfile=./chapters/fig/sensor-eps-c
onverted-to.pdf ./chapters/fig/sensor.eps>
(epstopdf)             \includegraphics on input line 40.
Package epstopdf Info: Output file is already uptodate.


pdfTeX warning: pdflatex.exe (file ./chapters/fig/sensor-eps-converted-to.pdf):
 PDF inclusion: found PDF version <1.7>, but at most version <1.5> allowed
<./chapters/fig/sensor-eps-converted-to.pdf, id=471, 544.0325pt x 398.48875pt>
File: ./chapters/fig/sensor-eps-converted-to.pdf Graphic file (type pdf)
<use ./chapters/fig/sensor-eps-converted-to.pdf>
Package pdftex.def Info: ./chapters/fig/sensor-eps-converted-to.pdf  used on in
put line 40.
(pdftex.def)             Requested size: 435.2266pt x 318.79143pt.

Overfull \hbox (13.6066pt too wide) in paragraph at lines 39--42
 [] 
 []


Underfull \hbox (badness 10000) in paragraph at lines 47--54

 []

[97]
Underfull \hbox (badness 10000) in paragraph at lines 55--60

 []

[98 <./chapters/fig/peizoSensorPic-eps-converted-to.pdf>] [99 <./chapters/fig/s
ensor-eps-converted-to.pdf>]
Underfull \hbox (badness 10000) in paragraph at lines 61--67

 []

Package epstopdf Info: Source file: <./chapters/fig/opAmpPic.eps>
(epstopdf)                    date: 2019-08-31 23:33:37
(epstopdf)                    size: 1491443 bytes
(epstopdf)             Output file: <./chapters/fig/opAmpPic-eps-converted-to.p
df>
(epstopdf)                    date: 2019-08-31 23:33:37
(epstopdf)                    size: 29483 bytes
(epstopdf)             Command: <epstopdf --outfile=./chapters/fig/opAmpPic-eps
-converted-to.pdf ./chapters/fig/opAmpPic.eps>
(epstopdf)             \includegraphics on input line 71.
Package epstopdf Info: Output file is already uptodate.


pdfTeX warning: pdflatex.exe (file ./chapters/fig/opAmpPic-eps-converted-to.pdf
): PDF inclusion: found PDF version <1.7>, but at most version <1.5> allowed
<./chapters/fig/opAmpPic-eps-converted-to.pdf, id=488, 528.97626pt x 459.7175pt
>
File: ./chapters/fig/opAmpPic-eps-converted-to.pdf Graphic file (type pdf)
<use ./chapters/fig/opAmpPic-eps-converted-to.pdf>
Package pdftex.def Info: ./chapters/fig/opAmpPic-eps-converted-to.pdf  used on 
input line 71.
(pdftex.def)             Requested size: 211.58675pt x 183.88373pt.

Underfull \hbox (badness 10000) in paragraph at lines 77--83

 []

[100 <./chapters/fig/opAmpPic-eps-converted-to.pdf>]
Package epstopdf Info: Source file: <./chapters/fig/sensorUseagePic.eps>
(epstopdf)                    date: 2019-08-31 23:33:37
(epstopdf)                    size: 786434 bytes
(epstopdf)             Output file: <./chapters/fig/sensorUseagePic-eps-convert
ed-to.pdf>
(epstopdf)                    date: 2019-08-31 23:33:37
(epstopdf)                    size: 27522 bytes
(epstopdf)             Command: <epstopdf --outfile=./chapters/fig/sensorUseage
Pic-eps-converted-to.pdf ./chapters/fig/sensorUseagePic.eps>
(epstopdf)             \includegraphics on input line 87.
Package epstopdf Info: Output file is already uptodate.


pdfTeX warning: pdflatex.exe (file ./chapters/fig/sensorUseagePic-eps-converted
-to.pdf): PDF inclusion: found PDF version <1.7>, but at most version <1.5> all
owed
<./chapters/fig/sensorUseagePic-eps-converted-to.pdf, id=495, 494.84875pt x 772
.8875pt>
File: ./chapters/fig/sensorUseagePic-eps-converted-to.pdf Graphic file (type pd
f)
<use ./chapters/fig/sensorUseagePic-eps-converted-to.pdf>
Package pdftex.def Info: ./chapters/fig/sensorUseagePic-eps-converted-to.pdf  u
sed on input line 87.
(pdftex.def)             Requested size: 296.91154pt x 463.73607pt.

Underfull \hbox (badness 10000) in paragraph at lines 95--102

 []


Underfull \hbox (badness 10000) in paragraph at lines 103--106

 []


Underfull \hbox (badness 10000) in paragraph at lines 107--111

 []


Underfull \hbox (badness 10000) in paragraph at lines 112--125

 []

[101] [102 <./chapters/fig/sensorUseagePic-eps-converted-to.pdf>]
Package epstopdf Info: Source file: <./chapters/fig/mux.eps>
(epstopdf)                    date: 2019-08-31 23:33:37
(epstopdf)                    size: 1561642 bytes
(epstopdf)             Output file: <./chapters/fig/mux-eps-converted-to.pdf>
(epstopdf)                    date: 2019-08-31 23:33:37
(epstopdf)                    size: 25325 bytes
(epstopdf)             Command: <epstopdf --outfile=./chapters/fig/mux-eps-conv
erted-to.pdf ./chapters/fig/mux.eps>
(epstopdf)             \includegraphics on input line 129.
Package epstopdf Info: Output file is already uptodate.


pdfTeX warning: pdflatex.exe (file ./chapters/fig/mux-eps-converted-to.pdf): PD
F inclusion: found PDF version <1.7>, but at most version <1.5> allowed
<./chapters/fig/mux-eps-converted-to.pdf, id=505, 560.0925pt x 454.69875pt>
File: ./chapters/fig/mux-eps-converted-to.pdf Graphic file (type pdf)
<use ./chapters/fig/mux-eps-converted-to.pdf>
Package pdftex.def Info: ./chapters/fig/mux-eps-converted-to.pdf  used on input
 line 129.
(pdftex.def)             Requested size: 224.03302pt x 181.87627pt.

Underfull \hbox (badness 10000) in paragraph at lines 138--148

 []

[103 <./chapters/fig/mux-eps-converted-to.pdf>]
Package epstopdf Info: Source file: <./chapters/fig/arduino.eps>
(epstopdf)                    date: 2019-08-31 23:33:36
(epstopdf)                    size: 1607712 bytes
(epstopdf)             Output file: <./chapters/fig/arduino-eps-converted-to.pd
f>
(epstopdf)                    date: 2019-08-31 23:33:36
(epstopdf)                    size: 28405 bytes
(epstopdf)             Command: <epstopdf --outfile=./chapters/fig/arduino-eps-
converted-to.pdf ./chapters/fig/arduino.eps>
(epstopdf)             \includegraphics on input line 152.
Package epstopdf Info: Output file is already uptodate.


pdfTeX warning: pdflatex.exe (file ./chapters/fig/arduino-eps-converted-to.pdf)
: PDF inclusion: found PDF version <1.7>, but at most version <1.5> allowed
<./chapters/fig/arduino-eps-converted-to.pdf, id=512, 574.145pt x 456.70625pt>
File: ./chapters/fig/arduino-eps-converted-to.pdf Graphic file (type pdf)
<use ./chapters/fig/arduino-eps-converted-to.pdf>
Package pdftex.def Info: ./chapters/fig/arduino-eps-converted-to.pdf  used on i
nput line 152.
(pdftex.def)             Requested size: 229.65393pt x 182.67926pt.

Underfull \hbox (badness 10000) in paragraph at lines 160--165

 []

[104 <./chapters/fig/arduino-eps-converted-to.pdf>]
Underfull \hbox (badness 10000) in paragraph at lines 167--170

 []

Package epstopdf Info: Source file: <./chapters/fig/schematic.eps>
(epstopdf)                    date: 2019-08-31 23:33:37
(epstopdf)                    size: 1116530 bytes
(epstopdf)             Output file: <./chapters/fig/schematic-eps-converted-to.
pdf>
(epstopdf)                    date: 2019-08-31 23:33:37
(epstopdf)                    size: 31961 bytes
(epstopdf)             Command: <epstopdf --outfile=./chapters/fig/schematic-ep
s-converted-to.pdf ./chapters/fig/schematic.eps>
(epstopdf)             \includegraphics on input line 178.
Package epstopdf Info: Output file is already uptodate.


pdfTeX warning: pdflatex.exe (file ./chapters/fig/schematic-eps-converted-to.pd
f): PDF inclusion: found PDF version <1.7>, but at most version <1.5> allowed
<./chapters/fig/schematic-eps-converted-to.pdf, id=520, 928.46875pt x 586.19pt>

File: ./chapters/fig/schematic-eps-converted-to.pdf Graphic file (type pdf)
<use ./chapters/fig/schematic-eps-converted-to.pdf>
Package pdftex.def Info: ./chapters/fig/schematic-eps-converted-to.pdf  used on
 input line 178.
(pdftex.def)             Requested size: 371.38092pt x 234.47185pt.

Underfull \hbox (badness 10000) in paragraph at lines 188--197

 []

[105]
Underfull \hbox (badness 10000) in paragraph at lines 199--202

 []

Package epstopdf Info: Source file: <./chapters/fig/chuckflow.eps>
(epstopdf)                    date: 2019-08-31 23:33:37
(epstopdf)                    size: 4798644 bytes
(epstopdf)             Output file: <./chapters/fig/chuckflow-eps-converted-to.
pdf>
(epstopdf)                    date: 2020-05-25 14:16:06
(epstopdf)                    size: 47889 bytes
(epstopdf)             Command: <epstopdf --outfile=./chapters/fig/chuckflow-ep
s-converted-to.pdf ./chapters/fig/chuckflow.eps>
(epstopdf)             \includegraphics on input line 207.
Package epstopdf Info: Output file is already uptodate.


pdfTeX warning: pdflatex.exe (file ./chapters/fig/chuckflow-eps-converted-to.pd
f): PDF inclusion: found PDF version <1.7>, but at most version <1.5> allowed
<./chapters/fig/chuckflow-eps-converted-to.pdf, id=524, 881.2925pt x 890.32625p
t>
File: ./chapters/fig/chuckflow-eps-converted-to.pdf Graphic file (type pdf)
<use ./chapters/fig/chuckflow-eps-converted-to.pdf>
Package pdftex.def Info: ./chapters/fig/chuckflow-eps-converted-to.pdf  used on
 input line 207.
(pdftex.def)             Requested size: 440.64517pt x 445.16203pt.

Overfull \hbox (19.02518pt too wide) in paragraph at lines 206--210
 [] 
 []

) [106 <./chapters/fig/schematic-eps-converted-to.pdf>] [107 <./chapters/fig/ch
uckflow-eps-converted-to.pdf>] [108] (main.bbl [109

] [110] [111] [112] [113]
[114]
Underfull \hbox (badness 5008) in paragraph at lines 477--483
[]\T1/cmr/m/n/12 Alireza Taheri, Mi-noo Alemi, Ali Megh-dari, Hamidreza Pourete
mad,
 []

[115]) [116]
\openout2 = `./sh/vita.aux'.

 (sh/vita.tex) [117

] (main.aux (sh/frontpage.aux) (sh/copyright.aux) (sh/signaturepage.aux) (sh/ab
stract.aux) (sh/to.aux) (sh/ack.aux)
(sh/notation.aux) (chapters/ch1.aux) (chapters/ch2.aux) (chapters/ch3.aux)
(chapters/ch4.aux) (chapters/ch5.aux) (chapters/ch6.aux) (chapters/ch7.aux)
(sh/vita.aux))

LaTeX Warning: There were multiply-defined labels.

 ) 
Here is how much of TeX's memory you used:
 17806 strings out of 480797
 344895 string characters out of 2895576
 654730 words of memory out of 3000000
 33319 multiletter control sequences out of 15000+200000
 552318 words of font info for 77 fonts, out of 3000000 for 9000
 1141 hyphenation exceptions out of 8191
 71i,20n,71p,2698b,608s stack positions out of 5000i,500n,10000p,200000b,50000s
 <C:\Users\fengh\AppData\Local\MiKTeX\2.9\fonts/pk/ljfour/jknappen/ec/dpi600\
ecbx1440.pk> <C:\Users\fengh\AppData\Local\MiKTeX\2.9\fonts/pk/ljfour/jknappen/
ec/dpi600\ecbx1200.pk> <C:\Users\fengh\AppData\Local\MiKTeX\2.9\fonts/pk/ljfour
/jknappen/ec/dpi600\ecbx2488.pk> <C:\Users\fengh\AppData\Local\MiKTeX\2.9\fonts
/pk/ljfour/jknappen/ec/dpi600\ecbx1728.pk> <C:\Users\fengh\AppData\Local\MiKTeX
\2.9\fonts/pk/ljfour/jknappen/ec/dpi600\ecti1200.pk> <C:\Users\fengh\AppData\Lo
cal\MiKTeX\2.9\fonts/pk/ljfour/jknappen/ec/dpi600\ecrm1095.pk> <C:\Users\fengh\
AppData\Local\MiKTeX\2.9\fonts/pk/ljfour/jknappen/ec/dpi600\ecrm1200.pk> <C:\Us
ers\fengh\AppData\Local\MiKTeX\2.9\fonts/pk/ljfour/jknappen/ec/dpi600\tcrm1200.
pk> <C:\Users\fengh\AppData\Local\MiKTeX\2.9\fonts/pk/ljfour/jknappen/ec/dpi600
\ecrm1440.pk><C:/Users/fengh/AppData/Local/Programs/MiKTeX 2.9/fonts/type1/publ
ic/amsfonts/cm/cmbx12.pfb><C:/Users/fengh/AppData/Local/Programs/MiKTeX 2.9/fon
ts/type1/public/amsfonts/cm/cmex10.pfb><C:/Users/fengh/AppData/Local/Programs/M
iKTeX 2.9/fonts/type1/public/amsfonts/cm/cmmi12.pfb><C:/Users/fengh/AppData/Loc
al/Programs/MiKTeX 2.9/fonts/type1/public/amsfonts/cm/cmmi6.pfb><C:/Users/fengh
/AppData/Local/Programs/MiKTeX 2.9/fonts/type1/public/amsfonts/cm/cmmi8.pfb><C:
/Users/fengh/AppData/Local/Programs/MiKTeX 2.9/fonts/type1/public/amsfonts/cm/c
mr12.pfb><C:/Users/fengh/AppData/Local/Programs/MiKTeX 2.9/fonts/type1/public/a
msfonts/cm/cmr6.pfb><C:/Users/fengh/AppData/Local/Programs/MiKTeX 2.9/fonts/typ
e1/public/amsfonts/cm/cmr8.pfb><C:/Users/fengh/AppData/Local/Programs/MiKTeX 2.
9/fonts/type1/public/amsfonts/cm/cmsy10.pfb><C:/Users/fengh/AppData/Local/Progr
ams/MiKTeX 2.9/fonts/type1/public/amsfonts/cm/cmsy8.pfb>
Output written on main.pdf (134 pages, 1673985 bytes).
PDF statistics:
 1127 PDF objects out of 1200 (max. 8388607)
 0 named destinations out of 1000 (max. 500000)
 156 words of extra memory for PDF output out of 10000 (max. 10000000)

