This is pdfTeX, Version 3.14159265-2.6-1.40.20 (MiKTeX 2.9.7140 64-bit) (preloaded format=pdflatex 2020.3.10)  22 MAR 2020 23:03
entering extended mode
**./conference_101719.tex
(conference_101719.tex
LaTeX2e <2018-12-01>
(IEEEtran.cls
Document Class: IEEEtran 2015/08/26 V1.8b by Michael Shell
-- See the "IEEEtran_HOWTO" manual for usage information.
-- http://www.michaelshell.org/tex/ieeetran/
\@IEEEtrantmpdimenA=\dimen102
\@IEEEtrantmpdimenB=\dimen103
\@IEEEtrantmpdimenC=\dimen104
\@IEEEtrantmpcountA=\count80
\@IEEEtrantmpcountB=\count81
\@IEEEtrantmpcountC=\count82
\@IEEEtrantmptoksA=\toks14
LaTeX Font Info:    Try loading font information for OT1+ptm on input line 503.

("C:\Users\fengh\AppData\Local\Programs\MiKTeX 2.9\tex/latex/psnfss\ot1ptm.fd"
File: ot1ptm.fd 2001/06/04 font definitions for OT1/ptm.
)
-- Using 8.5in x 11in (letter) paper.
-- Using PDF output.
\@IEEEnormalsizeunitybaselineskip=\dimen105
-- This is a 10 point document.
\CLASSINFOnormalsizebaselineskip=\dimen106
\CLASSINFOnormalsizeunitybaselineskip=\dimen107
\IEEEnormaljot=\dimen108
LaTeX Font Info:    Font shape `OT1/ptm/bx/n' in size <5> not available
(Font)              Font shape `OT1/ptm/b/n' tried instead on input line 1090.
LaTeX Font Info:    Font shape `OT1/ptm/bx/it' in size <5> not available
(Font)              Font shape `OT1/ptm/b/it' tried instead on input line 1090.

LaTeX Font Info:    Font shape `OT1/ptm/bx/n' in size <7> not available
(Font)              Font shape `OT1/ptm/b/n' tried instead on input line 1090.
LaTeX Font Info:    Font shape `OT1/ptm/bx/it' in size <7> not available
(Font)              Font shape `OT1/ptm/b/it' tried instead on input line 1090.

LaTeX Font Info:    Font shape `OT1/ptm/bx/n' in size <8> not available
(Font)              Font shape `OT1/ptm/b/n' tried instead on input line 1090.
LaTeX Font Info:    Font shape `OT1/ptm/bx/it' in size <8> not available
(Font)              Font shape `OT1/ptm/b/it' tried instead on input line 1090.

LaTeX Font Info:    Font shape `OT1/ptm/bx/n' in size <9> not available
(Font)              Font shape `OT1/ptm/b/n' tried instead on input line 1090.
LaTeX Font Info:    Font shape `OT1/ptm/bx/it' in size <9> not available
(Font)              Font shape `OT1/ptm/b/it' tried instead on input line 1090.

LaTeX Font Info:    Font shape `OT1/ptm/bx/n' in size <10> not available
(Font)              Font shape `OT1/ptm/b/n' tried instead on input line 1090.
LaTeX Font Info:    Font shape `OT1/ptm/bx/it' in size <10> not available
(Font)              Font shape `OT1/ptm/b/it' tried instead on input line 1090.

LaTeX Font Info:    Font shape `OT1/ptm/bx/n' in size <11> not available
(Font)              Font shape `OT1/ptm/b/n' tried instead on input line 1090.
LaTeX Font Info:    Font shape `OT1/ptm/bx/it' in size <11> not available
(Font)              Font shape `OT1/ptm/b/it' tried instead on input line 1090.

LaTeX Font Info:    Font shape `OT1/ptm/bx/n' in size <12> not available
(Font)              Font shape `OT1/ptm/b/n' tried instead on input line 1090.
LaTeX Font Info:    Font shape `OT1/ptm/bx/it' in size <12> not available
(Font)              Font shape `OT1/ptm/b/it' tried instead on input line 1090.

LaTeX Font Info:    Font shape `OT1/ptm/bx/n' in size <17> not available
(Font)              Font shape `OT1/ptm/b/n' tried instead on input line 1090.
LaTeX Font Info:    Font shape `OT1/ptm/bx/it' in size <17> not available
(Font)              Font shape `OT1/ptm/b/it' tried instead on input line 1090.

LaTeX Font Info:    Font shape `OT1/ptm/bx/n' in size <20> not available
(Font)              Font shape `OT1/ptm/b/n' tried instead on input line 1090.
LaTeX Font Info:    Font shape `OT1/ptm/bx/it' in size <20> not available
(Font)              Font shape `OT1/ptm/b/it' tried instead on input line 1090.

LaTeX Font Info:    Font shape `OT1/ptm/bx/n' in size <24> not available
(Font)              Font shape `OT1/ptm/b/n' tried instead on input line 1090.
LaTeX Font Info:    Font shape `OT1/ptm/bx/it' in size <24> not available
(Font)              Font shape `OT1/ptm/b/it' tried instead on input line 1090.

\IEEEquantizedlength=\dimen109
\IEEEquantizedlengthdiff=\dimen110
\IEEEquantizedtextheightdiff=\dimen111
\IEEEilabelindentA=\dimen112
\IEEEilabelindentB=\dimen113
\IEEEilabelindent=\dimen114
\IEEEelabelindent=\dimen115
\IEEEdlabelindent=\dimen116
\IEEElabelindent=\dimen117
\IEEEiednormlabelsep=\dimen118
\IEEEiedmathlabelsep=\dimen119
\IEEEiedtopsep=\skip41
\c@section=\count83
\c@subsection=\count84
\c@subsubsection=\count85
\c@paragraph=\count86
\c@IEEEsubequation=\count87
\abovecaptionskip=\skip42
\belowcaptionskip=\skip43
\c@figure=\count88
\c@table=\count89
\@IEEEeqnnumcols=\count90
\@IEEEeqncolcnt=\count91
\@IEEEsubeqnnumrollback=\count92
\@IEEEquantizeheightA=\dimen120
\@IEEEquantizeheightB=\dimen121
\@IEEEquantizeheightC=\dimen122
\@IEEEquantizeprevdepth=\dimen123
\@IEEEquantizemultiple=\count93
\@IEEEquantizeboxA=\box27
\@IEEEtmpitemindent=\dimen124
\IEEEPARstartletwidth=\dimen125
\c@IEEEbiography=\count94
\@IEEEtranrubishbin=\box28
)
("C:\Users\fengh\AppData\Local\Programs\MiKTeX 2.9\tex/latex/graphics\epsfig.st
y"
Package: epsfig 2017/06/25 v1.7b (e)psfig emulation (SPQR)

("C:\Users\fengh\AppData\Local\Programs\MiKTeX 2.9\tex/latex/graphics\graphicx.
sty"
Package: graphicx 2017/06/01 v1.1a Enhanced LaTeX Graphics (DPC,SPQR)

("C:\Users\fengh\AppData\Local\Programs\MiKTeX 2.9\tex/latex/graphics\keyval.st
y"
Package: keyval 2014/10/28 v1.15 key=value parser (DPC)
\KV@toks@=\toks15
)
("C:\Users\fengh\AppData\Local\Programs\MiKTeX 2.9\tex/latex/graphics\graphics.
sty"
Package: graphics 2017/06/25 v1.2c Standard LaTeX Graphics (DPC,SPQR)

("C:\Users\fengh\AppData\Local\Programs\MiKTeX 2.9\tex/latex/graphics\trig.sty"
Package: trig 2016/01/03 v1.10 sin cos tan (DPC)
)
("C:\Users\fengh\AppData\Local\Programs\MiKTeX 2.9\tex/latex/graphics-cfg\graph
ics.cfg"
File: graphics.cfg 2016/06/04 v1.11 sample graphics configuration
)
Package graphics Info: Driver file: pdftex.def on input line 99.

("C:\Users\fengh\AppData\Local\Programs\MiKTeX 2.9\tex/latex/graphics-def\pdfte
x.def"
File: pdftex.def 2018/01/08 v1.0l Graphics/color driver for pdftex
))
\Gin@req@height=\dimen126
\Gin@req@width=\dimen127
)
\epsfxsize=\dimen128
\epsfysize=\dimen129
)
** ATTENTION: Overriding command lockouts (line 4).
("C:\Users\fengh\AppData\Local\Programs\MiKTeX 2.9\tex/latex/cite\cite.sty"
LaTeX Info: Redefining \cite on input line 302.
LaTeX Info: Redefining \nocite on input line 332.
Package: cite 2015/02/27  v 5.5
)
("C:\Users\fengh\AppData\Local\Programs\MiKTeX 2.9\tex/latex/amsmath\amsmath.st
y"
Package: amsmath 2018/12/01 v2.17b AMS math features
\@mathmargin=\skip44

For additional information on amsmath, use the `?' option.

("C:\Users\fengh\AppData\Local\Programs\MiKTeX 2.9\tex/latex/amsmath\amstext.st
y"
Package: amstext 2000/06/29 v2.01 AMS text

("C:\Users\fengh\AppData\Local\Programs\MiKTeX 2.9\tex/latex/amsmath\amsgen.sty
"
File: amsgen.sty 1999/11/30 v2.0 generic functions
\@emptytoks=\toks16
\ex@=\dimen130
))
("C:\Users\fengh\AppData\Local\Programs\MiKTeX 2.9\tex/latex/amsmath\amsbsy.sty
"
Package: amsbsy 1999/11/29 v1.2d Bold Symbols
\pmbraise@=\dimen131
)
("C:\Users\fengh\AppData\Local\Programs\MiKTeX 2.9\tex/latex/amsmath\amsopn.sty
"
Package: amsopn 2016/03/08 v2.02 operator names
)
\inf@bad=\count95
LaTeX Info: Redefining \frac on input line 223.
\uproot@=\count96
\leftroot@=\count97
LaTeX Info: Redefining \overline on input line 385.
\classnum@=\count98
\DOTSCASE@=\count99
LaTeX Info: Redefining \ldots on input line 482.
LaTeX Info: Redefining \dots on input line 485.
LaTeX Info: Redefining \cdots on input line 606.
\Mathstrutbox@=\box29
\strutbox@=\box30
\big@size=\dimen132
LaTeX Font Info:    Redeclaring font encoding OML on input line 729.
LaTeX Font Info:    Redeclaring font encoding OMS on input line 730.
\macc@depth=\count100
\c@MaxMatrixCols=\count101
\dotsspace@=\muskip10
\c@parentequation=\count102
\dspbrk@lvl=\count103
\tag@help=\toks17
\row@=\count104
\column@=\count105
\maxfields@=\count106
\andhelp@=\toks18
\eqnshift@=\dimen133
\alignsep@=\dimen134
\tagshift@=\dimen135
\tagwidth@=\dimen136
\totwidth@=\dimen137
\lineht@=\dimen138
\@envbody=\toks19
\multlinegap=\skip45
\multlinetaggap=\skip46
\mathdisplay@stack=\toks20
LaTeX Info: Redefining \[ on input line 2844.
LaTeX Info: Redefining \] on input line 2845.
)
("C:\Users\fengh\AppData\Local\Programs\MiKTeX 2.9\tex/latex/amsfonts\amssymb.s
ty"
Package: amssymb 2013/01/14 v3.01 AMS font symbols

("C:\Users\fengh\AppData\Local\Programs\MiKTeX 2.9\tex/latex/amsfonts\amsfonts.
sty"
Package: amsfonts 2013/01/14 v3.01 Basic AMSFonts support
\symAMSa=\mathgroup4
\symAMSb=\mathgroup5
LaTeX Font Info:    Overwriting math alphabet `\mathfrak' in version `bold'
(Font)                  U/euf/m/n --> U/euf/b/n on input line 106.
))
("C:\Users\fengh\AppData\Local\Programs\MiKTeX 2.9\tex/latex/algorithms\algorit
hmic.sty"
Package: algorithmic 2009/08/24 v0.1 Document Style `algorithmic'

("C:\Users\fengh\AppData\Local\Programs\MiKTeX 2.9\tex/latex/base\ifthen.sty"
Package: ifthen 2014/09/29 v1.1c Standard LaTeX ifthen package (DPC)
)
\c@ALC@unique=\count107
\c@ALC@line=\count108
\c@ALC@rem=\count109
\c@ALC@depth=\count110
\ALC@tlm=\skip47
\algorithmicindent=\skip48
) ("C:\Users\fengh\AppData\Local\Programs\MiKTeX 2.9\tex/latex/base\textcomp.st
y"
Package: textcomp 2018/08/11 v2.0j Standard LaTeX package
Package textcomp Info: Sub-encoding information:
(textcomp)               5 = only ISO-Adobe without \textcurrency
(textcomp)               4 = 5 + \texteuro
(textcomp)               3 = 4 + \textohm
(textcomp)               2 = 3 + \textestimated + \textcurrency
(textcomp)               1 = TS1 - \textcircled - \t
(textcomp)               0 = TS1 (full)
(textcomp)             Font families with sub-encoding setting implement
(textcomp)             only a restricted character set as indicated.
(textcomp)             Family '?' is the default used for unknown fonts.
(textcomp)             See the documentation for details.
Package textcomp Info: Setting ? sub-encoding to TS1/1 on input line 79.
 ("C:\Users\fengh\AppData\Local\Programs\MiKTeX 2.9\tex/latex/base\ts1enc.def"
File: ts1enc.def 2001/06/05 v3.0e (jk/car/fm) Standard LaTeX file
Now handling font encoding TS1 ...
... processing UTF-8 mapping file for font encoding TS1
("C:\Users\fengh\AppData\Local\Programs\MiKTeX 2.9\tex/latex/base\ts1enc.dfu"
File: ts1enc.dfu 2018/10/05 v1.2f UTF-8 support for inputenc
   defining Unicode char U+00A2 (decimal 162)
   defining Unicode char U+00A3 (decimal 163)
   defining Unicode char U+00A4 (decimal 164)
   defining Unicode char U+00A5 (decimal 165)
   defining Unicode char U+00A6 (decimal 166)
   defining Unicode char U+00A7 (decimal 167)
   defining Unicode char U+00A8 (decimal 168)
   defining Unicode char U+00A9 (decimal 169)
   defining Unicode char U+00AA (decimal 170)
   defining Unicode char U+00AC (decimal 172)
   defining Unicode char U+00AE (decimal 174)
   defining Unicode char U+00AF (decimal 175)
   defining Unicode char U+00B0 (decimal 176)
   defining Unicode char U+00B1 (decimal 177)
   defining Unicode char U+00B2 (decimal 178)
   defining Unicode char U+00B3 (decimal 179)
   defining Unicode char U+00B4 (decimal 180)
   defining Unicode char U+00B5 (decimal 181)
   defining Unicode char U+00B6 (decimal 182)
   defining Unicode char U+00B7 (decimal 183)
   defining Unicode char U+00B9 (decimal 185)
   defining Unicode char U+00BA (decimal 186)
   defining Unicode char U+00BC (decimal 188)
   defining Unicode char U+00BD (decimal 189)
   defining Unicode char U+00BE (decimal 190)
   defining Unicode char U+00D7 (decimal 215)
   defining Unicode char U+00F7 (decimal 247)
   defining Unicode char U+0192 (decimal 402)
   defining Unicode char U+02C7 (decimal 711)
   defining Unicode char U+02D8 (decimal 728)
   defining Unicode char U+02DD (decimal 733)
   defining Unicode char U+0E3F (decimal 3647)
   defining Unicode char U+2016 (decimal 8214)
   defining Unicode char U+2020 (decimal 8224)
   defining Unicode char U+2021 (decimal 8225)
   defining Unicode char U+2022 (decimal 8226)
   defining Unicode char U+2030 (decimal 8240)
   defining Unicode char U+2031 (decimal 8241)
   defining Unicode char U+203B (decimal 8251)
   defining Unicode char U+203D (decimal 8253)
   defining Unicode char U+2044 (decimal 8260)
   defining Unicode char U+204E (decimal 8270)
   defining Unicode char U+2052 (decimal 8274)
   defining Unicode char U+20A1 (decimal 8353)
   defining Unicode char U+20A4 (decimal 8356)
   defining Unicode char U+20A6 (decimal 8358)
   defining Unicode char U+20A9 (decimal 8361)
   defining Unicode char U+20AB (decimal 8363)
   defining Unicode char U+20AC (decimal 8364)
   defining Unicode char U+20B1 (decimal 8369)
   defining Unicode char U+2103 (decimal 8451)
   defining Unicode char U+2116 (decimal 8470)
   defining Unicode char U+2117 (decimal 8471)
   defining Unicode char U+211E (decimal 8478)
   defining Unicode char U+2120 (decimal 8480)
   defining Unicode char U+2122 (decimal 8482)
   defining Unicode char U+2126 (decimal 8486)
   defining Unicode char U+2127 (decimal 8487)
   defining Unicode char U+212E (decimal 8494)
   defining Unicode char U+2190 (decimal 8592)
   defining Unicode char U+2191 (decimal 8593)
   defining Unicode char U+2192 (decimal 8594)
   defining Unicode char U+2193 (decimal 8595)
   defining Unicode char U+2329 (decimal 9001)
   defining Unicode char U+232A (decimal 9002)
   defining Unicode char U+2422 (decimal 9250)
   defining Unicode char U+25E6 (decimal 9702)
   defining Unicode char U+25EF (decimal 9711)
   defining Unicode char U+266A (decimal 9834)
   defining Unicode char U+FEFF (decimal 65279)
))
LaTeX Info: Redefining \oldstylenums on input line 334.
Package textcomp Info: Setting cmr sub-encoding to TS1/0 on input line 349.
Package textcomp Info: Setting cmss sub-encoding to TS1/0 on input line 350.
Package textcomp Info: Setting cmtt sub-encoding to TS1/0 on input line 351.
Package textcomp Info: Setting cmvtt sub-encoding to TS1/0 on input line 352.
Package textcomp Info: Setting cmbr sub-encoding to TS1/0 on input line 353.
Package textcomp Info: Setting cmtl sub-encoding to TS1/0 on input line 354.
Package textcomp Info: Setting ccr sub-encoding to TS1/0 on input line 355.
Package textcomp Info: Setting ptm sub-encoding to TS1/4 on input line 356.
Package textcomp Info: Setting pcr sub-encoding to TS1/4 on input line 357.
Package textcomp Info: Setting phv sub-encoding to TS1/4 on input line 358.
Package textcomp Info: Setting ppl sub-encoding to TS1/3 on input line 359.
Package textcomp Info: Setting pag sub-encoding to TS1/4 on input line 360.
Package textcomp Info: Setting pbk sub-encoding to TS1/4 on input line 361.
Package textcomp Info: Setting pnc sub-encoding to TS1/4 on input line 362.
Package textcomp Info: Setting pzc sub-encoding to TS1/4 on input line 363.
Package textcomp Info: Setting bch sub-encoding to TS1/4 on input line 364.
Package textcomp Info: Setting put sub-encoding to TS1/5 on input line 365.
Package textcomp Info: Setting uag sub-encoding to TS1/5 on input line 366.
Package textcomp Info: Setting ugq sub-encoding to TS1/5 on input line 367.
Package textcomp Info: Setting ul8 sub-encoding to TS1/4 on input line 368.
Package textcomp Info: Setting ul9 sub-encoding to TS1/4 on input line 369.
Package textcomp Info: Setting augie sub-encoding to TS1/5 on input line 370.
Package textcomp Info: Setting dayrom sub-encoding to TS1/3 on input line 371.
Package textcomp Info: Setting dayroms sub-encoding to TS1/3 on input line 372.

Package textcomp Info: Setting pxr sub-encoding to TS1/0 on input line 373.
Package textcomp Info: Setting pxss sub-encoding to TS1/0 on input line 374.
Package textcomp Info: Setting pxtt sub-encoding to TS1/0 on input line 375.
Package textcomp Info: Setting txr sub-encoding to TS1/0 on input line 376.
Package textcomp Info: Setting txss sub-encoding to TS1/0 on input line 377.
Package textcomp Info: Setting txtt sub-encoding to TS1/0 on input line 378.
Package textcomp Info: Setting lmr sub-encoding to TS1/0 on input line 379.
Package textcomp Info: Setting lmdh sub-encoding to TS1/0 on input line 380.
Package textcomp Info: Setting lmss sub-encoding to TS1/0 on input line 381.
Package textcomp Info: Setting lmssq sub-encoding to TS1/0 on input line 382.
Package textcomp Info: Setting lmvtt sub-encoding to TS1/0 on input line 383.
Package textcomp Info: Setting lmtt sub-encoding to TS1/0 on input line 384.
Package textcomp Info: Setting qhv sub-encoding to TS1/0 on input line 385.
Package textcomp Info: Setting qag sub-encoding to TS1/0 on input line 386.
Package textcomp Info: Setting qbk sub-encoding to TS1/0 on input line 387.
Package textcomp Info: Setting qcr sub-encoding to TS1/0 on input line 388.
Package textcomp Info: Setting qcs sub-encoding to TS1/0 on input line 389.
Package textcomp Info: Setting qpl sub-encoding to TS1/0 on input line 390.
Package textcomp Info: Setting qtm sub-encoding to TS1/0 on input line 391.
Package textcomp Info: Setting qzc sub-encoding to TS1/0 on input line 392.
Package textcomp Info: Setting qhvc sub-encoding to TS1/0 on input line 393.
Package textcomp Info: Setting futs sub-encoding to TS1/4 on input line 394.
Package textcomp Info: Setting futx sub-encoding to TS1/4 on input line 395.
Package textcomp Info: Setting futj sub-encoding to TS1/4 on input line 396.
Package textcomp Info: Setting hlh sub-encoding to TS1/3 on input line 397.
Package textcomp Info: Setting hls sub-encoding to TS1/3 on input line 398.
Package textcomp Info: Setting hlst sub-encoding to TS1/3 on input line 399.
Package textcomp Info: Setting hlct sub-encoding to TS1/5 on input line 400.
Package textcomp Info: Setting hlx sub-encoding to TS1/5 on input line 401.
Package textcomp Info: Setting hlce sub-encoding to TS1/5 on input line 402.
Package textcomp Info: Setting hlcn sub-encoding to TS1/5 on input line 403.
Package textcomp Info: Setting hlcw sub-encoding to TS1/5 on input line 404.
Package textcomp Info: Setting hlcf sub-encoding to TS1/5 on input line 405.
Package textcomp Info: Setting pplx sub-encoding to TS1/3 on input line 406.
Package textcomp Info: Setting pplj sub-encoding to TS1/3 on input line 407.
Package textcomp Info: Setting ptmx sub-encoding to TS1/4 on input line 408.
Package textcomp Info: Setting ptmj sub-encoding to TS1/4 on input line 409.
) ("C:\Users\fengh\AppData\Local\Programs\MiKTeX 2.9\tex/latex/xcolor\xcolor.st
y"
Package: xcolor 2016/05/11 v2.12 LaTeX color extensions (UK)

("C:\Users\fengh\AppData\Local\Programs\MiKTeX 2.9\tex/latex/graphics-cfg\color
.cfg"
File: color.cfg 2016/01/02 v1.6 sample color configuration
)
Package xcolor Info: Driver file: pdftex.def on input line 225.
Package xcolor Info: Model `cmy' substituted by `cmy0' on input line 1348.
Package xcolor Info: Model `hsb' substituted by `rgb' on input line 1352.
Package xcolor Info: Model `RGB' extended on input line 1364.
Package xcolor Info: Model `HTML' substituted by `rgb' on input line 1366.
Package xcolor Info: Model `Hsb' substituted by `hsb' on input line 1367.
Package xcolor Info: Model `tHsb' substituted by `hsb' on input line 1368.
Package xcolor Info: Model `HSB' substituted by `hsb' on input line 1369.
Package xcolor Info: Model `Gray' substituted by `gray' on input line 1370.
Package xcolor Info: Model `wave' substituted by `hsb' on input line 1371.
) (conference_101719.aux

LaTeX Warning: Label `nao_body' multiply defined.


LaTeX Warning: Label `griper' multiply defined.


LaTeX Warning: Label `module' multiply defined.


LaTeX Warning: Label `stft' multiply defined.

)
\openout1 = `conference_101719.aux'.

LaTeX Font Info:    Checking defaults for OML/cmm/m/it on input line 14.
LaTeX Font Info:    ... okay on input line 14.
LaTeX Font Info:    Checking defaults for T1/cmr/m/n on input line 14.
LaTeX Font Info:    ... okay on input line 14.
LaTeX Font Info:    Checking defaults for OT1/cmr/m/n on input line 14.
LaTeX Font Info:    ... okay on input line 14.
LaTeX Font Info:    Checking defaults for OMS/cmsy/m/n on input line 14.
LaTeX Font Info:    ... okay on input line 14.
LaTeX Font Info:    Checking defaults for OMX/cmex/m/n on input line 14.
LaTeX Font Info:    ... okay on input line 14.
LaTeX Font Info:    Checking defaults for U/cmr/m/n on input line 14.
LaTeX Font Info:    ... okay on input line 14.
LaTeX Font Info:    Checking defaults for TS1/cmr/m/n on input line 14.
LaTeX Font Info:    Try loading font information for TS1+cmr on input line 14.
 ("C:\Users\fengh\AppData\Local\Programs\MiKTeX 2.9\tex/latex/base\ts1cmr.fd"
File: ts1cmr.fd 2014/09/29 v2.5h Standard LaTeX font definitions
)
LaTeX Font Info:    ... okay on input line 14.
-- Lines per column: 56 (exact).

("C:\Users\fengh\AppData\Local\Programs\MiKTeX 2.9\tex/context/base/mkii\supp-p
df.mkii"
[Loading MPS to PDF converter (version 2006.09.02).]
\scratchcounter=\count111
\scratchdimen=\dimen139
\scratchbox=\box31
\nofMPsegments=\count112
\nofMParguments=\count113
\everyMPshowfont=\toks21
\MPscratchCnt=\count114
\MPscratchDim=\dimen140
\MPnumerator=\count115
\makeMPintoPDFobject=\count116
\everyMPtoPDFconversion=\toks22
)
("C:\Users\fengh\AppData\Local\Programs\MiKTeX 2.9\tex/latex/oberdiek\epstopdf-
base.sty"
Package: epstopdf-base 2016/05/15 v2.6 Base part for package epstopdf

("C:\Users\fengh\AppData\Local\Programs\MiKTeX 2.9\tex/generic/oberdiek\infware
rr.sty"
Package: infwarerr 2016/05/16 v1.4 Providing info/warning/error messages (HO)
)
("C:\Users\fengh\AppData\Local\Programs\MiKTeX 2.9\tex/latex/oberdiek\grfext.st
y"
Package: grfext 2016/05/16 v1.2 Manage graphics extensions (HO)

("C:\Users\fengh\AppData\Local\Programs\MiKTeX 2.9\tex/generic/oberdiek\kvdefin
ekeys.sty"
Package: kvdefinekeys 2016/05/16 v1.4 Define keys (HO)

("C:\Users\fengh\AppData\Local\Programs\MiKTeX 2.9\tex/generic/oberdiek\ltxcmds
.sty"
Package: ltxcmds 2016/05/16 v1.23 LaTeX kernel commands for general use (HO)
)))
("C:\Users\fengh\AppData\Local\Programs\MiKTeX 2.9\tex/latex/oberdiek\kvoptions
.sty"
Package: kvoptions 2016/05/16 v3.12 Key value format for package options (HO)

("C:\Users\fengh\AppData\Local\Programs\MiKTeX 2.9\tex/generic/oberdiek\kvsetke
ys.sty"
Package: kvsetkeys 2016/05/16 v1.17 Key value parser (HO)

("C:\Users\fengh\AppData\Local\Programs\MiKTeX 2.9\tex/generic/oberdiek\etexcmd
s.sty"
Package: etexcmds 2016/05/16 v1.6 Avoid name clashes with e-TeX commands (HO)

("C:\Users\fengh\AppData\Local\Programs\MiKTeX 2.9\tex/generic/oberdiek\ifluate
x.sty"
Package: ifluatex 2016/05/16 v1.4 Provides the ifluatex switch (HO)
Package ifluatex Info: LuaTeX not detected.
))))
("C:\Users\fengh\AppData\Local\Programs\MiKTeX 2.9\tex/generic/oberdiek\pdftexc
mds.sty"
Package: pdftexcmds 2019/07/25 v0.30 Utility functions of pdfTeX for LuaTeX (HO
)

("C:\Users\fengh\AppData\Local\Programs\MiKTeX 2.9\tex/generic/oberdiek\ifpdf.s
ty"
Package: ifpdf 2018/09/07 v3.3 Provides the ifpdf switch
)
Package pdftexcmds Info: LuaTeX not detected.
Package pdftexcmds Info: \pdf@primitive is available.
Package pdftexcmds Info: \pdf@ifprimitive is available.
Package pdftexcmds Info: \pdfdraftmode found.
)
Package epstopdf-base Info: Redefining graphics rule for `.eps' on input line 4
38.
Package grfext Info: Graphics extension search list:
(grfext)             [.pdf,.png,.jpg,.mps,.jpeg,.jbig2,.jb2,.PDF,.PNG,.JPG,.JPE
G,.JBIG2,.JB2,.eps]
(grfext)             \AppendGraphicsExtensions on input line 456.
)
LaTeX Font Info:    Try loading font information for U+msa on input line 36.

("C:\Users\fengh\AppData\Local\Programs\MiKTeX 2.9\tex/latex/amsfonts\umsa.fd"
File: umsa.fd 2013/01/14 v3.01 AMS symbols A
)
LaTeX Font Info:    Try loading font information for U+msb on input line 36.
("C:\Users\fengh\AppData\Local\Programs\MiKTeX 2.9\tex/latex/amsfonts\umsb.fd"
File: umsb.fd 2013/01/14 v3.01 AMS symbols B
)
LaTeX Font Info:    Calculating math sizes for size <11> on input line 36.

LaTeX Warning: Citation `Epidemiology1966' on page 1 undefined on input line 65
.


LaTeX Warning: Citation `LogicScien1959' on page 1 undefined on input line 72.


LaTeX Warning: Citation `InfantileAutism1975' on page 1 undefined on input line
 77.


Underfull \hbox (badness 2772) in paragraph at lines 59--78
[]\OT1/ptm/m/n/10 Individuals with autism spec-trum dis-or-der ex-pe-ri-ence
 []


Underfull \hbox (badness 6675) in paragraph at lines 59--78
\OT1/ptm/m/n/10 at-ten-tion. Of-ten-times, in-di-vid-u-als with high-functionin
g
 []


Underfull \hbox (badness 1546) in paragraph at lines 59--78
\OT1/ptm/m/n/10 de-lay, (2) dif-fi-culty in hav-ing em-pa-thy with their peer
 []


Underfull \hbox (badness 10000) in paragraph at lines 59--78

 []


LaTeX Warning: Citation `InfantileAutism1975' on page 1 undefined on input line
 92.


Underfull \hbox (badness 2772) in paragraph at lines 82--93
[]\OT1/ptm/m/n/10 Individuals with autism spec-trum dis-or-der ex-pe-ri-ence
 []


Underfull \hbox (badness 6675) in paragraph at lines 82--93
\OT1/ptm/m/n/10 at-ten-tion. Of-ten-times, in-di-vid-u-als with high-functionin
g
 []


Underfull \hbox (badness 1546) in paragraph at lines 82--93
\OT1/ptm/m/n/10 de-lay, (2) dif-fi-culty in hav-ing em-pa-thy with their peer
 []


Underfull \hbox (badness 10000) in paragraph at lines 82--93

 []


LaTeX Warning: Citation `BehaviorlaStudy1964' on page 1 undefined on input line
 97.


LaTeX Warning: Citation `RoboticMovement' on page 1 undefined on input line 98.



LaTeX Warning: Citation `EnhanceEmpiri2011' on page 1 undefined on input line 1
00.


LaTeX Warning: Citation `DOMER2011' on page 1 undefined on input line 103.


LaTeX Warning: Citation `DefineSocial2005' on page 1 undefined on input line 10
6.


LaTeX Warning: Citation `SocialInteract2003' on page 1 undefined on input line 
107.


Underfull \hbox (badness 1418) in paragraph at lines 94--109
[]\OT1/ptm/m/n/10 Turn-taking is a type of or-ga-ni-za-tion in con-ver-sa-tion
 []


Underfull \hbox (badness 2582) in paragraph at lines 94--109
\OT1/ptm/m/n/10 al-ter-nat-ing turns. In prac-tice, it in-volves pro-cesses for

 []


Underfull \hbox (badness 10000) in paragraph at lines 94--109

 []

[1{C:/Users/fengh/AppData/Local/MiKTeX/2.9/pdftex/config/pdftex.map}


]

LaTeX Warning: Citation `BehaviorlaStudy1964' on page 2 undefined on input line
 112.


LaTeX Warning: Citation `DOMER2011' on page 2 undefined on input line 117.


Underfull \hbox (badness 2932) in paragraph at lines 110--120
\OT1/ptm/m/n/10 field, re-search ques-tions have his-tor-i-cally been de-fined
 []


Underfull \hbox (badness 3009) in paragraph at lines 110--120
\OT1/ptm/m/n/10 as ei-ther phys-i-o-log-i-cal or psy-cho-log-i-cal, de-pend-ing
 on
 []


Underfull \hbox (badness 10000) in paragraph at lines 110--120

 []


Underfull \hbox (badness 5105) in paragraph at lines 125--144
\OT1/ptm/m/n/10 chal-leng-ing prob-lem with in-ter-est-ing ap-pli-ca-tions such

 []


Underfull \hbox (badness 2735) in paragraph at lines 125--144
\OT1/ptm/m/n/10 ac-tiv-ity (EDA) sig-nals. The time-frequency anal-y-sis of
 []


Underfull \hbox (badness 1852) in paragraph at lines 125--144
\OT1/ptm/m/n/10 is per-formed con-sid-er-ing the syn-chronic-ity be-tween the
 []


Underfull \hbox (badness 1365) in paragraph at lines 125--144
\OT1/ptm/m/n/10 (SVM) clas-si-fier. The quan-ti-ta-tive re-sults show that the
 []


Underfull \hbox (badness 3701) in paragraph at lines 125--144
\OT1/ptm/m/n/10 emo-tion clas-si-fi-ca-tion per-for-mance re-mark-ably im-prove
s
 []


Underfull \hbox (badness 10000) in paragraph at lines 125--144

 []


LaTeX Warning: Citation `WearableDevice2016' on page 2 undefined on input line 
147.


LaTeX Warning: Citation `AssociationBetween2013' on page 2 undefined on input l
ine 147.


LaTeX Warning: Citation `SympatheticSkin1984' on page 2 undefined on input line
 147.


LaTeX Warning: Citation `PrincipalComponent2000' on page 2 undefined on input l
ine 147.


LaTeX Warning: Citation `SkinConduct2006' on page 2 undefined on input line 149
.


LaTeX Warning: Citation `SympatheticSkin1981' on page 2 undefined on input line
 149.


LaTeX Warning: Citation `DecodeChild2013' on page 2 undefined on input line 149
.


LaTeX Warning: Citation `Validation2013' on page 2 undefined on input line 152.



LaTeX Warning: Citation `DecodeChild2013' on page 2 undefined on input line 155
.


Underfull \hbox (badness 1852) in paragraph at lines 145--156
\OT1/ptm/m/n/10 elec-tro-phys-i-o-log-i-cal method for in-ves-ti-gat-ing sym-pa
-thetic
 []


Underfull \hbox (badness 10000) in paragraph at lines 145--156

 []


LaTeX Warning: Citation `EmotionalState2013' on page 2 undefined on input line 
158.


LaTeX Warning: Citation `EMGGSR2009' on page 2 undefined on input line 158.


LaTeX Warning: Citation `EmotionalState2013' on page 2 undefined on input line 
160.


LaTeX Warning: Citation `EDA2016' on page 2 undefined on input line 163.


Underfull \hbox (badness 1472) in paragraph at lines 157--168
\OT1/ptm/m/n/10 based anal-y-sis of EDA sig-nals has been con-sid-ered in
 []


Underfull \hbox (badness 10000) in paragraph at lines 157--168

 []


Underfull \hbox (badness 10000) in paragraph at lines 169--173

 []


LaTeX Warning: Citation `WearableDevice2016' on page 2 undefined on input line 
174.


Underfull \hbox (badness 10000) in paragraph at lines 174--181

 []


LaTeX Warning: Citation `EmotionInten2014' on page 2 undefined on input line 18
3.


LaTeX Warning: Citation `EmotionResp2013' on page 2 undefined on input line 183
.


LaTeX Warning: Citation `ElectAct2000' on page 2 undefined on input line 183.


LaTeX Warning: Citation `HeteroKnow2016' on page 2 undefined on input line 183.



LaTeX Warning: Citation `ElectAct2000' on page 2 undefined on input line 186.


LaTeX Warning: Citation `EmotionInten2014' on page 2 undefined on input line 19
0.


Underfull \hbox (badness 10000) in paragraph at lines 182--193

 []


LaTeX Warning: Citation `SupportVector1995' on page 2 undefined on input line 1
95.


LaTeX Warning: Citation `Taxonomy2011' on page 2 undefined on input line 203.


LaTeX Warning: Citation `EmotionClassifi2014' on page 2 undefined on input line
 203.


LaTeX Warning: Citation `FeatureSelection2006' on page 2 undefined on input lin
e 205.


Underfull \hbox (badness 2875) in paragraph at lines 194--210
\OT1/ptm/m/n/10 to sep-a-rate dataset by draw-ing an op-ti-mal hy-per-plane
 []


Underfull \hbox (badness 4353) in paragraph at lines 194--210
\OT1/ptm/m/n/10 clas-si-fi-ca-tion pur-poses. For in-stance, in sev-eral works
 []


Underfull \hbox (badness 1442) in paragraph at lines 194--210
\OT1/ptm/m/n/10 bio-signals such as ECG, skin tem-per-a-ture (SKT), HR,
 []


Underfull \hbox (badness 10000) in paragraph at lines 194--210

 []

[2]

LaTeX Warning: Citation `EmotionResp2013' on page 3 undefined on input line 211
.


LaTeX Warning: Citation `SlowEcho2009' on page 3 undefined on input line 211.


LaTeX Warning: Reference `SCM' on page 3 undefined on input line 221.


Underfull \hbox (badness 10000) in paragraph at lines 229--235

 []


Underfull \hbox (badness 10000) in paragraph at lines 237--250

 []


Underfull \hbox (badness 10000) in paragraph at lines 237--250

 []

Package epstopdf Info: Source file: <./fig/naobody.eps>
(epstopdf)                    date: 2019-08-31 23:33:37
(epstopdf)                    size: 1573504 bytes
(epstopdf)             Output file: <./fig/naobody-eps-converted-to.pdf>
(epstopdf)                    date: 2019-08-31 23:33:37
(epstopdf)                    size: 37386 bytes
(epstopdf)             Command: <epstopdf --outfile=./fig/naobody-eps-converted
-to.pdf ./fig/naobody.eps>
(epstopdf)             \includegraphics on input line 254.
Package epstopdf Info: Output file is already uptodate.


pdfTeX warning: pdflatex.exe (file ./fig/naobody-eps-converted-to.pdf): PDF inc
lusion: found PDF version <1.7>, but at most version <1.5> allowed
<./fig/naobody-eps-converted-to.pdf, id=12, 524.96124pt x 488.82625pt>
File: ./fig/naobody-eps-converted-to.pdf Graphic file (type pdf)
<use ./fig/naobody-eps-converted-to.pdf>
Package pdftex.def Info: ./fig/naobody-eps-converted-to.pdf  used on input line
 254.
(pdftex.def)             Requested size: 209.98077pt x 195.52702pt.

Underfull \hbox (badness 10000) in paragraph at lines 260--275

 []


Underfull \hbox (badness 10000) in paragraph at lines 276--282

 []


Underfull \hbox (badness 10000) in paragraph at lines 285--288

 []


Underfull \hbox (badness 10000) in paragraph at lines 290--298

 []

[3 <./fig/naobody-eps-converted-to.pdf>]
Underfull \hbox (badness 10000) in paragraph at lines 300--303

 []


Underfull \hbox (badness 10000) in paragraph at lines 305--308

 []

Package epstopdf Info: Source file: <./fig/grip.eps>
(epstopdf)                    date: 2019-08-31 23:33:37
(epstopdf)                    size: 1069495 bytes
(epstopdf)             Output file: <./fig/grip-eps-converted-to.pdf>
(epstopdf)                    date: 2019-08-31 23:33:37
(epstopdf)                    size: 12905 bytes
(epstopdf)             Command: <epstopdf --outfile=./fig/grip-eps-converted-to
.pdf ./fig/grip.eps>
(epstopdf)             \includegraphics on input line 312.
Package epstopdf Info: Output file is already uptodate.


pdfTeX warning: pdflatex.exe (file ./fig/grip-eps-converted-to.pdf): PDF inclus
ion: found PDF version <1.7>, but at most version <1.5> allowed
<./fig/grip-eps-converted-to.pdf, id=19, 481.8pt x 361.35pt>
File: ./fig/grip-eps-converted-to.pdf Graphic file (type pdf)
<use ./fig/grip-eps-converted-to.pdf>
Package pdftex.def Info: ./fig/grip-eps-converted-to.pdf  used on input line 31
2.
(pdftex.def)             Requested size: 192.71658pt x 144.53743pt.

Underfull \hbox (badness 10000) in paragraph at lines 319--322

 []

Package epstopdf Info: Source file: <./fig/front_view.eps>
(epstopdf)                    date: 2019-08-31 23:33:37
(epstopdf)                    size: 1069501 bytes
(epstopdf)             Output file: <./fig/front_view-eps-converted-to.pdf>
(epstopdf)                    date: 2019-08-31 23:33:37
(epstopdf)                    size: 16843 bytes
(epstopdf)             Command: <epstopdf --outfile=./fig/front_view-eps-conver
ted-to.pdf ./fig/front_view.eps>
(epstopdf)             \includegraphics on input line 326.
Package epstopdf Info: Output file is already uptodate.


pdfTeX warning: pdflatex.exe (file ./fig/front_view-eps-converted-to.pdf): PDF 
inclusion: found PDF version <1.7>, but at most version <1.5> allowed
<./fig/front_view-eps-converted-to.pdf, id=20, 481.8pt x 361.35pt>
File: ./fig/front_view-eps-converted-to.pdf Graphic file (type pdf)
<use ./fig/front_view-eps-converted-to.pdf>
Package pdftex.def Info: ./fig/front_view-eps-converted-to.pdf  used on input l
ine 326.
(pdftex.def)             Requested size: 192.71658pt x 144.53743pt.

Underfull \hbox (badness 10000) in paragraph at lines 334--338

 []

Package epstopdf Info: Source file: <./fig/module_blocks.eps>
(epstopdf)                    date: 2019-08-31 23:33:37
(epstopdf)                    size: 2061658 bytes
(epstopdf)             Output file: <./fig/module_blocks-eps-converted-to.pdf>
(epstopdf)                    date: 2019-08-31 23:33:37
(epstopdf)                    size: 33151 bytes
(epstopdf)             Command: <epstopdf --outfile=./fig/module_blocks-eps-con
verted-to.pdf ./fig/module_blocks.eps>
(epstopdf)             \includegraphics on input line 342.
Package epstopdf Info: Output file is already uptodate.


pdfTeX warning: pdflatex.exe (file ./fig/module_blocks-eps-converted-to.pdf): P
DF inclusion: found PDF version <1.7>, but at most version <1.5> allowed
<./fig/module_blocks-eps-converted-to.pdf, id=21, 777.90625pt x 432.61626pt>
File: ./fig/module_blocks-eps-converted-to.pdf Graphic file (type pdf)
<use ./fig/module_blocks-eps-converted-to.pdf>
Package pdftex.def Info: ./fig/module_blocks-eps-converted-to.pdf  used on inpu
t line 342.
(pdftex.def)             Requested size: 233.37367pt x 129.78587pt.

Underfull \hbox (badness 10000) in paragraph at lines 349--355

 []

Package epstopdf Info: Source file: <./fig/color_detection.eps>
(epstopdf)                    date: 2019-08-31 23:33:37
(epstopdf)                    size: 753666 bytes
(epstopdf)             Output file: <./fig/color_detection-eps-converted-to.pdf
>
(epstopdf)                    date: 2019-08-31 23:33:37
(epstopdf)                    size: 17317 bytes
(epstopdf)             Command: <epstopdf --outfile=./fig/color_detection-eps-c
onverted-to.pdf ./fig/color_detection.eps>
(epstopdf)             \includegraphics on input line 370.
Package epstopdf Info: Output file is already uptodate.


pdfTeX warning: pdflatex.exe (file ./fig/color_detection-eps-converted-to.pdf):
 PDF inclusion: found PDF version <1.7>, but at most version <1.5> allowed
<./fig/color_detection-eps-converted-to.pdf, id=22, 638.385pt x 191.71625pt>
File: ./fig/color_detection-eps-converted-to.pdf Graphic file (type pdf)
<use ./fig/color_detection-eps-converted-to.pdf>
Package pdftex.def Info: ./fig/color_detection-eps-converted-to.pdf  used on in
put line 370.
(pdftex.def)             Requested size: 223.43808pt x 67.10168pt.

Underfull \hbox (badness 10000) in paragraph at lines 379--386

 []


Underfull \vbox (badness 6268) has occurred while \output is active []

 [4 <./fig/grip-eps-converted-to.pdf> <./fig/front_view-eps-converted-to.pdf> <
./fig/module_blocks-eps-converted-to.pdf>]
Underfull \hbox (badness 10000) in paragraph at lines 388--392

 []


Underfull \hbox (badness 10000) in paragraph at lines 395--400

 []


Underfull \hbox (badness 10000) in paragraph at lines 401--413

 []


Underfull \hbox (badness 10000) in paragraph at lines 414--416

 []


Underfull \hbox (badness 10000) in paragraph at lines 417--423

 []


Underfull \hbox (badness 10000) in paragraph at lines 424--425

 []


Underfull \hbox (badness 10000) in paragraph at lines 426--430

 []

Package epstopdf Info: Source file: <./fig/stft.eps>
(epstopdf)                    date: 2019-08-31 23:33:37
(epstopdf)                    size: 1888707 bytes
(epstopdf)             Output file: <./fig/stft-eps-converted-to.pdf>
(epstopdf)                    date: 2019-08-31 23:33:37
(epstopdf)                    size: 29334 bytes
(epstopdf)             Command: <epstopdf --outfile=./fig/stft-eps-converted-to
.pdf ./fig/stft.eps>
(epstopdf)             \includegraphics on input line 434.
Package epstopdf Info: Output file is already uptodate.


pdfTeX warning: pdflatex.exe (file ./fig/stft-eps-converted-to.pdf): PDF inclus
ion: found PDF version <1.7>, but at most version <1.5> allowed
<./fig/stft-eps-converted-to.pdf, id=35, 252.945pt x 188.705pt>
File: ./fig/stft-eps-converted-to.pdf Graphic file (type pdf)
<use ./fig/stft-eps-converted-to.pdf>
Package pdftex.def Info: ./fig/stft-eps-converted-to.pdf  used on input line 43
4.
(pdftex.def)             Requested size: 252.94438pt x 188.70453pt.

Overfull \hbox (12.94438pt too wide) in paragraph at lines 433--436
 [] 
 []


Underfull \hbox (badness 10000) in paragraph at lines 441--444

 []


Underfull \hbox (badness 3525) in paragraph at lines 445--449
[]\OT1/ptm/m/n/10 In our case, the Lev-en-shtein dis-tance be-tween two
 []


Underfull \hbox (badness 10000) in paragraph at lines 445--449

 []


Underfull \hbox (badness 10000) in paragraph at lines 450--452

 []


Underfull \hbox (badness 10000) in paragraph at lines 450--452

 []

[5 <./fig/color_detection-eps-converted-to.pdf> <./fig/stft-eps-converted-to.pd
f>]

LaTeX Warning: Reference `LD' on page 6 undefined on input line 460.


Underfull \hbox (badness 10000) in paragraph at lines 458--462

 []


Underfull \hbox (badness 10000) in paragraph at lines 463--465

 []


Underfull \hbox (badness 10000) in paragraph at lines 466--467

 []


Underfull \hbox (badness 10000) in paragraph at lines 468--472

 []

<fig1.png, id=53, 82.1469pt x 71.5473pt>
File: fig1.png Graphic file (type png)
<use fig1.png>
Package pdftex.def Info: fig1.png  used on input line 595.
(pdftex.def)             Requested size: 82.14668pt x 71.5471pt.
LaTeX Font Info:    Try loading font information for OMS+ptm on input line 606.

("C:\Users\fengh\AppData\Local\Programs\MiKTeX 2.9\tex/latex/psnfss\omsptm.fd"
File: omsptm.fd 
)
LaTeX Font Info:    Font shape `OMS/ptm/m/n' in size <10> not available
(Font)              Font shape `OMS/cmsy/m/n' tried instead on input line 606.

** Conference Paper **
Before submitting the final camera ready copy, remember to:

 1. Manually equalize the lengths of two columns on the last page
 of your paper;

 2. Ensure that any PostScript and/or PDF output post-processing
 uses only Type 1 fonts and that every step in the generation
 process uses the appropriate paper size.

[6 <./fig1.png (PNG copy)>] (conference_101719.aux)

LaTeX Warning: There were undefined references.


LaTeX Warning: There were multiply-defined labels.

 ) 
Here is how much of TeX's memory you used:
 4552 strings out of 492895
 68139 string characters out of 3123735
 140606 words of memory out of 3000000
 8380 multiletter control sequences out of 15000+200000
 51471 words of font info for 109 fonts, out of 3000000 for 9000
 1141 hyphenation exceptions out of 8191
 41i,18n,35p,577b,327s stack positions out of 5000i,500n,10000p,200000b,50000s
{C:/Users/fengh/AppData/Local/Programs/MiKTeX 2.9/fonts/enc/dvips/base/8r.enc
}<C:/Users/fengh/AppData/Local/Programs/MiKTeX 2.9/fonts/type1/public/amsfonts/
cm/cmex10.pfb><C:/Users/fengh/AppData/Local/Programs/MiKTeX 2.9/fonts/type1/pub
lic/amsfonts/cm/cmmi10.pfb><C:/Users/fengh/AppData/Local/Programs/MiKTeX 2.9/fo
nts/type1/public/amsfonts/cm/cmmi5.pfb><C:/Users/fengh/AppData/Local/Programs/M
iKTeX 2.9/fonts/type1/public/amsfonts/cm/cmmi7.pfb><C:/Users/fengh/AppData/Loca
l/Programs/MiKTeX 2.9/fonts/type1/public/amsfonts/cm/cmr10.pfb><C:/Users/fengh/
AppData/Local/Programs/MiKTeX 2.9/fonts/type1/public/amsfonts/cm/cmr6.pfb><C:/U
sers/fengh/AppData/Local/Programs/MiKTeX 2.9/fonts/type1/public/amsfonts/cm/cmr
7.pfb><C:/Users/fengh/AppData/Local/Programs/MiKTeX 2.9/fonts/type1/public/amsf
onts/cm/cmsy10.pfb><C:/Users/fengh/AppData/Local/Programs/MiKTeX 2.9/fonts/type
1/public/amsfonts/cm/cmsy7.pfb><C:/Users/fengh/AppData/Local/Programs/MiKTeX 2.
9/fonts/type1/urw/times/utmb8a.pfb><C:/Users/fengh/AppData/Local/Programs/MiKTe
X 2.9/fonts/type1/urw/times/utmbi8a.pfb><C:/Users/fengh/AppData/Local/Programs/
MiKTeX 2.9/fonts/type1/urw/times/utmr8a.pfb><C:/Users/fengh/AppData/Local/Progr
ams/MiKTeX 2.9/fonts/type1/urw/times/utmri8a.pfb>
Output written on conference_101719.pdf (6 pages, 314240 bytes).
PDF statistics:
 99 PDF objects out of 1000 (max. 8388607)
 0 named destinations out of 1000 (max. 500000)
 36 words of extra memory for PDF output out of 10000 (max. 10000000)

